#
# There is insufficient memory for the Java Runtime Environment to continue.
# Native memory allocation (malloc) failed to allocate 116816 bytes. Error detail: Chunk::new
# Possible reasons:
#   The system is out of physical RAM or swap space
#   This process is running with CompressedOops enabled, and the Java Heap may be blocking the growth of the native heap
# Possible solutions:
#   Reduce memory load on the system
#   Increase physical memory or swap space
#   Check if swap backing store is full
#   Decrease Java heap size (-Xmx/-Xms)
#   Decrease number of Java threads
#   Decrease Java thread stack sizes (-Xss)
#   Set larger code cache with -XX:ReservedCodeCacheSize=
#   JVM is running with Unscaled Compressed Oops mode in which the Java heap is
#     placed in the first 4GB address space. The Java Heap base address is the
#     maximum limit for the native heap growth. Please use -XX:HeapBaseMinAddress
#     to set the Java Heap base and to place the Java Heap above 4GB virtual address.
# This output file may be truncated or incomplete.
#
#  Out of Memory Error (arena.cpp:191), pid=9344, tid=6860
#
# JRE version: OpenJDK Runtime Environment Temurin-17.0.11+9 (17.0.11+9) (build 17.0.11+9)
# Java VM: OpenJDK 64-Bit Server VM Temurin-17.0.11+9 (17.0.11+9, mixed mode, tiered, compressed oops, compressed class ptrs, parallel gc, windows-amd64)
# No core dump will be written. Minidumps are not enabled by default on client versions of Windows
#

---------------  S U M M A R Y ------------

Command Line: --add-modules=ALL-SYSTEM --add-opens=java.base/java.util=ALL-UNNAMED --add-opens=java.base/java.lang=ALL-UNNAMED --add-opens=java.base/sun.nio.fs=ALL-UNNAMED -Declipse.application=org.eclipse.jdt.ls.core.id1 -Dosgi.bundles.defaultStartLevel=4 -Declipse.product=org.eclipse.jdt.ls.core.product -Djava.import.generatesMetadataFilesAtProjectRoot=false -DDetectVMInstallationsJob.disabled=true -Dfile.encoding=utf8 -XX:+UseParallelGC -XX:GCTimeRatio=4 -XX:AdaptiveSizePolicyWeight=90 -Dsun.zip.disableMemoryMapping=true -Xmx1G -Xms100m -Xlog:disable -javaagent:c:\Users\Sravi\.vscode\extensions\redhat.java-1.31.0-win32-x64\lombok\lombok-1.18.32.jar -XX:+HeapDumpOnOutOfMemoryError -XX:HeapDumpPath=c:\Users\Sravi\AppData\Roaming\Code\User\workspaceStorage\b9614c74609065811dfd08b1a0ed215d\redhat.java -Daether.dependencyCollector.impl=bf c:\Users\Sravi\.vscode\extensions\redhat.java-1.31.0-win32-x64\server\plugins\org.eclipse.equinox.launcher_1.6.800.v20240513-1750.jar -configuration c:\Users\Sravi\AppData\Roaming\Code\User\globalStorage\redhat.java\1.31.0\config_win -data c:\Users\Sravi\AppData\Roaming\Code\User\workspaceStorage\b9614c74609065811dfd08b1a0ed215d\redhat.java\jdt_ws --pipe=\\.\pipe\lsp-1a1aa54fcb730144e87190d4518f4254-sock

Host: AMD Ryzen 5 5600H with Radeon Graphics         , 12 cores, 7G,  Windows 11 , 64 bit Build 22621 (10.0.22621.3527)
Time: Tue Jun  4 15:04:15 2024 India Standard Time elapsed time: 30.709815 seconds (0d 0h 0m 30s)

---------------  T H R E A D  ---------------

Current thread (0x0000017f79727370):  JavaThread "C2 CompilerThread0" daemon [_thread_in_native, id=6860, stack(0x00000022bee00000,0x00000022bef00000)]


Current CompileTask:
C2:  30709 8503   !   4       java.util.regex.Pattern::RemoveQEQuoting (370 bytes)

Stack: [0x00000022bee00000,0x00000022bef00000]
Native frames: (J=compiled Java code, j=interpreted, Vv=VM code, C=native code)
V  [jvm.dll+0x67d429]
V  [jvm.dll+0x834b7a]
V  [jvm.dll+0x83663e]
V  [jvm.dll+0x836ca3]
V  [jvm.dll+0x247dbf]
V  [jvm.dll+0xac534]
V  [jvm.dll+0xacb7c]
V  [jvm.dll+0x2af2cf]
V  [jvm.dll+0x5848b7]
V  [jvm.dll+0x222d82]
V  [jvm.dll+0x21c090]
V  [jvm.dll+0x2197a1]
V  [jvm.dll+0x1a534d]
V  [jvm.dll+0x2295cd]
V  [jvm.dll+0x22779c]
V  [jvm.dll+0x7e9d07]
V  [jvm.dll+0x7e410a]
V  [jvm.dll+0x67c315]
C  [ucrtbase.dll+0x29333]
C  [KERNEL32.DLL+0x1257d]
C  [ntdll.dll+0x5aa48]


---------------  P R O C E S S  ---------------

Threads class SMR info:
_java_thread_list=0x0000017f1021c8e0, length=58, elements={
0x0000017f6f741750, 0x0000017f745c3020, 0x0000017f745c41c0, 0x0000017f745cdfa0,
0x0000017f745ce870, 0x0000017f7971f8e0, 0x0000017f79721ac0, 0x0000017f79727370,
0x0000017f7972e050, 0x0000017f7972e570, 0x0000017f7981e440, 0x0000017f79a0a640,
0x0000017f7b8f62f0, 0x0000017f7b8e5a70, 0x0000017f7b7f7910, 0x0000017f7bfd9110,
0x0000017f7c05cc70, 0x0000017f7bc42fa0, 0x0000017f7bc42580, 0x0000017f7bc443e0,
0x0000017f7bc45820, 0x0000017f7bc44e00, 0x0000017f7bc42070, 0x0000017f7bc42a90,
0x0000017f7bc45310, 0x0000017f7c3a92e0, 0x0000017f7c3a9d00, 0x0000017f7c3a41e0,
0x0000017f7c3a83b0, 0x0000017f7c3aa210, 0x0000017f7c3a6a60, 0x0000017f7c3aa720,
0x0000017f7c3a6f70, 0x0000017f7c3a46f0, 0x0000017f7c3a7480, 0x0000017f7c3a88c0,
0x0000017f7c3a7990, 0x0000017f7c3a5620, 0x0000017f7c3a32b0, 0x0000017f7c3a3cd0,
0x0000017f7c3a4c00, 0x0000017f7c3a5b30, 0x0000017f7c3a37c0, 0x0000017f7faf4960,
0x0000017f7faf62b0, 0x0000017f7faf67c0, 0x0000017f7fafa990, 0x0000017f7faf71e0,
0x0000017f7fafb3b0, 0x0000017f7faf6cd0, 0x0000017f7faf5890, 0x0000017f7faf5da0,
0x0000017f7faf7c00, 0x0000017f7faf8620, 0x0000017f7fafb8c0, 0x0000017f7c3a6550,
0x0000017f7e58d900, 0x0000017f7e58b3d0
}

Java Threads: ( => current thread )
  0x0000017f6f741750 JavaThread "main" [_thread_blocked, id=4404, stack(0x00000022be500000,0x00000022be600000)]
  0x0000017f745c3020 JavaThread "Reference Handler" daemon [_thread_blocked, id=3024, stack(0x00000022be800000,0x00000022be900000)]
  0x0000017f745c41c0 JavaThread "Finalizer" daemon [_thread_blocked, id=3760, stack(0x00000022be900000,0x00000022bea00000)]
  0x0000017f745cdfa0 JavaThread "Signal Dispatcher" daemon [_thread_blocked, id=15628, stack(0x00000022bea00000,0x00000022beb00000)]
  0x0000017f745ce870 JavaThread "Attach Listener" daemon [_thread_blocked, id=13588, stack(0x00000022beb00000,0x00000022bec00000)]
  0x0000017f7971f8e0 JavaThread "Service Thread" daemon [_thread_blocked, id=6028, stack(0x00000022bec00000,0x00000022bed00000)]
  0x0000017f79721ac0 JavaThread "Monitor Deflation Thread" daemon [_thread_blocked, id=14572, stack(0x00000022bed00000,0x00000022bee00000)]
=>0x0000017f79727370 JavaThread "C2 CompilerThread0" daemon [_thread_in_native, id=6860, stack(0x00000022bee00000,0x00000022bef00000)]
  0x0000017f7972e050 JavaThread "C1 CompilerThread0" daemon [_thread_in_native, id=14252, stack(0x00000022bef00000,0x00000022bf000000)]
  0x0000017f7972e570 JavaThread "Sweeper thread" daemon [_thread_blocked, id=10908, stack(0x00000022bf000000,0x00000022bf100000)]
  0x0000017f7981e440 JavaThread "Common-Cleaner" daemon [_thread_blocked, id=10572, stack(0x00000022bf100000,0x00000022bf200000)]
  0x0000017f79a0a640 JavaThread "Notification Thread" daemon [_thread_blocked, id=19388, stack(0x00000022bf300000,0x00000022bf400000)]
  0x0000017f7b8f62f0 JavaThread "Active Thread: Equinox Container: b141d9b4-87d7-4c4a-b4d5-26e0e7426c78" [_thread_blocked, id=19508, stack(0x00000022bf500000,0x00000022bf600000)]
  0x0000017f7b8e5a70 JavaThread "Framework Event Dispatcher: Equinox Container: b141d9b4-87d7-4c4a-b4d5-26e0e7426c78" daemon [_thread_blocked, id=18116, stack(0x00000022bfd00000,0x00000022bfe00000)]
  0x0000017f7b7f7910 JavaThread "Start Level: Equinox Container: b141d9b4-87d7-4c4a-b4d5-26e0e7426c78" daemon [_thread_blocked, id=3692, stack(0x00000022bfe00000,0x00000022bff00000)]
  0x0000017f7bfd9110 JavaThread "Bundle File Closer" daemon [_thread_blocked, id=18824, stack(0x00000022c0000000,0x00000022c0100000)]
  0x0000017f7c05cc70 JavaThread "SCR Component Actor" daemon [_thread_blocked, id=16612, stack(0x00000022c0200000,0x00000022c0300000)]
  0x0000017f7bc42fa0 JavaThread "Worker-JM" [_thread_blocked, id=15220, stack(0x00000022c0500000,0x00000022c0600000)]
  0x0000017f7bc42580 JavaThread "Worker-0: Java indexing... " [_thread_blocked, id=6632, stack(0x00000022c0600000,0x00000022c0700000)]
  0x0000017f7bc443e0 JavaThread "Worker-1: Initialize Workspace" [_thread_blocked, id=12792, stack(0x00000022bfc00000,0x00000022bfd00000)]
  0x0000017f7bc45820 JavaThread "Java indexing" daemon [_thread_blocked, id=20216, stack(0x00000022c0800000,0x00000022c0900000)]
  0x0000017f7bc44e00 JavaThread "JNA Cleaner" daemon [_thread_blocked, id=4372, stack(0x00000022c0900000,0x00000022c0a00000)]
  0x0000017f7bc42070 JavaThread "Thread-2" daemon [_thread_in_native, id=11248, stack(0x00000022c0a00000,0x00000022c0b00000)]
  0x0000017f7bc42a90 JavaThread "Thread-3" daemon [_thread_in_native, id=3192, stack(0x00000022c0b00000,0x00000022c0c00000)]
  0x0000017f7bc45310 JavaThread "Thread-4" daemon [_thread_in_native, id=10264, stack(0x00000022c0c00000,0x00000022c0d00000)]
  0x0000017f7c3a92e0 JavaThread "Thread-5" daemon [_thread_in_native, id=18548, stack(0x00000022c0d00000,0x00000022c0e00000)]
  0x0000017f7c3a9d00 JavaThread "Thread-6" daemon [_thread_in_native, id=17900, stack(0x00000022c0e00000,0x00000022c0f00000)]
  0x0000017f7c3a41e0 JavaThread "Thread-7" daemon [_thread_in_native, id=17416, stack(0x00000022c0f00000,0x00000022c1000000)]
  0x0000017f7c3a83b0 JavaThread "Thread-8" daemon [_thread_in_native, id=3424, stack(0x00000022c1000000,0x00000022c1100000)]
  0x0000017f7c3aa210 JavaThread "Thread-9" daemon [_thread_in_native, id=3184, stack(0x00000022c1100000,0x00000022c1200000)]
  0x0000017f7c3a6a60 JavaThread "Thread-10" daemon [_thread_in_native, id=3140, stack(0x00000022c1200000,0x00000022c1300000)]
  0x0000017f7c3aa720 JavaThread "Thread-11" daemon [_thread_in_native, id=15048, stack(0x00000022c1300000,0x00000022c1400000)]
  0x0000017f7c3a6f70 JavaThread "Thread-12" daemon [_thread_in_native, id=7056, stack(0x00000022c1400000,0x00000022c1500000)]
  0x0000017f7c3a46f0 JavaThread "Thread-13" daemon [_thread_in_native, id=16400, stack(0x00000022c1500000,0x00000022c1600000)]
  0x0000017f7c3a7480 JavaThread "Thread-14" daemon [_thread_in_native, id=18120, stack(0x00000022c1600000,0x00000022c1700000)]
  0x0000017f7c3a88c0 JavaThread "pool-2-thread-1" [_thread_blocked, id=19500, stack(0x00000022c1700000,0x00000022c1800000)]
  0x0000017f7c3a7990 JavaThread "WorkspaceEventsHandler" [_thread_blocked, id=10256, stack(0x00000022c1800000,0x00000022c1900000)]
  0x0000017f7c3a5620 JavaThread "pool-1-thread-1" [_thread_blocked, id=3180, stack(0x00000022c1900000,0x00000022c1a00000)]
  0x0000017f7c3a32b0 JavaThread "Worker-2: Synchronize Gradle projects with workspace" [_thread_blocked, id=6116, stack(0x00000022c1a00000,0x00000022c1b00000)]
  0x0000017f7c3a3cd0 JavaThread "Worker-3" [_thread_blocked, id=1356, stack(0x00000022c1b00000,0x00000022c1c00000)]
  0x0000017f7c3a4c00 JavaThread "Timer-0" [_thread_blocked, id=3944, stack(0x00000022c1c00000,0x00000022c1d00000)]
  0x0000017f7c3a5b30 JavaThread "Timer-1" [_thread_blocked, id=5748, stack(0x00000022c1d00000,0x00000022c1e00000)]
  0x0000017f7c3a37c0 JavaThread "Timer-2" [_thread_blocked, id=15392, stack(0x00000022c1f00000,0x00000022c2000000)]
  0x0000017f7faf4960 JavaThread "Exec process" [_thread_blocked, id=19836, stack(0x00000022c2100000,0x00000022c2200000)]
  0x0000017f7faf62b0 JavaThread "Exec process Thread 2" [_thread_blocked, id=7644, stack(0x00000022c2200000,0x00000022c2300000)]
  0x0000017f7faf67c0 JavaThread "Exec process Thread 3" [_thread_blocked, id=18792, stack(0x00000022c2300000,0x00000022c2400000)]
  0x0000017f7fafa990 JavaThread "Timer-3" [_thread_blocked, id=18636, stack(0x00000022c1e00000,0x00000022c1f00000)]
  0x0000017f7faf71e0 JavaThread "Timer-4" [_thread_blocked, id=5808, stack(0x00000022c2400000,0x00000022c2500000)]
  0x0000017f7fafb3b0 JavaThread "Timer-5" [_thread_blocked, id=8808, stack(0x00000022c2000000,0x00000022c2100000)]
  0x0000017f7faf6cd0 JavaThread "Worker-4: Validating Gradle wrapper checksum..." [_thread_blocked, id=16548, stack(0x00000022c2500000,0x00000022c2600000)]
  0x0000017f7faf5890 JavaThread "Timer-6" [_thread_blocked, id=6068, stack(0x00000022c2600000,0x00000022c2700000)]
  0x0000017f7faf5da0 JavaThread "Timer-7" [_thread_blocked, id=13568, stack(0x00000022c2700000,0x00000022c2800000)]
  0x0000017f7faf7c00 JavaThread "Worker-5: Download Gradle Wrapper checksums" [_thread_in_vm, id=17464, stack(0x00000022c2900000,0x00000022c2a00000)]
  0x0000017f7faf8620 JavaThread "Timer-8" [_thread_blocked, id=12072, stack(0x00000022c0700000,0x00000022c0800000)]
  0x0000017f7fafb8c0 JavaThread "Timer-9" [_thread_blocked, id=19516, stack(0x00000022c2800000,0x00000022c2900000)]
  0x0000017f7c3a6550 JavaThread "Worker-6" [_thread_blocked, id=13192, stack(0x00000022c0300000,0x00000022c0400000)]
  0x0000017f7e58d900 JavaThread "C2 CompilerThread1" daemon [_thread_in_native, id=19448, stack(0x00000022bf200000,0x00000022bf300000)]
  0x0000017f7e58b3d0 JavaThread "C2 CompilerThread2" daemon [_thread_in_native, id=4300, stack(0x00000022c2b00000,0x00000022c2c00000)]

Other Threads:
  0x0000017f6f7ee880 VMThread "VM Thread" [stack: 0x00000022be700000,0x00000022be800000] [id=11960] _threads_hazard_ptr=0x0000017f1021c8e0
  0x0000017f79a6e0e0 WatcherThread [stack: 0x00000022bf400000,0x00000022bf500000] [id=14904]
  0x0000017f6f758050 GCTaskThread "GC Thread#0" [stack: 0x00000022be600000,0x00000022be700000] [id=7908]
  0x0000017f7b682170 GCTaskThread "GC Thread#1" [stack: 0x00000022bf600000,0x00000022bf700000] [id=4156]
  0x0000017f7b682430 GCTaskThread "GC Thread#2" [stack: 0x00000022bf700000,0x00000022bf800000] [id=1412]
  0x0000017f7b69e800 GCTaskThread "GC Thread#3" [stack: 0x00000022bf800000,0x00000022bf900000] [id=9328]
  0x0000017f7b69eac0 GCTaskThread "GC Thread#4" [stack: 0x00000022bf900000,0x00000022bfa00000] [id=14104]
  0x0000017f7b68d610 GCTaskThread "GC Thread#5" [stack: 0x00000022bfa00000,0x00000022bfb00000] [id=20392]
  0x0000017f7b68d8d0 GCTaskThread "GC Thread#6" [stack: 0x00000022bfb00000,0x00000022bfc00000] [id=8536]
  0x0000017f7b98e040 GCTaskThread "GC Thread#7" [stack: 0x00000022bff00000,0x00000022c0000000] [id=19400]
  0x0000017f7bc7dce0 GCTaskThread "GC Thread#8" [stack: 0x00000022c0100000,0x00000022c0200000] [id=8656]
  0x0000017f7bcc8830 GCTaskThread "GC Thread#9" [stack: 0x00000022c0400000,0x00000022c0500000] [id=16112]

Threads with active compile tasks:
C2 CompilerThread0    30733 8503   !   4       java.util.regex.Pattern::RemoveQEQuoting (370 bytes)
C1 CompilerThread0    30733 8518       3       java.lang.invoke.AbstractValidatingLambdaMetafactory::validateMetafactoryArgs (607 bytes)
C2 CompilerThread1    30733 8501       4       java.util.TimSort::binarySort (223 bytes)
C2 CompilerThread2    30733 8490 %     4       com.google.gson.stream.JsonWriter::string @ 37 (169 bytes)

VM state: synchronizing (normal execution)

VM Mutex/Monitor currently owned by a thread:  ([mutex/lock_event])
[0x0000017f6f73bff0] Metaspace_lock - owner thread: 0x0000017f7faf7c00
[0x0000017f6f73ec20] Threads_lock - owner thread: 0x0000017f6f7ee880
[0x0000017f6f73dcf0] Heap_lock - owner thread: 0x0000017f7bc45820

Heap address: 0x00000000c0000000, size: 1024 MB, Compressed Oops mode: 32-bit

CDS archive(s) not mapped
Compressed class space mapped at: 0x0000000100000000-0x0000000140000000, reserved size: 1073741824
Narrow klass base: 0x0000000000000000, Narrow klass shift: 3, Narrow klass range: 0x140000000

GC Precious Log:
 CPUs: 12 total, 12 available
 Memory: 7519M
 Large Page Support: Disabled
 NUMA Support: Disabled
 Compressed Oops: Enabled (32-bit)
 Alignments: Space 512K, Generation 512K, Heap 2M
 Heap Min Capacity: 100M
 Heap Initial Capacity: 100M
 Heap Max Capacity: 1G
 Pre-touch: Disabled
 Parallel Workers: 10

Heap:
 PSYoungGen      total 18432K, used 17603K [0x00000000eab00000, 0x00000000ec180000, 0x0000000100000000)
  eden space 15360K, 100% used [0x00000000eab00000,0x00000000eba00000,0x00000000eba00000)
  from space 3072K, 73% used [0x00000000ebe80000,0x00000000ec0b0f40,0x00000000ec180000)
  to   space 3584K, 0% used [0x00000000eba00000,0x00000000eba00000,0x00000000ebd80000)
 ParOldGen       total 699392K, used 232464K [0x00000000c0000000, 0x00000000eab00000, 0x00000000eab00000)
  object space 699392K, 33% used [0x00000000c0000000,0x00000000ce304018,0x00000000eab00000)
 Metaspace       used 71248K, committed 72384K, reserved 1114112K
  class space    used 8580K, committed 9088K, reserved 1048576K

Card table byte_map: [0x0000017f6f0d0000,0x0000017f6f2e0000] _byte_map_base: 0x0000017f6ead0000

Marking Bits: (ParMarkBitMap*) 0x00007ffdcfe4d820
 Begin Bits: [0x0000017f723d0000, 0x0000017f733d0000)
 End Bits:   [0x0000017f733d0000, 0x0000017f743d0000)

Polling page: 0x0000017f6d6c0000

Metaspace:

Usage:
  Non-class:     61.20 MB used.
      Class:      8.38 MB used.
       Both:     69.58 MB used.

Virtual space:
  Non-class space:       64.00 MB reserved,      61.81 MB ( 97%) committed,  1 nodes.
      Class space:        1.00 GB reserved,       8.88 MB ( <1%) committed,  1 nodes.
             Both:        1.06 GB reserved,      70.69 MB (  6%) committed. 

Chunk freelists:
   Non-Class:  1.97 MB
       Class:  6.98 MB
        Both:  8.95 MB

MaxMetaspaceSize: unlimited
CompressedClassSpaceSize: 1.00 GB
Initial GC threshold: 21.00 MB
Current GC threshold: 116.50 MB
CDS: off
MetaspaceReclaimPolicy: balanced
 - commit_granule_bytes: 65536.
 - commit_granule_words: 8192.
 - virtual_space_node_default_size: 8388608.
 - enlarge_chunks_in_place: 1.
 - new_chunks_are_fully_committed: 0.
 - uncommit_free_chunks: 1.
 - use_allocation_guard: 0.
 - handle_deallocations: 1.


Internal statistics:

num_allocs_failed_limit: 9.
num_arena_births: 756.
num_arena_deaths: 14.
num_vsnodes_births: 2.
num_vsnodes_deaths: 0.
num_space_committed: 1131.
num_space_uncommitted: 0.
num_chunks_returned_to_freelist: 23.
num_chunks_taken_from_freelist: 3389.
num_chunk_merges: 11.
num_chunk_splits: 2215.
num_chunks_enlarged: 1465.
num_inconsistent_stats: 0.

CodeHeap 'non-profiled nmethods': size=120000Kb used=5799Kb max_used=5799Kb free=114200Kb
 bounds [0x0000017f07ad0000, 0x0000017f08080000, 0x0000017f0f000000]
CodeHeap 'profiled nmethods': size=120000Kb used=13822Kb max_used=13822Kb free=106177Kb
 bounds [0x0000017f00000000, 0x0000017f00d80000, 0x0000017f07530000]
CodeHeap 'non-nmethods': size=5760Kb used=1354Kb max_used=1406Kb free=4405Kb
 bounds [0x0000017f07530000, 0x0000017f077a0000, 0x0000017f07ad0000]
 total_blobs=7734 nmethods=7035 adapters=611
 compilation: enabled
              stopped_count=0, restarted_count=0
 full_count=0

Compilation events (20 events):
Event: 30.686 Thread 0x0000017f7972e050 nmethod 8493 0x0000017f08076c90 code [0x0000017f08076e20, 0x0000017f08076ef8]
Event: 30.686 Thread 0x0000017f7972e050 8494       1       sun.nio.ch.PendingFuture::isDone (5 bytes)
Event: 30.686 Thread 0x0000017f7972e050 nmethod 8494 0x0000017f08076f90 code [0x0000017f08077120, 0x0000017f080771f8]
Event: 30.686 Thread 0x0000017f7972e050 8495       1       sun.nio.ch.Iocp$CompletionStatus::error (5 bytes)
Event: 30.686 Thread 0x0000017f7972e050 nmethod 8495 0x0000017f08077290 code [0x0000017f08077420, 0x0000017f080774f8]
Event: 30.686 Thread 0x0000017f7972e050 8496       1       sun.nio.ch.PendingFuture::getContext (5 bytes)
Event: 30.686 Thread 0x0000017f7972e050 nmethod 8496 0x0000017f08077590 code [0x0000017f08077720, 0x0000017f080777f8]
Event: 30.686 Thread 0x0000017f7972e050 8497       1       sun.nio.ch.Iocp$CompletionStatus::bytesTransferred (5 bytes)
Event: 30.686 Thread 0x0000017f7972e050 nmethod 8497 0x0000017f08077890 code [0x0000017f08077a20, 0x0000017f08077af8]
Event: 30.686 Thread 0x0000017f7972e050 8498       1       sun.nio.ch.PendingFuture::handler (5 bytes)
Event: 30.686 Thread 0x0000017f7972e050 nmethod 8498 0x0000017f08077b90 code [0x0000017f08077d20, 0x0000017f08077df8]
Event: 30.686 Thread 0x0000017f7972e050 8499       1       java.nio.DirectByteBuffer::cleaner (5 bytes)
Event: 30.686 Thread 0x0000017f7972e050 nmethod 8499 0x0000017f08077e90 code [0x0000017f08078020, 0x0000017f080780f8]
Event: 30.686 Thread 0x0000017f7972e050 8500       3       java.util.concurrent.atomic.AtomicLong::compareAndSet (13 bytes)
Event: 30.686 Thread 0x0000017f7972e050 nmethod 8500 0x0000017f00d70390 code [0x0000017f00d70520, 0x0000017f00d70658]
Event: 30.689 Thread 0x0000017f79727370 nmethod 8486 0x0000017f08078190 code [0x0000017f08078340, 0x0000017f08078b48]
Event: 30.689 Thread 0x0000017f7972e050 8506 %     3       sun.nio.fs.Globs::toRegexPattern @ 15 (745 bytes)
Event: 30.689 Thread 0x0000017f79727370 8503   !   4       java.util.regex.Pattern::RemoveQEQuoting (370 bytes)
Event: 30.689 Thread 0x0000017f7e58d900 8501       4       java.util.TimSort::binarySort (223 bytes)
Event: 30.689 Thread 0x0000017f7e58b3d0 8502       4       java.util.regex.Pattern$SliceU::match (99 bytes)

GC Heap History (20 events):
Event: 30.230 GC heap before
{Heap before GC invocations=568 (full 395):
 PSYoungGen      total 18944K, used 15359K [0x00000000eab00000, 0x00000000ec180000, 0x0000000100000000)
  eden space 15360K, 99% used [0x00000000eab00000,0x00000000eb9ffff8,0x00000000eba00000)
  from space 3584K, 0% used [0x00000000eba00000,0x00000000eba00000,0x00000000ebd80000)
  to   space 3072K, 0% used [0x00000000ebe80000,0x00000000ebe80000,0x00000000ec180000)
 ParOldGen       total 217088K, used 216746K [0x00000000c0000000, 0x00000000cd400000, 0x00000000eab00000)
  object space 217088K, 99% used [0x00000000c0000000,0x00000000cd3aa9f8,0x00000000cd400000)
 Metaspace       used 70501K, committed 71616K, reserved 1114112K
  class space    used 8500K, committed 8960K, reserved 1048576K
}
Event: 30.277 GC heap after
{Heap after GC invocations=568 (full 395):
 PSYoungGen      total 18432K, used 15359K [0x00000000eab00000, 0x00000000ec180000, 0x0000000100000000)
  eden space 15360K, 99% used [0x00000000eab00000,0x00000000eb9fff88,0x00000000eba00000)
  from space 3072K, 0% used [0x00000000ebe80000,0x00000000ebe80000,0x00000000ec180000)
  to   space 3584K, 0% used [0x00000000eba00000,0x00000000eba00000,0x00000000ebd80000)
 ParOldGen       total 217088K, used 216743K [0x00000000c0000000, 0x00000000cd400000, 0x00000000eab00000)
  object space 217088K, 99% used [0x00000000c0000000,0x00000000cd3a9f98,0x00000000cd400000)
 Metaspace       used 70501K, committed 71616K, reserved 1114112K
  class space    used 8500K, committed 8960K, reserved 1048576K
}
Event: 30.277 GC heap before
{Heap before GC invocations=569 (full 396):
 PSYoungGen      total 18432K, used 15359K [0x00000000eab00000, 0x00000000ec180000, 0x0000000100000000)
  eden space 15360K, 99% used [0x00000000eab00000,0x00000000eb9fffe0,0x00000000eba00000)
  from space 3072K, 0% used [0x00000000ebe80000,0x00000000ebe80000,0x00000000ec180000)
  to   space 3584K, 0% used [0x00000000eba00000,0x00000000eba00000,0x00000000ebd80000)
 ParOldGen       total 217088K, used 216743K [0x00000000c0000000, 0x00000000cd400000, 0x00000000eab00000)
  object space 217088K, 99% used [0x00000000c0000000,0x00000000cd3a9f98,0x00000000cd400000)
 Metaspace       used 70501K, committed 71616K, reserved 1114112K
  class space    used 8500K, committed 8960K, reserved 1048576K
}
Event: 30.327 GC heap after
{Heap after GC invocations=569 (full 396):
 PSYoungGen      total 18944K, used 15359K [0x00000000eab00000, 0x00000000ec180000, 0x0000000100000000)
  eden space 15360K, 99% used [0x00000000eab00000,0x00000000eb9fffc0,0x00000000eba00000)
  from space 3584K, 0% used [0x00000000eba00000,0x00000000eba00000,0x00000000ebd80000)
  to   space 3072K, 0% used [0x00000000ebe80000,0x00000000ebe80000,0x00000000ec180000)
 ParOldGen       total 217088K, used 216743K [0x00000000c0000000, 0x00000000cd400000, 0x00000000eab00000)
  object space 217088K, 99% used [0x00000000c0000000,0x00000000cd3a9f98,0x00000000cd400000)
 Metaspace       used 70501K, committed 71616K, reserved 1114112K
  class space    used 8500K, committed 8960K, reserved 1048576K
}
Event: 30.327 GC heap before
{Heap before GC invocations=570 (full 397):
 PSYoungGen      total 18944K, used 15360K [0x00000000eab00000, 0x00000000ec180000, 0x0000000100000000)
  eden space 15360K, 100% used [0x00000000eab00000,0x00000000eba00000,0x00000000eba00000)
  from space 3584K, 0% used [0x00000000eba00000,0x00000000eba00000,0x00000000ebd80000)
  to   space 3072K, 0% used [0x00000000ebe80000,0x00000000ebe80000,0x00000000ec180000)
 ParOldGen       total 217088K, used 216743K [0x00000000c0000000, 0x00000000cd400000, 0x00000000eab00000)
  object space 217088K, 99% used [0x00000000c0000000,0x00000000cd3a9f98,0x00000000cd400000)
 Metaspace       used 70501K, committed 71616K, reserved 1114112K
  class space    used 8500K, committed 8960K, reserved 1048576K
}
Event: 30.375 GC heap after
{Heap after GC invocations=570 (full 397):
 PSYoungGen      total 18432K, used 15360K [0x00000000eab00000, 0x00000000ec180000, 0x0000000100000000)
  eden space 15360K, 100% used [0x00000000eab00000,0x00000000eba00000,0x00000000eba00000)
  from space 3072K, 0% used [0x00000000ebe80000,0x00000000ebe80000,0x00000000ec180000)
  to   space 3584K, 0% used [0x00000000eba00000,0x00000000eba00000,0x00000000ebd80000)
 ParOldGen       total 217088K, used 216743K [0x00000000c0000000, 0x00000000cd400000, 0x00000000eab00000)
  object space 217088K, 99% used [0x00000000c0000000,0x00000000cd3a9f98,0x00000000cd400000)
 Metaspace       used 70501K, committed 71616K, reserved 1114112K
  class space    used 8500K, committed 8960K, reserved 1048576K
}
Event: 30.375 GC heap before
{Heap before GC invocations=571 (full 398):
 PSYoungGen      total 18432K, used 15360K [0x00000000eab00000, 0x00000000ec180000, 0x0000000100000000)
  eden space 15360K, 100% used [0x00000000eab00000,0x00000000eba00000,0x00000000eba00000)
  from space 3072K, 0% used [0x00000000ebe80000,0x00000000ebe80000,0x00000000ec180000)
  to   space 3584K, 0% used [0x00000000eba00000,0x00000000eba00000,0x00000000ebd80000)
 ParOldGen       total 217088K, used 216747K [0x00000000c0000000, 0x00000000cd400000, 0x00000000eab00000)
  object space 217088K, 99% used [0x00000000c0000000,0x00000000cd3aad70,0x00000000cd400000)
 Metaspace       used 70501K, committed 71616K, reserved 1114112K
  class space    used 8500K, committed 8960K, reserved 1048576K
}
Event: 30.422 GC heap after
{Heap after GC invocations=571 (full 398):
 PSYoungGen      total 18944K, used 15359K [0x00000000eab00000, 0x00000000ec180000, 0x0000000100000000)
  eden space 15360K, 99% used [0x00000000eab00000,0x00000000eb9ffda0,0x00000000eba00000)
  from space 3584K, 0% used [0x00000000eba00000,0x00000000eba00000,0x00000000ebd80000)
  to   space 3072K, 0% used [0x00000000ebe80000,0x00000000ebe80000,0x00000000ec180000)
 ParOldGen       total 217088K, used 216741K [0x00000000c0000000, 0x00000000cd400000, 0x00000000eab00000)
  object space 217088K, 99% used [0x00000000c0000000,0x00000000cd3a9478,0x00000000cd400000)
 Metaspace       used 70501K, committed 71616K, reserved 1114112K
  class space    used 8500K, committed 8960K, reserved 1048576K
}
Event: 30.422 GC heap before
{Heap before GC invocations=572 (full 399):
 PSYoungGen      total 18944K, used 15360K [0x00000000eab00000, 0x00000000ec180000, 0x0000000100000000)
  eden space 15360K, 100% used [0x00000000eab00000,0x00000000eba00000,0x00000000eba00000)
  from space 3584K, 0% used [0x00000000eba00000,0x00000000eba00000,0x00000000ebd80000)
  to   space 3072K, 0% used [0x00000000ebe80000,0x00000000ebe80000,0x00000000ec180000)
 ParOldGen       total 217088K, used 216741K [0x00000000c0000000, 0x00000000cd400000, 0x00000000eab00000)
  object space 217088K, 99% used [0x00000000c0000000,0x00000000cd3a9478,0x00000000cd400000)
 Metaspace       used 70501K, committed 71616K, reserved 1114112K
  class space    used 8500K, committed 8960K, reserved 1048576K
}
Event: 30.468 GC heap after
{Heap after GC invocations=572 (full 399):
 PSYoungGen      total 18432K, used 15359K [0x00000000eab00000, 0x00000000ec180000, 0x0000000100000000)
  eden space 15360K, 99% used [0x00000000eab00000,0x00000000eb9ffed8,0x00000000eba00000)
  from space 3072K, 0% used [0x00000000ebe80000,0x00000000ebe80000,0x00000000ec180000)
  to   space 3584K, 0% used [0x00000000eba00000,0x00000000eba00000,0x00000000ebd80000)
 ParOldGen       total 217088K, used 216741K [0x00000000c0000000, 0x00000000cd400000, 0x00000000eab00000)
  object space 217088K, 99% used [0x00000000c0000000,0x00000000cd3a9418,0x00000000cd400000)
 Metaspace       used 70501K, committed 71616K, reserved 1114112K
  class space    used 8500K, committed 8960K, reserved 1048576K
}
Event: 30.468 GC heap before
{Heap before GC invocations=573 (full 400):
 PSYoungGen      total 18432K, used 15360K [0x00000000eab00000, 0x00000000ec180000, 0x0000000100000000)
  eden space 15360K, 100% used [0x00000000eab00000,0x00000000eba00000,0x00000000eba00000)
  from space 3072K, 0% used [0x00000000ebe80000,0x00000000ebe80000,0x00000000ec180000)
  to   space 3584K, 0% used [0x00000000eba00000,0x00000000eba00000,0x00000000ebd80000)
 ParOldGen       total 217088K, used 216741K [0x00000000c0000000, 0x00000000cd400000, 0x00000000eab00000)
  object space 217088K, 99% used [0x00000000c0000000,0x00000000cd3a9418,0x00000000cd400000)
 Metaspace       used 70501K, committed 71616K, reserved 1114112K
  class space    used 8500K, committed 8960K, reserved 1048576K
}
Event: 30.514 GC heap after
{Heap after GC invocations=573 (full 400):
 PSYoungGen      total 18944K, used 15359K [0x00000000eab00000, 0x00000000ec180000, 0x0000000100000000)
  eden space 15360K, 99% used [0x00000000eab00000,0x00000000eb9fffd8,0x00000000eba00000)
  from space 3584K, 0% used [0x00000000eba00000,0x00000000eba00000,0x00000000ebd80000)
  to   space 3072K, 0% used [0x00000000ebe80000,0x00000000ebe80000,0x00000000ec180000)
 ParOldGen       total 217088K, used 216740K [0x00000000c0000000, 0x00000000cd400000, 0x00000000eab00000)
  object space 217088K, 99% used [0x00000000c0000000,0x00000000cd3a93a8,0x00000000cd400000)
 Metaspace       used 70501K, committed 71616K, reserved 1114112K
  class space    used 8500K, committed 8960K, reserved 1048576K
}
Event: 30.515 GC heap before
{Heap before GC invocations=574 (full 401):
 PSYoungGen      total 18944K, used 15360K [0x00000000eab00000, 0x00000000ec180000, 0x0000000100000000)
  eden space 15360K, 100% used [0x00000000eab00000,0x00000000eba00000,0x00000000eba00000)
  from space 3584K, 0% used [0x00000000eba00000,0x00000000eba00000,0x00000000ebd80000)
  to   space 3072K, 0% used [0x00000000ebe80000,0x00000000ebe80000,0x00000000ec180000)
 ParOldGen       total 217088K, used 216743K [0x00000000c0000000, 0x00000000cd400000, 0x00000000eab00000)
  object space 217088K, 99% used [0x00000000c0000000,0x00000000cd3a9f30,0x00000000cd400000)
 Metaspace       used 70508K, committed 71616K, reserved 1114112K
  class space    used 8501K, committed 8960K, reserved 1048576K
}
Event: 30.561 GC heap after
{Heap after GC invocations=574 (full 401):
 PSYoungGen      total 18432K, used 15358K [0x00000000eab00000, 0x00000000ec180000, 0x0000000100000000)
  eden space 15360K, 99% used [0x00000000eab00000,0x00000000eb9ffaf0,0x00000000eba00000)
  from space 3072K, 0% used [0x00000000ebe80000,0x00000000ebe80000,0x00000000ec180000)
  to   space 3584K, 0% used [0x00000000eba00000,0x00000000eba00000,0x00000000ebd80000)
 ParOldGen       total 217088K, used 216730K [0x00000000c0000000, 0x00000000cd400000, 0x00000000eab00000)
  object space 217088K, 99% used [0x00000000c0000000,0x00000000cd3a6b28,0x00000000cd400000)
 Metaspace       used 70508K, committed 71616K, reserved 1114112K
  class space    used 8501K, committed 8960K, reserved 1048576K
}
Event: 30.561 GC heap before
{Heap before GC invocations=575 (full 402):
 PSYoungGen      total 18432K, used 15359K [0x00000000eab00000, 0x00000000ec180000, 0x0000000100000000)
  eden space 15360K, 99% used [0x00000000eab00000,0x00000000eb9ffff8,0x00000000eba00000)
  from space 3072K, 0% used [0x00000000ebe80000,0x00000000ebe80000,0x00000000ec180000)
  to   space 3584K, 0% used [0x00000000eba00000,0x00000000eba00000,0x00000000ebd80000)
 ParOldGen       total 217088K, used 216730K [0x00000000c0000000, 0x00000000cd400000, 0x00000000eab00000)
  object space 217088K, 99% used [0x00000000c0000000,0x00000000cd3a6b28,0x00000000cd400000)
 Metaspace       used 70512K, committed 71616K, reserved 1114112K
  class space    used 8501K, committed 8960K, reserved 1048576K
}
Event: 30.610 GC heap after
{Heap after GC invocations=575 (full 402):
 PSYoungGen      total 18944K, used 15359K [0x00000000eab00000, 0x00000000ec180000, 0x0000000100000000)
  eden space 15360K, 99% used [0x00000000eab00000,0x00000000eb9ffcd8,0x00000000eba00000)
  from space 3584K, 0% used [0x00000000eba00000,0x00000000eba00000,0x00000000ebd80000)
  to   space 3072K, 0% used [0x00000000ebe80000,0x00000000ebe80000,0x00000000ec180000)
 ParOldGen       total 217088K, used 216730K [0x00000000c0000000, 0x00000000cd400000, 0x00000000eab00000)
  object space 217088K, 99% used [0x00000000c0000000,0x00000000cd3a6a90,0x00000000cd400000)
 Metaspace       used 70512K, committed 71616K, reserved 1114112K
  class space    used 8501K, committed 8960K, reserved 1048576K
}
Event: 30.610 GC heap before
{Heap before GC invocations=576 (full 403):
 PSYoungGen      total 18944K, used 15359K [0x00000000eab00000, 0x00000000ec180000, 0x0000000100000000)
  eden space 15360K, 99% used [0x00000000eab00000,0x00000000eb9ffff8,0x00000000eba00000)
  from space 3584K, 0% used [0x00000000eba00000,0x00000000eba00000,0x00000000ebd80000)
  to   space 3072K, 0% used [0x00000000ebe80000,0x00000000ebe80000,0x00000000ec180000)
 ParOldGen       total 217088K, used 216730K [0x00000000c0000000, 0x00000000cd400000, 0x00000000eab00000)
  object space 217088K, 99% used [0x00000000c0000000,0x00000000cd3a6a90,0x00000000cd400000)
 Metaspace       used 70512K, committed 71616K, reserved 1114112K
  class space    used 8501K, committed 8960K, reserved 1048576K
}
Event: 30.658 GC heap after
{Heap after GC invocations=576 (full 403):
 PSYoungGen      total 18432K, used 15353K [0x00000000eab00000, 0x00000000ec180000, 0x0000000100000000)
  eden space 15360K, 99% used [0x00000000eab00000,0x00000000eb9fe4e8,0x00000000eba00000)
  from space 3072K, 0% used [0x00000000ebe80000,0x00000000ebe80000,0x00000000ec180000)
  to   space 3584K, 0% used [0x00000000eba00000,0x00000000eba00000,0x00000000ebd80000)
 ParOldGen       total 699392K, used 216726K [0x00000000c0000000, 0x00000000eab00000, 0x00000000eab00000)
  object space 699392K, 30% used [0x00000000c0000000,0x00000000cd3a5930,0x00000000eab00000)
 Metaspace       used 70512K, committed 71616K, reserved 1114112K
  class space    used 8501K, committed 8960K, reserved 1048576K
}
Event: 30.658 GC heap before
{Heap before GC invocations=577 (full 403):
 PSYoungGen      total 18432K, used 15359K [0x00000000eab00000, 0x00000000ec180000, 0x0000000100000000)
  eden space 15360K, 99% used [0x00000000eab00000,0x00000000eb9ffef0,0x00000000eba00000)
  from space 3072K, 0% used [0x00000000ebe80000,0x00000000ebe80000,0x00000000ec180000)
  to   space 3584K, 0% used [0x00000000eba00000,0x00000000eba00000,0x00000000ebd80000)
 ParOldGen       total 699392K, used 216726K [0x00000000c0000000, 0x00000000eab00000, 0x00000000eab00000)
  object space 699392K, 30% used [0x00000000c0000000,0x00000000cd3a5930,0x00000000eab00000)
 Metaspace       used 70512K, committed 71616K, reserved 1114112K
  class space    used 8501K, committed 8960K, reserved 1048576K
}
Event: 30.672 GC heap after
{Heap after GC invocations=577 (full 403):
 PSYoungGen      total 18944K, used 3567K [0x00000000eab00000, 0x00000000ec180000, 0x0000000100000000)
  eden space 15360K, 0% used [0x00000000eab00000,0x00000000eab00000,0x00000000eba00000)
  from space 3584K, 99% used [0x00000000eba00000,0x00000000ebd7bc38,0x00000000ebd80000)
  to   space 3072K, 0% used [0x00000000ebe80000,0x00000000ebe80000,0x00000000ec180000)
 ParOldGen       total 699392K, used 229063K [0x00000000c0000000, 0x00000000eab00000, 0x00000000eab00000)
  object space 699392K, 32% used [0x00000000c0000000,0x00000000cdfb1c80,0x00000000eab00000)
 Metaspace       used 70512K, committed 71616K, reserved 1114112K
  class space    used 8501K, committed 8960K, reserved 1048576K
}

Dll operation events (15 events):
Event: 0.008 Loaded shared library c:\Users\Sravi\.vscode\extensions\redhat.java-1.31.0-win32-x64\jre\17.0.11-win32-x86_64\bin\java.dll
Event: 0.126 Loaded shared library c:\Users\Sravi\.vscode\extensions\redhat.java-1.31.0-win32-x64\jre\17.0.11-win32-x86_64\bin\zip.dll
Event: 0.128 Loaded shared library C:\Users\Sravi\.vscode\extensions\redhat.java-1.31.0-win32-x64\jre\17.0.11-win32-x86_64\bin\instrument.dll
Event: 0.139 Loaded shared library C:\Users\Sravi\.vscode\extensions\redhat.java-1.31.0-win32-x64\jre\17.0.11-win32-x86_64\bin\net.dll
Event: 0.141 Loaded shared library C:\Users\Sravi\.vscode\extensions\redhat.java-1.31.0-win32-x64\jre\17.0.11-win32-x86_64\bin\nio.dll
Event: 0.148 Loaded shared library C:\Users\Sravi\.vscode\extensions\redhat.java-1.31.0-win32-x64\jre\17.0.11-win32-x86_64\bin\zip.dll
Event: 0.163 Loaded shared library C:\Users\Sravi\.vscode\extensions\redhat.java-1.31.0-win32-x64\jre\17.0.11-win32-x86_64\bin\jimage.dll
Event: 0.221 Loaded shared library c:\Users\Sravi\.vscode\extensions\redhat.java-1.31.0-win32-x64\jre\17.0.11-win32-x86_64\bin\verify.dll
Event: 0.980 Loaded shared library C:\Users\Sravi\AppData\Roaming\Code\User\globalStorage\redhat.java\1.31.0\config_win\org.eclipse.equinox.launcher\org.eclipse.equinox.launcher.win32.win32.x86_64_1.2.1000.v20240507-1834\eclipse_11902.dll
Event: 3.143 Loaded shared library C:\Users\Sravi\AppData\Local\Temp\jna-80145397\jna4361781137597002825.dll
Event: 4.690 Loaded shared library C:\Users\Sravi\.gradle\native\c067742578af261105cb4f569cf0c3c89f3d7b1fecec35dd04571415982c5e48\windows-amd64\native-platform.dll
Event: 5.417 Loaded shared library C:\Users\Sravi\.vscode\extensions\redhat.java-1.31.0-win32-x64\jre\17.0.11-win32-x86_64\bin\management.dll
Event: 5.419 Loaded shared library C:\Users\Sravi\.vscode\extensions\redhat.java-1.31.0-win32-x64\jre\17.0.11-win32-x86_64\bin\management_ext.dll
Event: 7.807 Loaded shared library C:\Users\Sravi\.vscode\extensions\redhat.java-1.31.0-win32-x64\jre\17.0.11-win32-x86_64\bin\extnet.dll
Event: 7.929 Loaded shared library C:\Users\Sravi\.vscode\extensions\redhat.java-1.31.0-win32-x64\jre\17.0.11-win32-x86_64\bin\sunmscapi.dll

Deoptimization events (20 events):
Event: 10.241 Thread 0x0000017f7faf7c00 DEOPT PACKING pc=0x0000017f0804d8a4 sp=0x00000022c29fcbf0
Event: 10.241 Thread 0x0000017f7faf7c00 DEOPT UNPACKING pc=0x0000017f075866a3 sp=0x00000022c29fcbb0 mode 2
Event: 10.242 Thread 0x0000017f7faf7c00 Uncommon trap: trap_request=0xffffff45 fr.pc=0x0000017f07f92188 relative=0x0000000000000b48
Event: 10.242 Thread 0x0000017f7faf7c00 Uncommon trap: reason=unstable_if action=reinterpret pc=0x0000017f07f92188 method=java.net.URI$Parser.parseHierarchical(II)I @ 125 c2
Event: 10.242 Thread 0x0000017f7faf7c00 DEOPT PACKING pc=0x0000017f07f92188 sp=0x00000022c29fbe30
Event: 10.242 Thread 0x0000017f7faf7c00 DEOPT UNPACKING pc=0x0000017f075866a3 sp=0x00000022c29fbe08 mode 2
Event: 10.361 Thread 0x0000017f7bc45820 DEOPT PACKING pc=0x0000017f00d4afd5 sp=0x00000022c08fe9f0
Event: 10.361 Thread 0x0000017f7bc45820 DEOPT UNPACKING pc=0x0000017f07586e43 sp=0x00000022c08fdf90 mode 0
Event: 10.913 Thread 0x0000017f7faf76f0 Uncommon trap: trap_request=0xffffff45 fr.pc=0x0000017f08029fb4 relative=0x0000000000000114
Event: 10.913 Thread 0x0000017f7faf76f0 Uncommon trap: reason=unstable_if action=reinterpret pc=0x0000017f08029fb4 method=org.gradle.internal.io.StreamByteBuffer.prepareRead()I @ 4 c2
Event: 10.913 Thread 0x0000017f7faf76f0 DEOPT PACKING pc=0x0000017f08029fb4 sp=0x00000022c2bfe300
Event: 10.913 Thread 0x0000017f7faf76f0 DEOPT UNPACKING pc=0x0000017f075866a3 sp=0x00000022c2bfe290 mode 2
Event: 11.377 Thread 0x0000017f7faf76f0 Uncommon trap: trap_request=0xffffff45 fr.pc=0x0000017f07fbba88 relative=0x00000000000008c8
Event: 11.377 Thread 0x0000017f7faf76f0 Uncommon trap: reason=unstable_if action=reinterpret pc=0x0000017f07fbba88 method=org.objectweb.asm.ClassReader.readUTF8(I[C)Ljava/lang/String; @ 7 c2
Event: 11.377 Thread 0x0000017f7faf76f0 DEOPT PACKING pc=0x0000017f07fbba88 sp=0x00000022c2bfb370
Event: 11.377 Thread 0x0000017f7faf76f0 DEOPT UNPACKING pc=0x0000017f075866a3 sp=0x00000022c2bfb358 mode 2
Event: 21.674 Thread 0x0000017f7faf76f0 Uncommon trap: trap_request=0xffffffd6 fr.pc=0x0000017f07fae884 relative=0x0000000000000d44
Event: 21.674 Thread 0x0000017f7faf76f0 Uncommon trap: reason=array_check action=maybe_recompile pc=0x0000017f07fae884 method=java.util.TimSort.binarySort([Ljava/lang/Object;IIILjava/util/Comparator;)V @ 193 c2
Event: 21.722 Thread 0x0000017f7faf76f0 DEOPT PACKING pc=0x0000017f07fae884 sp=0x00000022c2bfd640
Event: 21.722 Thread 0x0000017f7faf76f0 DEOPT UNPACKING pc=0x0000017f075866a3 sp=0x00000022c2bfd608 mode 2

Classes unloaded (7 events):
Event: 3.053 Thread 0x0000017f6f7ee880 Unloading class 0x0000000100250400 'java/lang/invoke/LambdaForm$MH+0x0000000100250400'
Event: 3.053 Thread 0x0000017f6f7ee880 Unloading class 0x0000000100250000 'java/lang/invoke/LambdaForm$MH+0x0000000100250000'
Event: 3.053 Thread 0x0000017f6f7ee880 Unloading class 0x000000010024fc00 'java/lang/invoke/LambdaForm$MH+0x000000010024fc00'
Event: 3.053 Thread 0x0000017f6f7ee880 Unloading class 0x000000010024f800 'java/lang/invoke/LambdaForm$MH+0x000000010024f800'
Event: 3.053 Thread 0x0000017f6f7ee880 Unloading class 0x000000010024f400 'java/lang/invoke/LambdaForm$BMH+0x000000010024f400'
Event: 3.053 Thread 0x0000017f6f7ee880 Unloading class 0x000000010024f000 'java/lang/invoke/LambdaForm$DMH+0x000000010024f000'
Event: 3.053 Thread 0x0000017f6f7ee880 Unloading class 0x000000010024c400 'java/lang/invoke/LambdaForm$DMH+0x000000010024c400'

Classes redefined (0 events):
No events

Internal exceptions (20 events):
Event: 9.345 Thread 0x0000017f7faf76f0 Exception <a 'java/lang/NoSuchMethodError'{0x00000000eb247e18}: static Lorg/gradle/tooling/internal/protocol/InternalBuildActionFailureException;.<clinit>()V> (0x00000000eb247e18) 
thrown [s\src\hotspot\share\prims\jni.cpp, line 1112]
Event: 9.352 Thread 0x0000017f7bc443e0 Exception <a 'java/lang/ClassNotFoundException'{0x00000000eb5dfd78}: sun/misc/SharedSecrets> (0x00000000eb5dfd78) 
thrown [s\src\hotspot\share\classfile\systemDictionary.cpp, line 256]
Event: 9.685 Thread 0x0000017f7faf7c00 Exception <a 'sun/nio/fs/WindowsException'{0x00000000eb391540}> (0x00000000eb391540) 
thrown [s\src\hotspot\share\prims\jni.cpp, line 516]
Event: 10.913 Thread 0x0000017f7faf76f0 Implicit null exception at 0x0000017f08029ed3 to 0x0000017f08029fa4
Event: 19.162 Thread 0x0000017f7faf76f0 Exception <a 'java/lang/NoSuchMethodError'{0x00000000eb9ff8e0}: static Lorg/gradle/internal/exceptions/ContextAwareException;.<clinit>()V> (0x00000000eb9ff8e0) 
thrown [s\src\hotspot\share\prims\jni.cpp, line 1112]
Event: 24.127 Thread 0x0000017f7faf76f0 Exception <a 'java/lang/NoSuchMethodError'{0x00000000cd3a5db8}: static Lorg/gradle/internal/exceptions/LocationAwareException;.<clinit>()V> (0x00000000cd3a5db8) 
thrown [s\src\hotspot\share\prims\jni.cpp, line 1112]
Event: 30.688 Thread 0x0000017f7bc443e0 Exception <a 'sun/nio/fs/WindowsException'{0x00000000eb4d2d78}> (0x00000000eb4d2d78) 
thrown [s\src\hotspot\share\prims\jni.cpp, line 516]
Event: 30.688 Thread 0x0000017f7bc443e0 Exception <a 'sun/nio/fs/WindowsException'{0x00000000eb509e58}> (0x00000000eb509e58) 
thrown [s\src\hotspot\share\prims\jni.cpp, line 516]
Event: 30.688 Thread 0x0000017f7bc443e0 Exception <a 'sun/nio/fs/WindowsException'{0x00000000eb54f7d8}> (0x00000000eb54f7d8) 
thrown [s\src\hotspot\share\prims\jni.cpp, line 516]
Event: 30.689 Thread 0x0000017f7bc443e0 Exception <a 'sun/nio/fs/WindowsException'{0x00000000eb59d0e0}> (0x00000000eb59d0e0) 
thrown [s\src\hotspot\share\prims\jni.cpp, line 516]
Event: 30.689 Thread 0x0000017f7bc443e0 Exception <a 'sun/nio/fs/WindowsException'{0x00000000eb5d2c60}> (0x00000000eb5d2c60) 
thrown [s\src\hotspot\share\prims\jni.cpp, line 516]
Event: 30.690 Thread 0x0000017f7bc443e0 Exception <a 'sun/nio/fs/WindowsException'{0x00000000eb61d9e8}> (0x00000000eb61d9e8) 
thrown [s\src\hotspot\share\prims\jni.cpp, line 516]
Event: 30.690 Thread 0x0000017f7bc443e0 Exception <a 'sun/nio/fs/WindowsException'{0x00000000eb65afc8}> (0x00000000eb65afc8) 
thrown [s\src\hotspot\share\prims\jni.cpp, line 516]
Event: 30.690 Thread 0x0000017f7bc443e0 Exception <a 'sun/nio/fs/WindowsException'{0x00000000eb690de0}> (0x00000000eb690de0) 
thrown [s\src\hotspot\share\prims\jni.cpp, line 516]
Event: 30.691 Thread 0x0000017f7bc443e0 Exception <a 'sun/nio/fs/WindowsException'{0x00000000eb6c10c0}> (0x00000000eb6c10c0) 
thrown [s\src\hotspot\share\prims\jni.cpp, line 516]
Event: 30.691 Thread 0x0000017f7bc443e0 Exception <a 'sun/nio/fs/WindowsException'{0x00000000eb6e4cb0}> (0x00000000eb6e4cb0) 
thrown [s\src\hotspot\share\prims\jni.cpp, line 516]
Event: 30.691 Thread 0x0000017f7bc443e0 Exception <a 'sun/nio/fs/WindowsException'{0x00000000eb70d2f8}> (0x00000000eb70d2f8) 
thrown [s\src\hotspot\share\prims\jni.cpp, line 516]
Event: 30.691 Thread 0x0000017f7bc443e0 Exception <a 'sun/nio/fs/WindowsException'{0x00000000eb74b5f8}> (0x00000000eb74b5f8) 
thrown [s\src\hotspot\share\prims\jni.cpp, line 516]
Event: 30.692 Thread 0x0000017f7bc443e0 Exception <a 'sun/nio/fs/WindowsException'{0x00000000eb792b60}> (0x00000000eb792b60) 
thrown [s\src\hotspot\share\prims\jni.cpp, line 516]
Event: 30.692 Thread 0x0000017f7bc443e0 Exception <a 'sun/nio/fs/WindowsException'{0x00000000eb7d0350}> (0x00000000eb7d0350) 
thrown [s\src\hotspot\share\prims\jni.cpp, line 516]

VM Operations (20 events):
Event: 30.277 Executing VM operation: ParallelGCFailedAllocation
Event: 30.327 Executing VM operation: ParallelGCFailedAllocation done
Event: 30.327 Executing VM operation: ParallelGCFailedAllocation
Event: 30.375 Executing VM operation: ParallelGCFailedAllocation done
Event: 30.375 Executing VM operation: ParallelGCFailedAllocation
Event: 30.422 Executing VM operation: ParallelGCFailedAllocation done
Event: 30.422 Executing VM operation: ParallelGCFailedAllocation
Event: 30.468 Executing VM operation: ParallelGCFailedAllocation done
Event: 30.468 Executing VM operation: ParallelGCFailedAllocation
Event: 30.514 Executing VM operation: ParallelGCFailedAllocation done
Event: 30.514 Executing VM operation: ParallelGCFailedAllocation
Event: 30.561 Executing VM operation: ParallelGCFailedAllocation done
Event: 30.561 Executing VM operation: ParallelGCFailedAllocation
Event: 30.610 Executing VM operation: ParallelGCFailedAllocation done
Event: 30.610 Executing VM operation: ParallelGCFailedAllocation
Event: 30.658 Executing VM operation: ParallelGCFailedAllocation done
Event: 30.658 Executing VM operation: ParallelGCFailedAllocation
Event: 30.672 Executing VM operation: ParallelGCFailedAllocation done
Event: 30.688 Executing VM operation: HandshakeAllThreads
Event: 30.688 Executing VM operation: HandshakeAllThreads done

Events (20 events):
Event: 30.685 loading class sun/security/ssl/SignatureScheme done
Event: 30.685 loading class sun/security/ssl/PredefinedDHParameterSpecs
Event: 30.685 loading class sun/security/ssl/PredefinedDHParameterSpecs done
Event: 30.686 loading class sun/security/ssl/PredefinedDHParameterSpecs$1
Event: 30.686 loading class sun/security/ssl/PredefinedDHParameterSpecs$1 done
Event: 30.686 loading class sun/security/util/SafeDHParameterSpec
Event: 30.686 loading class javax/crypto/spec/DHParameterSpec
Event: 30.686 loading class javax/crypto/spec/DHParameterSpec done
Event: 30.686 loading class sun/security/util/SafeDHParameterSpec done
Event: 30.686 loading class com/sun/crypto/provider/DHParameters
Event: 30.686 loading class com/sun/crypto/provider/DHParameters done
Event: 30.687 loading class sun/security/provider/SHA5$SHA512
Event: 30.687 loading class sun/security/provider/SHA5$SHA512 done
Event: 30.689 Thread 0x0000017f7e58d900 Thread added: 0x0000017f7e58d900
Event: 30.689 Thread 0x0000017f7e58b3d0 Thread added: 0x0000017f7e58b3d0
Event: 30.689 loading class java/security/spec/EdDSAParameterSpec
Event: 30.689 loading class java/security/spec/EdDSAParameterSpec done
Event: 30.691 loading class sun/security/util/math/IntegerFieldModuloP
Event: 30.691 loading class sun/security/util/math/IntegerFieldModuloP done
Event: 30.692 loading class sun/security/util/math/intpoly/IntegerPolynomial25519


Dynamic libraries:
0x00007ff7d6c90000 - 0x00007ff7d6c9e000 	c:\Users\Sravi\.vscode\extensions\redhat.java-1.31.0-win32-x64\jre\17.0.11-win32-x86_64\bin\java.exe
0x00007ffe72c70000 - 0x00007ffe72e87000 	C:\windows\SYSTEM32\ntdll.dll
0x00007ffe71bc0000 - 0x00007ffe71c84000 	C:\windows\System32\KERNEL32.DLL
0x00007ffe6ff90000 - 0x00007ffe70337000 	C:\windows\System32\KERNELBASE.dll
0x00007ffe70450000 - 0x00007ffe70561000 	C:\windows\System32\ucrtbase.dll
0x00007ffe532e0000 - 0x00007ffe532f7000 	c:\Users\Sravi\.vscode\extensions\redhat.java-1.31.0-win32-x64\jre\17.0.11-win32-x86_64\bin\jli.dll
0x00007ffe72050000 - 0x00007ffe721fe000 	C:\windows\System32\USER32.dll
0x00007ffe3c910000 - 0x00007ffe3c92b000 	c:\Users\Sravi\.vscode\extensions\redhat.java-1.31.0-win32-x64\jre\17.0.11-win32-x86_64\bin\VCRUNTIME140.dll
0x00007ffe706e0000 - 0x00007ffe70706000 	C:\windows\System32\win32u.dll
0x00007ffe71df0000 - 0x00007ffe71e19000 	C:\windows\System32\GDI32.dll
0x00007ffe70800000 - 0x00007ffe70919000 	C:\windows\System32\gdi32full.dll
0x00007ffe70340000 - 0x00007ffe703da000 	C:\windows\System32\msvcp_win.dll
0x00007ffe547c0000 - 0x00007ffe54a53000 	C:\windows\WinSxS\amd64_microsoft.windows.common-controls_6595b64144ccf1df_6.0.22621.3527_none_270e469b73872a76\COMCTL32.dll
0x00007ffe70a10000 - 0x00007ffe70ab7000 	C:\windows\System32\msvcrt.dll
0x00007ffe70bb0000 - 0x00007ffe70be1000 	C:\windows\System32\IMM32.DLL
0x00007ffe648e0000 - 0x00007ffe648ec000 	c:\Users\Sravi\.vscode\extensions\redhat.java-1.31.0-win32-x64\jre\17.0.11-win32-x86_64\bin\vcruntime140_1.dll
0x00007ffe246a0000 - 0x00007ffe2472d000 	c:\Users\Sravi\.vscode\extensions\redhat.java-1.31.0-win32-x64\jre\17.0.11-win32-x86_64\bin\msvcp140.dll
0x00007ffdcf2b0000 - 0x00007ffdcff12000 	c:\Users\Sravi\.vscode\extensions\redhat.java-1.31.0-win32-x64\jre\17.0.11-win32-x86_64\bin\server\jvm.dll
0x00007ffe71920000 - 0x00007ffe719d2000 	C:\windows\System32\ADVAPI32.dll
0x00007ffe71e20000 - 0x00007ffe71ec8000 	C:\windows\System32\sechost.dll
0x00007ffe707d0000 - 0x00007ffe707f8000 	C:\windows\System32\bcrypt.dll
0x00007ffe719e0000 - 0x00007ffe71af5000 	C:\windows\System32\RPCRT4.dll
0x00007ffe6edd0000 - 0x00007ffe6ee1d000 	C:\windows\SYSTEM32\POWRPROF.dll
0x00007ffe4c0a0000 - 0x00007ffe4c0a9000 	C:\windows\SYSTEM32\WSOCK32.dll
0x00007ffe71ed0000 - 0x00007ffe71f41000 	C:\windows\System32\WS2_32.dll
0x00007ffe67400000 - 0x00007ffe67434000 	C:\windows\SYSTEM32\WINMM.dll
0x00007ffe67c50000 - 0x00007ffe67c5a000 	C:\windows\SYSTEM32\VERSION.dll
0x00007ffe6edb0000 - 0x00007ffe6edc3000 	C:\windows\SYSTEM32\UMPDC.dll
0x00007ffe6f060000 - 0x00007ffe6f078000 	C:\windows\SYSTEM32\kernel.appcore.dll
0x00007ffe61ba0000 - 0x00007ffe61baa000 	c:\Users\Sravi\.vscode\extensions\redhat.java-1.31.0-win32-x64\jre\17.0.11-win32-x86_64\bin\jimage.dll
0x00007ffe64c70000 - 0x00007ffe64ea2000 	C:\windows\SYSTEM32\DBGHELP.DLL
0x00007ffe71070000 - 0x00007ffe713f8000 	C:\windows\System32\combase.dll
0x00007ffe70ac0000 - 0x00007ffe70b97000 	C:\windows\System32\OLEAUT32.dll
0x00007ffe648f0000 - 0x00007ffe64922000 	C:\windows\SYSTEM32\dbgcore.DLL
0x00007ffe70920000 - 0x00007ffe70999000 	C:\windows\System32\bcryptPrimitives.dll
0x00007ffe58390000 - 0x00007ffe5839e000 	c:\Users\Sravi\.vscode\extensions\redhat.java-1.31.0-win32-x64\jre\17.0.11-win32-x86_64\bin\instrument.dll
0x00007ffe3b880000 - 0x00007ffe3b8a5000 	c:\Users\Sravi\.vscode\extensions\redhat.java-1.31.0-win32-x64\jre\17.0.11-win32-x86_64\bin\java.dll
0x00007ffe3c180000 - 0x00007ffe3c198000 	c:\Users\Sravi\.vscode\extensions\redhat.java-1.31.0-win32-x64\jre\17.0.11-win32-x86_64\bin\zip.dll
0x00007ffe723d0000 - 0x00007ffe72c2c000 	C:\windows\System32\SHELL32.dll
0x00007ffe6de90000 - 0x00007ffe6e786000 	C:\windows\SYSTEM32\windows.storage.dll
0x00007ffe6dd50000 - 0x00007ffe6de8e000 	C:\windows\SYSTEM32\wintypes.dll
0x00007ffe71600000 - 0x00007ffe716f5000 	C:\windows\System32\SHCORE.dll
0x00007ffe71700000 - 0x00007ffe7175e000 	C:\windows\System32\shlwapi.dll
0x00007ffe6fec0000 - 0x00007ffe6fee1000 	C:\windows\SYSTEM32\profapi.dll
0x00007ffe3bb10000 - 0x00007ffe3bb29000 	C:\Users\Sravi\.vscode\extensions\redhat.java-1.31.0-win32-x64\jre\17.0.11-win32-x86_64\bin\net.dll
0x00007ffe69b30000 - 0x00007ffe69c66000 	C:\windows\SYSTEM32\WINHTTP.dll
0x00007ffe6f4d0000 - 0x00007ffe6f539000 	C:\windows\system32\mswsock.dll
0x00007ffe3b980000 - 0x00007ffe3b996000 	C:\Users\Sravi\.vscode\extensions\redhat.java-1.31.0-win32-x64\jre\17.0.11-win32-x86_64\bin\nio.dll
0x00007ffe52590000 - 0x00007ffe525a0000 	c:\Users\Sravi\.vscode\extensions\redhat.java-1.31.0-win32-x64\jre\17.0.11-win32-x86_64\bin\verify.dll
0x00007ffe2dee0000 - 0x00007ffe2df24000 	C:\Users\Sravi\AppData\Roaming\Code\User\globalStorage\redhat.java\1.31.0\config_win\org.eclipse.equinox.launcher\org.eclipse.equinox.launcher.win32.win32.x86_64_1.2.1000.v20240507-1834\eclipse_11902.dll
0x00007ffe71400000 - 0x00007ffe715a5000 	C:\windows\System32\ole32.dll
0x00007ffe6f700000 - 0x00007ffe6f71b000 	C:\windows\SYSTEM32\CRYPTSP.dll
0x00007ffe6efc0000 - 0x00007ffe6eff5000 	C:\windows\system32\rsaenh.dll
0x00007ffe6f590000 - 0x00007ffe6f5b8000 	C:\windows\SYSTEM32\USERENV.dll
0x00007ffe6f6f0000 - 0x00007ffe6f6fc000 	C:\windows\SYSTEM32\CRYPTBASE.dll
0x00007ffe6ea60000 - 0x00007ffe6ea8d000 	C:\windows\SYSTEM32\IPHLPAPI.DLL
0x00007ffe70ba0000 - 0x00007ffe70ba9000 	C:\windows\System32\NSI.dll
0x00007ffe68790000 - 0x00007ffe687a9000 	C:\windows\SYSTEM32\dhcpcsvc6.DLL
0x00007ffe686c0000 - 0x00007ffe686df000 	C:\windows\SYSTEM32\dhcpcsvc.DLL
0x00007ffe6ead0000 - 0x00007ffe6ebc8000 	C:\windows\SYSTEM32\DNSAPI.dll
0x00007ffe288f0000 - 0x00007ffe28935000 	C:\Users\Sravi\AppData\Local\Temp\jna-80145397\jna4361781137597002825.dll
0x00007ffe71bb0000 - 0x00007ffe71bb8000 	C:\windows\System32\PSAPI.DLL
0x00007ffe3ba10000 - 0x00007ffe3ba37000 	C:\Users\Sravi\.gradle\native\c067742578af261105cb4f569cf0c3c89f3d7b1fecec35dd04571415982c5e48\windows-amd64\native-platform.dll
0x00007ffe52500000 - 0x00007ffe52509000 	C:\Users\Sravi\.vscode\extensions\redhat.java-1.31.0-win32-x64\jre\17.0.11-win32-x86_64\bin\management.dll
0x00007ffe4cef0000 - 0x00007ffe4cefb000 	C:\Users\Sravi\.vscode\extensions\redhat.java-1.31.0-win32-x64\jre\17.0.11-win32-x86_64\bin\management_ext.dll
0x00007ffe4c500000 - 0x00007ffe4c509000 	C:\Users\Sravi\.vscode\extensions\redhat.java-1.31.0-win32-x64\jre\17.0.11-win32-x86_64\bin\extnet.dll
0x00007ffe438e0000 - 0x00007ffe438ee000 	C:\Users\Sravi\.vscode\extensions\redhat.java-1.31.0-win32-x64\jre\17.0.11-win32-x86_64\bin\sunmscapi.dll
0x00007ffe70570000 - 0x00007ffe706d8000 	C:\windows\System32\CRYPT32.dll
0x00007ffe6f930000 - 0x00007ffe6f95e000 	C:\windows\SYSTEM32\ncrypt.dll
0x00007ffe6f8f0000 - 0x00007ffe6f927000 	C:\windows\SYSTEM32\NTASN1.dll
0x00007ffe048c0000 - 0x00007ffe048c8000 	C:\windows\system32\wshunix.dll

dbghelp: loaded successfully - version: 4.0.5 - missing functions: none
symbol engine: initialized successfully - sym options: 0x614 - pdb path: .;c:\Users\Sravi\.vscode\extensions\redhat.java-1.31.0-win32-x64\jre\17.0.11-win32-x86_64\bin;C:\windows\SYSTEM32;C:\windows\WinSxS\amd64_microsoft.windows.common-controls_6595b64144ccf1df_6.0.22621.3527_none_270e469b73872a76;c:\Users\Sravi\.vscode\extensions\redhat.java-1.31.0-win32-x64\jre\17.0.11-win32-x86_64\bin\server;C:\Users\Sravi\AppData\Roaming\Code\User\globalStorage\redhat.java\1.31.0\config_win\org.eclipse.equinox.launcher\org.eclipse.equinox.launcher.win32.win32.x86_64_1.2.1000.v20240507-1834;C:\Users\Sravi\AppData\Local\Temp\jna-80145397;C:\Users\Sravi\.gradle\native\c067742578af261105cb4f569cf0c3c89f3d7b1fecec35dd04571415982c5e48\windows-amd64

VM Arguments:
jvm_args: --add-modules=ALL-SYSTEM --add-opens=java.base/java.util=ALL-UNNAMED --add-opens=java.base/java.lang=ALL-UNNAMED --add-opens=java.base/sun.nio.fs=ALL-UNNAMED -Declipse.application=org.eclipse.jdt.ls.core.id1 -Dosgi.bundles.defaultStartLevel=4 -Declipse.product=org.eclipse.jdt.ls.core.product -Djava.import.generatesMetadataFilesAtProjectRoot=false -DDetectVMInstallationsJob.disabled=true -Dfile.encoding=utf8 -XX:+UseParallelGC -XX:GCTimeRatio=4 -XX:AdaptiveSizePolicyWeight=90 -Dsun.zip.disableMemoryMapping=true -Xmx1G -Xms100m -Xlog:disable -javaagent:c:\Users\Sravi\.vscode\extensions\redhat.java-1.31.0-win32-x64\lombok\lombok-1.18.32.jar -XX:+HeapDumpOnOutOfMemoryError -XX:HeapDumpPath=c:\Users\Sravi\AppData\Roaming\Code\User\workspaceStorage\b9614c74609065811dfd08b1a0ed215d\redhat.java -Daether.dependencyCollector.impl=bf 
java_command: c:\Users\Sravi\.vscode\extensions\redhat.java-1.31.0-win32-x64\server\plugins\org.eclipse.equinox.launcher_1.6.800.v20240513-1750.jar -configuration c:\Users\Sravi\AppData\Roaming\Code\User\globalStorage\redhat.java\1.31.0\config_win -data c:\Users\Sravi\AppData\Roaming\Code\User\workspaceStorage\b9614c74609065811dfd08b1a0ed215d\redhat.java\jdt_ws --pipe=\\.\pipe\lsp-1a1aa54fcb730144e87190d4518f4254-sock
java_class_path (initial): c:\Users\Sravi\.vscode\extensions\redhat.java-1.31.0-win32-x64\server\plugins\org.eclipse.equinox.launcher_1.6.800.v20240513-1750.jar
Launcher Type: SUN_STANDARD

[Global flags]
    uintx AdaptiveSizePolicyWeight                 = 90                                        {product} {command line}
     intx CICompilerCount                          = 4                                         {product} {ergonomic}
    uintx GCTimeRatio                              = 4                                         {product} {command line}
     bool HeapDumpOnOutOfMemoryError               = true                                   {manageable} {command line}
    ccstr HeapDumpPath                             = c:\Users\Sravi\AppData\Roaming\Code\User\workspaceStorage\b9614c74609065811dfd08b1a0ed215d\redhat.java         {manageable} {command line}
   size_t InitialHeapSize                          = 104857600                                 {product} {command line}
   size_t MaxHeapSize                              = 1073741824                                {product} {command line}
   size_t MaxNewSize                               = 357564416                                 {product} {ergonomic}
   size_t MinHeapDeltaBytes                        = 524288                                    {product} {ergonomic}
   size_t MinHeapSize                              = 104857600                                 {product} {command line}
   size_t NewSize                                  = 34603008                                  {product} {ergonomic}
    uintx NonNMethodCodeHeapSize                   = 5839372                                {pd product} {ergonomic}
    uintx NonProfiledCodeHeapSize                  = 122909434                              {pd product} {ergonomic}
   size_t OldSize                                  = 70254592                                  {product} {ergonomic}
    uintx ProfiledCodeHeapSize                     = 122909434                              {pd product} {ergonomic}
    uintx ReservedCodeCacheSize                    = 251658240                              {pd product} {ergonomic}
     bool SegmentedCodeCache                       = true                                      {product} {ergonomic}
   size_t SoftMaxHeapSize                          = 1073741824                             {manageable} {ergonomic}
     bool UseCompressedClassPointers               = true                           {product lp64_product} {ergonomic}
     bool UseCompressedOops                        = true                           {product lp64_product} {ergonomic}
     bool UseLargePagesIndividualAllocation        = false                                  {pd product} {ergonomic}
     bool UseParallelGC                            = true                                      {product} {command line}

Logging:
Log output configuration:
 #0: stdout all=off uptime,level,tags
 #1: stderr all=off uptime,level,tags

Environment Variables:
JAVA_HOME=C:\Program Files\Microsoft\jdk-17.0.11.9-hotspot\
PATH=C:\Program Files\Microsoft\jdk-17.0.11.9-hotspot\bin;C:\Program Files\Common Files\Oracle\Java\javapath;C:\Program Files\Git\bin;C:\windows\system32;C:\windows;C:\windows\System32\Wbem;C:\windows\System32\WindowsPowerShell\v1.0\;C:\windows\System32\OpenSSH\;C:\Program Files (x86)\NVIDIA Corporation\PhysX\Common;C:\Program Files\NVIDIA Corporation\NVIDIA NvDLISR;C:\Program Files\MongoDB\Server\5.0\bin;C:\Program Files\MySQL\MySQL Server 8.0\bin;C:\Program Files\Java\bin;C:\Program Files\HP\HP One Agent;C:\Android;C:\Windows\System32;C:\ProgramData\chocolatey\bin;C:\Program Files\Microsoft\jdk-17.0.11.9-hotspot\\bin;D:\vikaas\aadhar\apache-maven-3.9.6\bin;C:\Program Files\nodejs\;C:\Users\Sravi\AppData\Local\Android\Sdk\platform-tools;C:\Program Files\Java\jdk-22\bin;C:\Users\dart-sdk\bin;C:\Users\Sravi\AppData\Local\Microsoft\WindowsApps;C:\Software\vs code\Microsoft VS Code\bin;C:\Users\Sravi\.fly\bin;C:\Program Files\nodejs\node_modules\npm\bin;C:\Users\Sravi\AppData\Local\Pub\Cache\bin;C:\Users\gradle-8.7\bin;C:\Users\flutter\bin;C:\Users\Sravi\AppData\Roaming\npm
USERNAME=Sravi
OS=Windows_NT
PROCESSOR_IDENTIFIER=AMD64 Family 25 Model 80 Stepping 0, AuthenticAMD
TMP=C:\Users\Sravi\AppData\Local\Temp
TEMP=C:\Users\Sravi\AppData\Local\Temp



Periodic native trim disabled


---------------  S Y S T E M  ---------------

OS:
 Windows 11 , 64 bit Build 22621 (10.0.22621.3527)
OS uptime: 0 days 5:08 hours
Hyper-V role detected

CPU: total 12 (initial active 12) (12 cores per cpu, 2 threads per core) family 25 model 80 stepping 0 microcode 0x0, cx8, cmov, fxsr, ht, mmx, 3dnowpref, sse, sse2, sse3, ssse3, sse4a, sse4.1, sse4.2, popcnt, lzcnt, tsc, tscinvbit, avx, avx2, aes, erms, clmul, bmi1, bmi2, adx, sha, fma, vzeroupper, clflush, clflushopt, hv
Processor Information for processor 0
  Max Mhz: 3301, Current Mhz: 2011, Mhz Limit: 3301
Processor Information for processor 1
  Max Mhz: 3301, Current Mhz: 3301, Mhz Limit: 3301
Processor Information for processor 2
  Max Mhz: 3301, Current Mhz: 3301, Mhz Limit: 3301
Processor Information for processor 3
  Max Mhz: 3301, Current Mhz: 2011, Mhz Limit: 3301
Processor Information for processor 4
  Max Mhz: 3301, Current Mhz: 3301, Mhz Limit: 3301
Processor Information for processor 5
  Max Mhz: 3301, Current Mhz: 3301, Mhz Limit: 3301
Processor Information for processor 6
  Max Mhz: 3301, Current Mhz: 3301, Mhz Limit: 3301
Processor Information for processor 7
  Max Mhz: 3301, Current Mhz: 3301, Mhz Limit: 3301
Processor Information for processor 8
  Max Mhz: 3301, Current Mhz: 2011, Mhz Limit: 3301
Processor Information for processor 9
  Max Mhz: 3301, Current Mhz: 2011, Mhz Limit: 3301
Processor Information for processor 10
  Max Mhz: 3301, Current Mhz: 2011, Mhz Limit: 3301
Processor Information for processor 11
  Max Mhz: 3301, Current Mhz: 2011, Mhz Limit: 3301

Memory: 4k page, system-wide physical 7519M (1135M free)
TotalPageFile size 12444M (AvailPageFile size 1M)
current process WorkingSet (physical memory assigned to process): 529M, peak: 551M
current process commit charge ("private bytes"): 947M, peak: 987M

vm_info: OpenJDK 64-Bit Server VM (17.0.11+9) for windows-amd64 JRE (17.0.11+9), built on Apr 17 2024 06:07:48 by "admin" with MS VC++ 16.10 / 16.11 (VS2019)

END.
