#
# There is insufficient memory for the Java Runtime Environment to continue.
# Native memory allocation (malloc) failed to allocate 1045616 bytes. Error detail: Chunk::new
# Possible reasons:
#   The system is out of physical RAM or swap space
#   This process is running with CompressedOops enabled, and the Java Heap may be blocking the growth of the native heap
# Possible solutions:
#   Reduce memory load on the system
#   Increase physical memory or swap space
#   Check if swap backing store is full
#   Decrease Java heap size (-Xmx/-Xms)
#   Decrease number of Java threads
#   Decrease Java thread stack sizes (-Xss)
#   Set larger code cache with -XX:ReservedCodeCacheSize=
#   JVM is running with Unscaled Compressed Oops mode in which the Java heap is
#     placed in the first 4GB address space. The Java Heap base address is the
#     maximum limit for the native heap growth. Please use -XX:HeapBaseMinAddress
#     to set the Java Heap base and to place the Java Heap above 4GB virtual address.
# This output file may be truncated or incomplete.
#
#  Out of Memory Error (arena.cpp:191), pid=15252, tid=13932
#
# JRE version: OpenJDK Runtime Environment Temurin-17.0.11+9 (17.0.11+9) (build 17.0.11+9)
# Java VM: OpenJDK 64-Bit Server VM Temurin-17.0.11+9 (17.0.11+9, mixed mode, tiered, compressed oops, compressed class ptrs, parallel gc, windows-amd64)
# No core dump will be written. Minidumps are not enabled by default on client versions of Windows
#

---------------  S U M M A R Y ------------

Command Line: --add-modules=ALL-SYSTEM --add-opens=java.base/java.util=ALL-UNNAMED --add-opens=java.base/java.lang=ALL-UNNAMED --add-opens=java.base/sun.nio.fs=ALL-UNNAMED -Declipse.application=org.eclipse.jdt.ls.core.id1 -Dosgi.bundles.defaultStartLevel=4 -Declipse.product=org.eclipse.jdt.ls.core.product -Djava.import.generatesMetadataFilesAtProjectRoot=false -DDetectVMInstallationsJob.disabled=true -Dfile.encoding=utf8 -XX:+UseParallelGC -XX:GCTimeRatio=4 -XX:AdaptiveSizePolicyWeight=90 -Dsun.zip.disableMemoryMapping=true -Xmx1G -Xms100m -Xlog:disable -javaagent:c:\Users\Sravi\.vscode\extensions\redhat.java-1.31.0-win32-x64\lombok\lombok-1.18.32.jar -XX:+HeapDumpOnOutOfMemoryError -XX:HeapDumpPath=c:\Users\Sravi\AppData\Roaming\Code\User\workspaceStorage\b9614c74609065811dfd08b1a0ed215d\redhat.java -Daether.dependencyCollector.impl=bf c:\Users\Sravi\.vscode\extensions\redhat.java-1.31.0-win32-x64\server\plugins\org.eclipse.equinox.launcher_1.6.800.v20240513-1750.jar -configuration c:\Users\Sravi\AppData\Roaming\Code\User\globalStorage\redhat.java\1.31.0\config_win -data c:\Users\Sravi\AppData\Roaming\Code\User\workspaceStorage\b9614c74609065811dfd08b1a0ed215d\redhat.java\jdt_ws --pipe=\\.\pipe\lsp-3b59cf3326a71cdac3af9739a7443a66-sock

Host: AMD Ryzen 5 5600H with Radeon Graphics         , 12 cores, 7G,  Windows 11 , 64 bit Build 22621 (10.0.22621.3527)
Time: Mon Jun  3 14:57:53 2024 India Standard Time elapsed time: 9.818402 seconds (0d 0h 0m 9s)

---------------  T H R E A D  ---------------

Current thread (0x000001ea30b4a9e0):  JavaThread "C2 CompilerThread0" daemon [_thread_in_native, id=13932, stack(0x000000374b400000,0x000000374b500000)]


Current CompileTask:
C2:   9818 7714       4       org.eclipse.jdt.internal.core.search.indexing.AbstractIndexer::addMethodDeclaration (105 bytes)

Stack: [0x000000374b400000,0x000000374b500000]
Native frames: (J=compiled Java code, j=interpreted, Vv=VM code, C=native code)
V  [jvm.dll+0x67d429]
V  [jvm.dll+0x834b7a]
V  [jvm.dll+0x83663e]
V  [jvm.dll+0x836ca3]
V  [jvm.dll+0x247dbf]
V  [jvm.dll+0xac534]
V  [jvm.dll+0xacb7c]
V  [jvm.dll+0x3665f2]
V  [jvm.dll+0x1bd272]
V  [jvm.dll+0x21a5c9]
V  [jvm.dll+0x2198b1]
V  [jvm.dll+0x1a534d]
V  [jvm.dll+0x2295cd]
V  [jvm.dll+0x22779c]
V  [jvm.dll+0x7e9d07]
V  [jvm.dll+0x7e410a]
V  [jvm.dll+0x67c315]
C  [ucrtbase.dll+0x29333]
C  [KERNEL32.DLL+0x1257d]
C  [ntdll.dll+0x5aa48]


---------------  P R O C E S S  ---------------

Threads class SMR info:
_java_thread_list=0x000001ea3450cf00, length=56, elements={
0x000001ea1790de20, 0x000001ea2b79dac0, 0x000001ea30b18410, 0x000001ea30b46f20,
0x000001ea30b47cb0, 0x000001ea30b48b30, 0x000001ea30b49af0, 0x000001ea30b4a9e0,
0x000001ea30b61520, 0x000001ea30b62c60, 0x000001ea30cbb740, 0x000001ea30e9e8b0,
0x000001ea323179a0, 0x000001ea323183c0, 0x000001ea323188d0, 0x000001ea32316a70,
0x000001ea32317eb0, 0x000001ea32316050, 0x000001ea32318de0, 0x000001ea32319800,
0x000001ea33b212b0, 0x000001ea33b23620, 0x000001ea33b20da0, 0x000001ea33b22c00,
0x000001ea33b23b30, 0x000001ea33b21cd0, 0x000001ea33b217c0, 0x000001ea33b20890,
0x000001ea33b221e0, 0x000001ea33b226f0, 0x000001ea33b23110, 0x000001ea355e08f0,
0x000001ea355e6e30, 0x000001ea355e3170, 0x000001ea355e1310, 0x000001ea355e40a0,
0x000001ea355e3680, 0x000001ea355e45b0, 0x000001ea355e6920, 0x000001ea355e4fd0,
0x000001ea355e3b90, 0x000001ea355e54e0, 0x000001ea355e59f0, 0x000001ea355e5f00,
0x000001ea355e6410, 0x000001ea355e7340, 0x000001ea355e03e0, 0x000001ea355e2c60,
0x000001ea355e7d60, 0x000001ea355e1d30, 0x000001ea355e0e00, 0x000001ea355e2240,
0x000001ea355e2750, 0x000001ea35651d70, 0x000001ea3564d690, 0x000001ea35652790
}

Java Threads: ( => current thread )
  0x000001ea1790de20 JavaThread "main" [_thread_blocked, id=21320, stack(0x000000374ab00000,0x000000374ac00000)]
  0x000001ea2b79dac0 JavaThread "Reference Handler" daemon [_thread_blocked, id=20220, stack(0x000000374ae00000,0x000000374af00000)]
  0x000001ea30b18410 JavaThread "Finalizer" daemon [_thread_blocked, id=10856, stack(0x000000374af00000,0x000000374b000000)]
  0x000001ea30b46f20 JavaThread "Signal Dispatcher" daemon [_thread_blocked, id=8904, stack(0x000000374b000000,0x000000374b100000)]
  0x000001ea30b47cb0 JavaThread "Attach Listener" daemon [_thread_blocked, id=11296, stack(0x000000374b100000,0x000000374b200000)]
  0x000001ea30b48b30 JavaThread "Service Thread" daemon [_thread_blocked, id=20196, stack(0x000000374b200000,0x000000374b300000)]
  0x000001ea30b49af0 JavaThread "Monitor Deflation Thread" daemon [_thread_blocked, id=10868, stack(0x000000374b300000,0x000000374b400000)]
=>0x000001ea30b4a9e0 JavaThread "C2 CompilerThread0" daemon [_thread_in_native, id=13932, stack(0x000000374b400000,0x000000374b500000)]
  0x000001ea30b61520 JavaThread "C1 CompilerThread0" daemon [_thread_blocked, id=16336, stack(0x000000374b500000,0x000000374b600000)]
  0x000001ea30b62c60 JavaThread "Sweeper thread" daemon [_thread_blocked, id=21372, stack(0x000000374b600000,0x000000374b700000)]
  0x000001ea30cbb740 JavaThread "Common-Cleaner" daemon [_thread_blocked, id=16244, stack(0x000000374b700000,0x000000374b800000)]
  0x000001ea30e9e8b0 JavaThread "Notification Thread" daemon [_thread_blocked, id=19756, stack(0x000000374b800000,0x000000374b900000)]
  0x000001ea323179a0 JavaThread "Active Thread: Equinox Container: c3d706ec-2525-482e-9a24-f31ede96ed22" [_thread_blocked, id=16764, stack(0x000000374c200000,0x000000374c300000)]
  0x000001ea323183c0 JavaThread "Framework Event Dispatcher: Equinox Container: c3d706ec-2525-482e-9a24-f31ede96ed22" daemon [_thread_blocked, id=15472, stack(0x000000374c300000,0x000000374c400000)]
  0x000001ea323188d0 JavaThread "Start Level: Equinox Container: c3d706ec-2525-482e-9a24-f31ede96ed22" daemon [_thread_blocked, id=1344, stack(0x000000374c400000,0x000000374c500000)]
  0x000001ea32316a70 JavaThread "Bundle File Closer" daemon [_thread_blocked, id=20444, stack(0x000000374c600000,0x000000374c700000)]
  0x000001ea32317eb0 JavaThread "SCR Component Actor" daemon [_thread_blocked, id=2824, stack(0x000000374c700000,0x000000374c800000)]
  0x000001ea32316050 JavaThread "Worker-JM" [_thread_blocked, id=2928, stack(0x000000374cb00000,0x000000374cc00000)]
  0x000001ea32318de0 JavaThread "Worker-0: Initialize Workspace" [_thread_blocked, id=9676, stack(0x000000374bb00000,0x000000374bc00000)]
  0x000001ea32319800 JavaThread "Worker-1: Java indexing... " [_thread_blocked, id=11148, stack(0x000000374cc00000,0x000000374cd00000)]
  0x000001ea33b212b0 JavaThread "Java indexing" daemon [_thread_in_Java, id=5096, stack(0x000000374cd00000,0x000000374ce00000)]
  0x000001ea33b23620 JavaThread "JNA Cleaner" daemon [_thread_blocked, id=17168, stack(0x000000374ce00000,0x000000374cf00000)]
  0x000001ea33b20da0 JavaThread "Thread-2" daemon [_thread_in_native, id=20696, stack(0x000000374cf00000,0x000000374d000000)]
  0x000001ea33b22c00 JavaThread "Thread-3" daemon [_thread_in_native, id=11832, stack(0x000000374d000000,0x000000374d100000)]
  0x000001ea33b23b30 JavaThread "Thread-4" daemon [_thread_in_native, id=5840, stack(0x000000374d100000,0x000000374d200000)]
  0x000001ea33b21cd0 JavaThread "Thread-5" daemon [_thread_in_native, id=13324, stack(0x000000374d200000,0x000000374d300000)]
  0x000001ea33b217c0 JavaThread "Thread-6" daemon [_thread_in_native, id=20684, stack(0x000000374d300000,0x000000374d400000)]
  0x000001ea33b20890 JavaThread "Thread-7" daemon [_thread_in_native, id=17252, stack(0x000000374d400000,0x000000374d500000)]
  0x000001ea33b221e0 JavaThread "Thread-8" daemon [_thread_in_native, id=14832, stack(0x000000374d500000,0x000000374d600000)]
  0x000001ea33b226f0 JavaThread "Thread-9" daemon [_thread_in_native, id=8320, stack(0x000000374d600000,0x000000374d700000)]
  0x000001ea33b23110 JavaThread "Thread-10" daemon [_thread_in_native, id=13468, stack(0x000000374d700000,0x000000374d800000)]
  0x000001ea355e08f0 JavaThread "Thread-11" daemon [_thread_in_native, id=17552, stack(0x000000374d800000,0x000000374d900000)]
  0x000001ea355e6e30 JavaThread "Thread-12" daemon [_thread_in_native, id=18808, stack(0x000000374d900000,0x000000374da00000)]
  0x000001ea355e3170 JavaThread "Thread-13" daemon [_thread_in_native, id=12780, stack(0x000000374da00000,0x000000374db00000)]
  0x000001ea355e1310 JavaThread "Thread-14" daemon [_thread_in_native, id=11640, stack(0x000000374db00000,0x000000374dc00000)]
  0x000001ea355e40a0 JavaThread "pool-2-thread-1" [_thread_blocked, id=3520, stack(0x000000374dc00000,0x000000374dd00000)]
  0x000001ea355e3680 JavaThread "WorkspaceEventsHandler" [_thread_blocked, id=19056, stack(0x000000374dd00000,0x000000374de00000)]
  0x000001ea355e45b0 JavaThread "pool-1-thread-1" [_thread_blocked, id=14984, stack(0x000000374de00000,0x000000374df00000)]
  0x000001ea355e6920 JavaThread "Worker-2: Synchronize Gradle projects with workspace" [_thread_blocked, id=16088, stack(0x000000374df00000,0x000000374e000000)]
  0x000001ea355e4fd0 JavaThread "Worker-3" [_thread_blocked, id=18680, stack(0x000000374e000000,0x000000374e100000)]
  0x000001ea355e3b90 JavaThread "Timer-0" [_thread_blocked, id=20908, stack(0x000000374e100000,0x000000374e200000)]
  0x000001ea355e54e0 JavaThread "Timer-1" [_thread_blocked, id=19748, stack(0x000000374e200000,0x000000374e300000)]
  0x000001ea355e59f0 JavaThread "Timer-2" [_thread_blocked, id=19012, stack(0x000000374e400000,0x000000374e500000)]
  0x000001ea355e5f00 JavaThread "Exec process" [_thread_blocked, id=16056, stack(0x000000374e600000,0x000000374e700000)]
  0x000001ea355e6410 JavaThread "Exec process Thread 2" [_thread_blocked, id=3416, stack(0x000000374e700000,0x000000374e800000)]
  0x000001ea355e7340 JavaThread "Exec process Thread 3" [_thread_blocked, id=14896, stack(0x000000374e800000,0x000000374e900000)]
  0x000001ea355e03e0 JavaThread "Timer-3" [_thread_blocked, id=12132, stack(0x000000374ba00000,0x000000374bb00000)]
  0x000001ea355e2c60 JavaThread "Timer-4" [_thread_blocked, id=3364, stack(0x000000374e500000,0x000000374e600000)]
  0x000001ea355e7d60 JavaThread "Timer-5" [_thread_blocked, id=19176, stack(0x000000374e300000,0x000000374e400000)]
  0x000001ea355e1d30 JavaThread "Worker-4" [_thread_blocked, id=17288, stack(0x000000374e900000,0x000000374ea00000)]
  0x000001ea355e0e00 JavaThread "Timer-6" [_thread_blocked, id=1184, stack(0x000000374ea00000,0x000000374eb00000)]
  0x000001ea355e2240 JavaThread "Timer-7" [_thread_blocked, id=4788, stack(0x000000374eb00000,0x000000374ec00000)]
  0x000001ea355e2750 JavaThread "Connection worker" [_thread_in_native, id=12432, stack(0x000000374ec00000,0x000000374ed00000)]
  0x000001ea35651d70 JavaThread "Worker-5" [_thread_blocked, id=17404, stack(0x000000374ed00000,0x000000374ee00000)]
  0x000001ea3564d690 JavaThread "pool-3-thread-1" [_thread_blocked, id=6288, stack(0x000000374ee00000,0x000000374ef00000)]
  0x000001ea35652790 JavaThread "Forward input" [_thread_blocked, id=4540, stack(0x000000374ef00000,0x000000374f000000)]

Other Threads:
  0x000001ea30b01fd0 VMThread "VM Thread" [stack: 0x000000374ad00000,0x000000374ae00000] [id=3824]
  0x000001ea32100690 WatcherThread [stack: 0x000000374b900000,0x000000374ba00000] [id=10924]
  0x000001ea17924b90 GCTaskThread "GC Thread#0" [stack: 0x000000374ac00000,0x000000374ad00000] [id=2372]
  0x000001ea32693ff0 GCTaskThread "GC Thread#1" [stack: 0x000000374bc00000,0x000000374bd00000] [id=19560]
  0x000001ea32589770 GCTaskThread "GC Thread#2" [stack: 0x000000374bd00000,0x000000374be00000] [id=9576]
  0x000001ea32589a30 GCTaskThread "GC Thread#3" [stack: 0x000000374be00000,0x000000374bf00000] [id=4616]
  0x000001ea32865d60 GCTaskThread "GC Thread#4" [stack: 0x000000374bf00000,0x000000374c000000] [id=8064]
  0x000001ea32868840 GCTaskThread "GC Thread#5" [stack: 0x000000374c000000,0x000000374c100000] [id=16880]
  0x000001ea32868b00 GCTaskThread "GC Thread#6" [stack: 0x000000374c100000,0x000000374c200000] [id=7184]
  0x000001ea3263f900 GCTaskThread "GC Thread#7" [stack: 0x000000374c500000,0x000000374c600000] [id=4052]
  0x000001ea32c854f0 GCTaskThread "GC Thread#8" [stack: 0x000000374c800000,0x000000374c900000] [id=5304]
  0x000001ea32a7d690 GCTaskThread "GC Thread#9" [stack: 0x000000374c900000,0x000000374ca00000] [id=4856]

Threads with active compile tasks:
C2 CompilerThread0     9846 7714       4       org.eclipse.jdt.internal.core.search.indexing.AbstractIndexer::addMethodDeclaration (105 bytes)

VM state: not at safepoint (normal execution)

VM Mutex/Monitor currently owned by a thread: None

Heap address: 0x00000000c0000000, size: 1024 MB, Compressed Oops mode: 32-bit

CDS archive(s) not mapped
Compressed class space mapped at: 0x0000000100000000-0x0000000140000000, reserved size: 1073741824
Narrow klass base: 0x0000000000000000, Narrow klass shift: 3, Narrow klass range: 0x140000000

GC Precious Log:
 CPUs: 12 total, 12 available
 Memory: 7519M
 Large Page Support: Disabled
 NUMA Support: Disabled
 Compressed Oops: Enabled (32-bit)
 Alignments: Space 512K, Generation 512K, Heap 2M
 Heap Min Capacity: 100M
 Heap Initial Capacity: 100M
 Heap Max Capacity: 1G
 Pre-touch: Disabled
 Parallel Workers: 10

Heap:
 PSYoungGen      total 5120K, used 3513K [0x00000000eab00000, 0x00000000eb180000, 0x0000000100000000)
  eden space 4096K, 61% used [0x00000000eab00000,0x00000000ead71b58,0x00000000eaf00000)
  from space 1024K, 98% used [0x00000000eb080000,0x00000000eb17c948,0x00000000eb180000)
  to   space 1024K, 0% used [0x00000000eaf80000,0x00000000eaf80000,0x00000000eb080000)
 ParOldGen       total 211456K, used 185389K [0x00000000c0000000, 0x00000000cce80000, 0x00000000eab00000)
  object space 211456K, 87% used [0x00000000c0000000,0x00000000cb50b660,0x00000000cce80000)
 Metaspace       used 68372K, committed 69376K, reserved 1114112K
  class space    used 8275K, committed 8704K, reserved 1048576K

Card table byte_map: [0x000001ea172d0000,0x000001ea174e0000] _byte_map_base: 0x000001ea16cd0000

Marking Bits: (ParMarkBitMap*) 0x00007ffaea13d820
 Begin Bits: [0x000001ea295a0000, 0x000001ea2a5a0000)
 End Bits:   [0x000001ea2a5a0000, 0x000001ea2b5a0000)

Polling page: 0x000001ea170c0000

Metaspace:

Usage:
  Non-class:     58.69 MB used.
      Class:      8.08 MB used.
       Both:     66.77 MB used.

Virtual space:
  Non-class space:       64.00 MB reserved,      59.25 MB ( 93%) committed,  1 nodes.
      Class space:        1.00 GB reserved,       8.50 MB ( <1%) committed,  1 nodes.
             Both:        1.06 GB reserved,      67.75 MB (  6%) committed. 

Chunk freelists:
   Non-Class:  4.75 MB
       Class:  7.38 MB
        Both:  12.13 MB

MaxMetaspaceSize: unlimited
CompressedClassSpaceSize: 1.00 GB
Initial GC threshold: 21.00 MB
Current GC threshold: 112.81 MB
CDS: off
MetaspaceReclaimPolicy: balanced
 - commit_granule_bytes: 65536.
 - commit_granule_words: 8192.
 - virtual_space_node_default_size: 8388608.
 - enlarge_chunks_in_place: 1.
 - new_chunks_are_fully_committed: 0.
 - uncommit_free_chunks: 1.
 - use_allocation_guard: 0.
 - handle_deallocations: 1.


Internal statistics:

num_allocs_failed_limit: 9.
num_arena_births: 680.
num_arena_deaths: 14.
num_vsnodes_births: 2.
num_vsnodes_deaths: 0.
num_space_committed: 1084.
num_space_uncommitted: 0.
num_chunks_returned_to_freelist: 23.
num_chunks_taken_from_freelist: 3220.
num_chunk_merges: 14.
num_chunk_splits: 2158.
num_chunks_enlarged: 1436.
num_inconsistent_stats: 0.

CodeHeap 'non-profiled nmethods': size=120000Kb used=3512Kb max_used=3955Kb free=116487Kb
 bounds [0x000001ea22070000, 0x000001ea22450000, 0x000001ea295a0000]
CodeHeap 'profiled nmethods': size=120000Kb used=12076Kb max_used=14331Kb free=107923Kb
 bounds [0x000001ea1a5a0000, 0x000001ea1b3a0000, 0x000001ea21ad0000]
CodeHeap 'non-nmethods': size=5760Kb used=1333Kb max_used=1389Kb free=4426Kb
 bounds [0x000001ea21ad0000, 0x000001ea21d40000, 0x000001ea22070000]
 total_blobs=6797 nmethods=6122 adapters=588
 compilation: enabled
              stopped_count=0, restarted_count=0
 full_count=0

Compilation events (20 events):
Event: 9.357 Thread 0x000001ea30b61520 nmethod 7739 0x000001ea1a5dad90 code [0x000001ea1a5daf80, 0x000001ea1a5db418]
Event: 9.357 Thread 0x000001ea30b61520 7741       2       java.lang.invoke.VarHandleGuards::guard_LL_L (89 bytes)
Event: 9.357 Thread 0x000001ea30b4a9e0 7648  s    4       org.eclipse.jdt.internal.compiler.classfmt.MethodInfo::readExceptionAttributes (215 bytes)
Event: 9.358 Thread 0x000001ea30b61520 nmethod 7741 0x000001ea1a710610 code [0x000001ea1a7108a0, 0x000001ea1a711328]
Event: 9.358 Thread 0x000001ea30b61520 7740       2       java.lang.invoke.VarHandleReferences$FieldInstanceReadWrite::getAndSet (35 bytes)
Event: 9.359 Thread 0x000001ea30b61520 nmethod 7740 0x000001ea1a5fe610 code [0x000001ea1a5fe800, 0x000001ea1a5fec48]
Event: 9.374 Thread 0x000001ea30b4a9e0 nmethod 7648 0x000001ea221c7e10 code [0x000001ea221c7fe0, 0x000001ea221c9418]
Event: 9.374 Thread 0x000001ea30b4a9e0 7643       4       org.eclipse.jdt.internal.core.search.indexing.BinaryIndexer::decodeParameterTypes (596 bytes)
Event: 9.449 Thread 0x000001ea30b4a9e0 nmethod 7643 0x000001ea221cd890 code [0x000001ea221cdb00, 0x000001ea221d0208]
Event: 9.449 Thread 0x000001ea30b4a9e0 7525       4       sun.nio.fs.WindowsPath::hashCode (52 bytes)
Event: 9.453 Thread 0x000001ea30b4a9e0 nmethod 7525 0x000001ea22145710 code [0x000001ea221458c0, 0x000001ea22145b48]
Event: 9.453 Thread 0x000001ea30b4a9e0 7664       4       org.eclipse.jdt.internal.compiler.classfmt.MethodInfo::createMethod (713 bytes)
Event: 9.488 Thread 0x000001ea30b4a9e0 nmethod 7664 0x000001ea22319310 code [0x000001ea22319520, 0x000001ea2231ac38]
Event: 9.488 Thread 0x000001ea30b4a9e0 7728       4       org.eclipse.jdt.core.compiler.CharOperation::concatWith (127 bytes)
Event: 9.493 Thread 0x000001ea30b4a9e0 nmethod 7728 0x000001ea2219a710 code [0x000001ea2219a8a0, 0x000001ea2219acb8]
Event: 9.494 Thread 0x000001ea30b4a9e0 7682  s    4       org.eclipse.jdt.internal.compiler.classfmt.MethodInfo::readModifierRelatedAttributes (216 bytes)
Event: 9.505 Thread 0x000001ea30b4a9e0 nmethod 7682 0x000001ea221f8790 code [0x000001ea221f8940, 0x000001ea221f96d8]
Event: 9.505 Thread 0x000001ea30b4a9e0 7670       4       org.eclipse.jdt.internal.core.search.indexing.BinaryIndexer::decodeReturnType (407 bytes)
Event: 9.537 Thread 0x000001ea30b4a9e0 nmethod 7670 0x000001ea221faa10 code [0x000001ea221fac60, 0x000001ea221fc340]
Event: 9.537 Thread 0x000001ea30b4a9e0 7714       4       org.eclipse.jdt.internal.core.search.indexing.AbstractIndexer::addMethodDeclaration (105 bytes)

GC Heap History (20 events):
Event: 9.584 GC heap before
{Heap before GC invocations=193 (full 8):
 PSYoungGen      total 4096K, used 4025K [0x00000000eab00000, 0x00000000eb080000, 0x0000000100000000)
  eden space 3072K, 100% used [0x00000000eab00000,0x00000000eae00000,0x00000000eae00000)
  from space 1024K, 93% used [0x00000000eaf00000,0x00000000eafee720,0x00000000eb000000)
  to   space 512K, 0% used [0x00000000eb000000,0x00000000eb000000,0x00000000eb080000)
 ParOldGen       total 211456K, used 177070K [0x00000000c0000000, 0x00000000cce80000, 0x00000000eab00000)
  object space 211456K, 83% used [0x00000000c0000000,0x00000000cacebac8,0x00000000cce80000)
 Metaspace       used 68370K, committed 69376K, reserved 1114112K
  class space    used 8275K, committed 8704K, reserved 1048576K
}
Event: 9.586 GC heap after
{Heap after GC invocations=193 (full 8):
 PSYoungGen      total 3584K, used 497K [0x00000000eab00000, 0x00000000eb200000, 0x0000000100000000)
  eden space 3072K, 0% used [0x00000000eab00000,0x00000000eab00000,0x00000000eae00000)
  from space 512K, 97% used [0x00000000eb000000,0x00000000eb07c548,0x00000000eb080000)
  to   space 2048K, 0% used [0x00000000eae00000,0x00000000eae00000,0x00000000eb000000)
 ParOldGen       total 211456K, used 178218K [0x00000000c0000000, 0x00000000cce80000, 0x00000000eab00000)
  object space 211456K, 84% used [0x00000000c0000000,0x00000000cae0a830,0x00000000cce80000)
 Metaspace       used 68370K, committed 69376K, reserved 1114112K
  class space    used 8275K, committed 8704K, reserved 1048576K
}
Event: 9.601 GC heap before
{Heap before GC invocations=194 (full 8):
 PSYoungGen      total 3584K, used 3569K [0x00000000eab00000, 0x00000000eb200000, 0x0000000100000000)
  eden space 3072K, 100% used [0x00000000eab00000,0x00000000eae00000,0x00000000eae00000)
  from space 512K, 97% used [0x00000000eb000000,0x00000000eb07c548,0x00000000eb080000)
  to   space 2048K, 0% used [0x00000000eae00000,0x00000000eae00000,0x00000000eb000000)
 ParOldGen       total 211456K, used 178218K [0x00000000c0000000, 0x00000000cce80000, 0x00000000eab00000)
  object space 211456K, 84% used [0x00000000c0000000,0x00000000cae0a830,0x00000000cce80000)
 Metaspace       used 68370K, committed 69376K, reserved 1114112K
  class space    used 8275K, committed 8704K, reserved 1048576K
}
Event: 9.603 GC heap after
{Heap after GC invocations=194 (full 8):
 PSYoungGen      total 4096K, used 964K [0x00000000eab00000, 0x00000000eb100000, 0x0000000100000000)
  eden space 3072K, 0% used [0x00000000eab00000,0x00000000eab00000,0x00000000eae00000)
  from space 1024K, 94% used [0x00000000eae00000,0x00000000eaef1218,0x00000000eaf00000)
  to   space 1536K, 0% used [0x00000000eaf80000,0x00000000eaf80000,0x00000000eb100000)
 ParOldGen       total 211456K, used 178708K [0x00000000c0000000, 0x00000000cce80000, 0x00000000eab00000)
  object space 211456K, 84% used [0x00000000c0000000,0x00000000cae85378,0x00000000cce80000)
 Metaspace       used 68370K, committed 69376K, reserved 1114112K
  class space    used 8275K, committed 8704K, reserved 1048576K
}
Event: 9.617 GC heap before
{Heap before GC invocations=195 (full 8):
 PSYoungGen      total 4096K, used 4036K [0x00000000eab00000, 0x00000000eb100000, 0x0000000100000000)
  eden space 3072K, 100% used [0x00000000eab00000,0x00000000eae00000,0x00000000eae00000)
  from space 1024K, 94% used [0x00000000eae00000,0x00000000eaef1218,0x00000000eaf00000)
  to   space 1536K, 0% used [0x00000000eaf80000,0x00000000eaf80000,0x00000000eb100000)
 ParOldGen       total 211456K, used 178708K [0x00000000c0000000, 0x00000000cce80000, 0x00000000eab00000)
  object space 211456K, 84% used [0x00000000c0000000,0x00000000cae85378,0x00000000cce80000)
 Metaspace       used 68370K, committed 69376K, reserved 1114112K
  class space    used 8275K, committed 8704K, reserved 1048576K
}
Event: 9.618 GC heap after
{Heap after GC invocations=195 (full 8):
 PSYoungGen      total 4096K, used 1529K [0x00000000eab00000, 0x00000000eb200000, 0x0000000100000000)
  eden space 2560K, 0% used [0x00000000eab00000,0x00000000eab00000,0x00000000ead80000)
  from space 1536K, 99% used [0x00000000eaf80000,0x00000000eb0fe7c8,0x00000000eb100000)
  to   space 2048K, 0% used [0x00000000ead80000,0x00000000ead80000,0x00000000eaf80000)
 ParOldGen       total 211456K, used 178840K [0x00000000c0000000, 0x00000000cce80000, 0x00000000eab00000)
  object space 211456K, 84% used [0x00000000c0000000,0x00000000caea61f8,0x00000000cce80000)
 Metaspace       used 68370K, committed 69376K, reserved 1114112K
  class space    used 8275K, committed 8704K, reserved 1048576K
}
Event: 9.636 GC heap before
{Heap before GC invocations=196 (full 8):
 PSYoungGen      total 4096K, used 4089K [0x00000000eab00000, 0x00000000eb200000, 0x0000000100000000)
  eden space 2560K, 100% used [0x00000000eab00000,0x00000000ead80000,0x00000000ead80000)
  from space 1536K, 99% used [0x00000000eaf80000,0x00000000eb0fe7c8,0x00000000eb100000)
  to   space 2048K, 0% used [0x00000000ead80000,0x00000000ead80000,0x00000000eaf80000)
 ParOldGen       total 211456K, used 178840K [0x00000000c0000000, 0x00000000cce80000, 0x00000000eab00000)
  object space 211456K, 84% used [0x00000000c0000000,0x00000000caea61f8,0x00000000cce80000)
 Metaspace       used 68370K, committed 69376K, reserved 1114112K
  class space    used 8275K, committed 8704K, reserved 1048576K
}
Event: 9.638 GC heap after
{Heap after GC invocations=196 (full 8):
 PSYoungGen      total 3584K, used 694K [0x00000000eab00000, 0x00000000eb080000, 0x0000000100000000)
  eden space 2560K, 0% used [0x00000000eab00000,0x00000000eab00000,0x00000000ead80000)
  from space 1024K, 67% used [0x00000000ead80000,0x00000000eae2d8f0,0x00000000eae80000)
  to   space 1536K, 0% used [0x00000000eaf00000,0x00000000eaf00000,0x00000000eb080000)
 ParOldGen       total 211456K, used 180279K [0x00000000c0000000, 0x00000000cce80000, 0x00000000eab00000)
  object space 211456K, 85% used [0x00000000c0000000,0x00000000cb00dca8,0x00000000cce80000)
 Metaspace       used 68370K, committed 69376K, reserved 1114112K
  class space    used 8275K, committed 8704K, reserved 1048576K
}
Event: 9.651 GC heap before
{Heap before GC invocations=197 (full 8):
 PSYoungGen      total 3584K, used 3254K [0x00000000eab00000, 0x00000000eb080000, 0x0000000100000000)
  eden space 2560K, 100% used [0x00000000eab00000,0x00000000ead80000,0x00000000ead80000)
  from space 1024K, 67% used [0x00000000ead80000,0x00000000eae2d8f0,0x00000000eae80000)
  to   space 1536K, 0% used [0x00000000eaf00000,0x00000000eaf00000,0x00000000eb080000)
 ParOldGen       total 211456K, used 180279K [0x00000000c0000000, 0x00000000cce80000, 0x00000000eab00000)
  object space 211456K, 85% used [0x00000000c0000000,0x00000000cb00dca8,0x00000000cce80000)
 Metaspace       used 68370K, committed 69376K, reserved 1114112K
  class space    used 8275K, committed 8704K, reserved 1048576K
}
Event: 9.652 GC heap after
{Heap after GC invocations=197 (full 8):
 PSYoungGen      total 4096K, used 1295K [0x00000000eab00000, 0x00000000eb080000, 0x0000000100000000)
  eden space 2560K, 0% used [0x00000000eab00000,0x00000000eab00000,0x00000000ead80000)
  from space 1536K, 84% used [0x00000000eaf00000,0x00000000eb043d60,0x00000000eb080000)
  to   space 1536K, 0% used [0x00000000ead80000,0x00000000ead80000,0x00000000eaf00000)
 ParOldGen       total 211456K, used 180279K [0x00000000c0000000, 0x00000000cce80000, 0x00000000eab00000)
  object space 211456K, 85% used [0x00000000c0000000,0x00000000cb00dca8,0x00000000cce80000)
 Metaspace       used 68370K, committed 69376K, reserved 1114112K
  class space    used 8275K, committed 8704K, reserved 1048576K
}
Event: 9.668 GC heap before
{Heap before GC invocations=198 (full 8):
 PSYoungGen      total 4096K, used 3855K [0x00000000eab00000, 0x00000000eb080000, 0x0000000100000000)
  eden space 2560K, 100% used [0x00000000eab00000,0x00000000ead80000,0x00000000ead80000)
  from space 1536K, 84% used [0x00000000eaf00000,0x00000000eb043d60,0x00000000eb080000)
  to   space 1536K, 0% used [0x00000000ead80000,0x00000000ead80000,0x00000000eaf00000)
 ParOldGen       total 211456K, used 180279K [0x00000000c0000000, 0x00000000cce80000, 0x00000000eab00000)
  object space 211456K, 85% used [0x00000000c0000000,0x00000000cb00dca8,0x00000000cce80000)
 Metaspace       used 68370K, committed 69376K, reserved 1114112K
  class space    used 8275K, committed 8704K, reserved 1048576K
}
Event: 9.704 GC heap after
{Heap after GC invocations=198 (full 8):
 PSYoungGen      total 4096K, used 1510K [0x00000000eab00000, 0x00000000eb200000, 0x0000000100000000)
  eden space 2560K, 0% used [0x00000000eab00000,0x00000000eab00000,0x00000000ead80000)
  from space 1536K, 98% used [0x00000000ead80000,0x00000000eaef99f8,0x00000000eaf00000)
  to   space 2048K, 0% used [0x00000000eb000000,0x00000000eb000000,0x00000000eb200000)
 ParOldGen       total 211456K, used 180631K [0x00000000c0000000, 0x00000000cce80000, 0x00000000eab00000)
  object space 211456K, 85% used [0x00000000c0000000,0x00000000cb065d80,0x00000000cce80000)
 Metaspace       used 68370K, committed 69376K, reserved 1114112K
  class space    used 8275K, committed 8704K, reserved 1048576K
}
Event: 9.728 GC heap before
{Heap before GC invocations=199 (full 8):
 PSYoungGen      total 4096K, used 4070K [0x00000000eab00000, 0x00000000eb200000, 0x0000000100000000)
  eden space 2560K, 99% used [0x00000000eab00000,0x00000000ead7ffe0,0x00000000ead80000)
  from space 1536K, 98% used [0x00000000ead80000,0x00000000eaef99f8,0x00000000eaf00000)
  to   space 2048K, 0% used [0x00000000eb000000,0x00000000eb000000,0x00000000eb200000)
 ParOldGen       total 211456K, used 180631K [0x00000000c0000000, 0x00000000cce80000, 0x00000000eab00000)
  object space 211456K, 85% used [0x00000000c0000000,0x00000000cb065d80,0x00000000cce80000)
 Metaspace       used 68370K, committed 69376K, reserved 1114112K
  class space    used 8275K, committed 8704K, reserved 1048576K
}
Event: 9.732 GC heap after
{Heap after GC invocations=199 (full 8):
 PSYoungGen      total 5120K, used 1356K [0x00000000eab00000, 0x00000000eb200000, 0x0000000100000000)
  eden space 3072K, 0% used [0x00000000eab00000,0x00000000eab00000,0x00000000eae00000)
  from space 2048K, 66% used [0x00000000eb000000,0x00000000eb1533c8,0x00000000eb200000)
  to   space 2048K, 0% used [0x00000000eae00000,0x00000000eae00000,0x00000000eb000000)
 ParOldGen       total 211456K, used 181605K [0x00000000c0000000, 0x00000000cce80000, 0x00000000eab00000)
  object space 211456K, 85% used [0x00000000c0000000,0x00000000cb159510,0x00000000cce80000)
 Metaspace       used 68370K, committed 69376K, reserved 1114112K
  class space    used 8275K, committed 8704K, reserved 1048576K
}
Event: 9.760 GC heap before
{Heap before GC invocations=200 (full 8):
 PSYoungGen      total 5120K, used 4428K [0x00000000eab00000, 0x00000000eb200000, 0x0000000100000000)
  eden space 3072K, 100% used [0x00000000eab00000,0x00000000eae00000,0x00000000eae00000)
  from space 2048K, 66% used [0x00000000eb000000,0x00000000eb1533c8,0x00000000eb200000)
  to   space 2048K, 0% used [0x00000000eae00000,0x00000000eae00000,0x00000000eb000000)
 ParOldGen       total 211456K, used 181605K [0x00000000c0000000, 0x00000000cce80000, 0x00000000eab00000)
  object space 211456K, 85% used [0x00000000c0000000,0x00000000cb159510,0x00000000cce80000)
 Metaspace       used 68370K, committed 69376K, reserved 1114112K
  class space    used 8275K, committed 8704K, reserved 1048576K
}
Event: 9.762 GC heap after
{Heap after GC invocations=200 (full 8):
 PSYoungGen      total 5120K, used 840K [0x00000000eab00000, 0x00000000eb200000, 0x0000000100000000)
  eden space 3072K, 0% used [0x00000000eab00000,0x00000000eab00000,0x00000000eae00000)
  from space 2048K, 41% used [0x00000000eae00000,0x00000000eaed20f8,0x00000000eb000000)
  to   space 1536K, 0% used [0x00000000eb080000,0x00000000eb080000,0x00000000eb200000)
 ParOldGen       total 211456K, used 182811K [0x00000000c0000000, 0x00000000cce80000, 0x00000000eab00000)
  object space 211456K, 86% used [0x00000000c0000000,0x00000000cb286da8,0x00000000cce80000)
 Metaspace       used 68370K, committed 69376K, reserved 1114112K
  class space    used 8275K, committed 8704K, reserved 1048576K
}
Event: 9.777 GC heap before
{Heap before GC invocations=201 (full 8):
 PSYoungGen      total 5120K, used 3912K [0x00000000eab00000, 0x00000000eb200000, 0x0000000100000000)
  eden space 3072K, 100% used [0x00000000eab00000,0x00000000eae00000,0x00000000eae00000)
  from space 2048K, 41% used [0x00000000eae00000,0x00000000eaed20f8,0x00000000eb000000)
  to   space 1536K, 0% used [0x00000000eb080000,0x00000000eb080000,0x00000000eb200000)
 ParOldGen       total 211456K, used 182811K [0x00000000c0000000, 0x00000000cce80000, 0x00000000eab00000)
  object space 211456K, 86% used [0x00000000c0000000,0x00000000cb286da8,0x00000000cce80000)
 Metaspace       used 68370K, committed 69376K, reserved 1114112K
  class space    used 8275K, committed 8704K, reserved 1048576K
}
Event: 9.779 GC heap after
{Heap after GC invocations=201 (full 8):
 PSYoungGen      total 5120K, used 818K [0x00000000eab00000, 0x00000000eb180000, 0x0000000100000000)
  eden space 4096K, 0% used [0x00000000eab00000,0x00000000eab00000,0x00000000eaf00000)
  from space 1024K, 79% used [0x00000000eb080000,0x00000000eb14cbd8,0x00000000eb180000)
  to   space 1024K, 0% used [0x00000000eaf80000,0x00000000eaf80000,0x00000000eb080000)
 ParOldGen       total 211456K, used 183567K [0x00000000c0000000, 0x00000000cce80000, 0x00000000eab00000)
  object space 211456K, 86% used [0x00000000c0000000,0x00000000cb343cc0,0x00000000cce80000)
 Metaspace       used 68370K, committed 69376K, reserved 1114112K
  class space    used 8275K, committed 8704K, reserved 1048576K
}
Event: 9.799 GC heap before
{Heap before GC invocations=202 (full 8):
 PSYoungGen      total 5120K, used 4914K [0x00000000eab00000, 0x00000000eb180000, 0x0000000100000000)
  eden space 4096K, 100% used [0x00000000eab00000,0x00000000eaf00000,0x00000000eaf00000)
  from space 1024K, 79% used [0x00000000eb080000,0x00000000eb14cbd8,0x00000000eb180000)
  to   space 1024K, 0% used [0x00000000eaf80000,0x00000000eaf80000,0x00000000eb080000)
 ParOldGen       total 211456K, used 183567K [0x00000000c0000000, 0x00000000cce80000, 0x00000000eab00000)
  object space 211456K, 86% used [0x00000000c0000000,0x00000000cb343cc0,0x00000000cce80000)
 Metaspace       used 68370K, committed 69376K, reserved 1114112K
  class space    used 8275K, committed 8704K, reserved 1048576K
}
Event: 9.801 GC heap after
{Heap after GC invocations=202 (full 8):
 PSYoungGen      total 5120K, used 1022K [0x00000000eab00000, 0x00000000eb180000, 0x0000000100000000)
  eden space 4096K, 0% used [0x00000000eab00000,0x00000000eab00000,0x00000000eaf00000)
  from space 1024K, 99% used [0x00000000eaf80000,0x00000000eb07f8f8,0x00000000eb080000)
  to   space 1024K, 0% used [0x00000000eb080000,0x00000000eb080000,0x00000000eb180000)
 ParOldGen       total 211456K, used 184304K [0x00000000c0000000, 0x00000000cce80000, 0x00000000eab00000)
  object space 211456K, 87% used [0x00000000c0000000,0x00000000cb3fc398,0x00000000cce80000)
 Metaspace       used 68370K, committed 69376K, reserved 1114112K
  class space    used 8275K, committed 8704K, reserved 1048576K
}

Dll operation events (15 events):
Event: 0.008 Loaded shared library c:\Users\Sravi\.vscode\extensions\redhat.java-1.31.0-win32-x64\jre\17.0.11-win32-x86_64\bin\java.dll
Event: 0.142 Loaded shared library c:\Users\Sravi\.vscode\extensions\redhat.java-1.31.0-win32-x64\jre\17.0.11-win32-x86_64\bin\zip.dll
Event: 0.145 Loaded shared library C:\Users\Sravi\.vscode\extensions\redhat.java-1.31.0-win32-x64\jre\17.0.11-win32-x86_64\bin\instrument.dll
Event: 0.157 Loaded shared library C:\Users\Sravi\.vscode\extensions\redhat.java-1.31.0-win32-x64\jre\17.0.11-win32-x86_64\bin\net.dll
Event: 0.159 Loaded shared library C:\Users\Sravi\.vscode\extensions\redhat.java-1.31.0-win32-x64\jre\17.0.11-win32-x86_64\bin\nio.dll
Event: 0.166 Loaded shared library C:\Users\Sravi\.vscode\extensions\redhat.java-1.31.0-win32-x64\jre\17.0.11-win32-x86_64\bin\zip.dll
Event: 0.183 Loaded shared library C:\Users\Sravi\.vscode\extensions\redhat.java-1.31.0-win32-x64\jre\17.0.11-win32-x86_64\bin\jimage.dll
Event: 0.247 Loaded shared library c:\Users\Sravi\.vscode\extensions\redhat.java-1.31.0-win32-x64\jre\17.0.11-win32-x86_64\bin\verify.dll
Event: 1.084 Loaded shared library C:\Users\Sravi\AppData\Roaming\Code\User\globalStorage\redhat.java\1.31.0\config_win\org.eclipse.equinox.launcher\org.eclipse.equinox.launcher.win32.win32.x86_64_1.2.1000.v20240507-1834\eclipse_11902.dll
Event: 3.267 Loaded shared library C:\Users\Sravi\AppData\Local\Temp\jna-80145397\jna3215453198230070126.dll
Event: 4.847 Loaded shared library C:\Users\Sravi\.gradle\native\c067742578af261105cb4f569cf0c3c89f3d7b1fecec35dd04571415982c5e48\windows-amd64\native-platform.dll
Event: 5.470 Loaded shared library C:\Users\Sravi\.vscode\extensions\redhat.java-1.31.0-win32-x64\jre\17.0.11-win32-x86_64\bin\management.dll
Event: 5.473 Loaded shared library C:\Users\Sravi\.vscode\extensions\redhat.java-1.31.0-win32-x64\jre\17.0.11-win32-x86_64\bin\management_ext.dll
Event: 7.914 Loaded shared library C:\Users\Sravi\.vscode\extensions\redhat.java-1.31.0-win32-x64\jre\17.0.11-win32-x86_64\bin\extnet.dll
Event: 8.050 Loaded shared library C:\Users\Sravi\.vscode\extensions\redhat.java-1.31.0-win32-x64\jre\17.0.11-win32-x86_64\bin\sunmscapi.dll

Deoptimization events (20 events):
Event: 9.150 Thread 0x000001ea33b212b0 DEOPT PACKING pc=0x000001ea1b21e24d sp=0x000000374cdfe680
Event: 9.150 Thread 0x000001ea33b212b0 DEOPT UNPACKING pc=0x000001ea21b26e43 sp=0x000000374cdfdc20 mode 0
Event: 9.169 Thread 0x000001ea33b212b0 DEOPT PACKING pc=0x000001ea1b21e24d sp=0x000000374cdfe680
Event: 9.169 Thread 0x000001ea33b212b0 DEOPT UNPACKING pc=0x000001ea21b26e43 sp=0x000000374cdfdc20 mode 0
Event: 9.186 Thread 0x000001ea33b212b0 DEOPT PACKING pc=0x000001ea1b21e24d sp=0x000000374cdfe680
Event: 9.186 Thread 0x000001ea33b212b0 DEOPT UNPACKING pc=0x000001ea21b26e43 sp=0x000000374cdfdc20 mode 0
Event: 9.198 Thread 0x000001ea33b212b0 DEOPT PACKING pc=0x000001ea1b21e24d sp=0x000000374cdfe680
Event: 9.198 Thread 0x000001ea33b212b0 DEOPT UNPACKING pc=0x000001ea21b26e43 sp=0x000000374cdfdc20 mode 0
Event: 9.208 Thread 0x000001ea33b212b0 DEOPT PACKING pc=0x000001ea1b21e24d sp=0x000000374cdfe680
Event: 9.208 Thread 0x000001ea33b212b0 DEOPT UNPACKING pc=0x000001ea21b26e43 sp=0x000000374cdfdc20 mode 0
Event: 9.221 Thread 0x000001ea33b212b0 DEOPT PACKING pc=0x000001ea1b21e24d sp=0x000000374cdfe680
Event: 9.221 Thread 0x000001ea33b212b0 DEOPT UNPACKING pc=0x000001ea21b26e43 sp=0x000000374cdfdc20 mode 0
Event: 9.232 Thread 0x000001ea33b212b0 DEOPT PACKING pc=0x000001ea1b21e24d sp=0x000000374cdfe680
Event: 9.232 Thread 0x000001ea33b212b0 DEOPT UNPACKING pc=0x000001ea21b26e43 sp=0x000000374cdfdc20 mode 0
Event: 9.242 Thread 0x000001ea33b212b0 DEOPT PACKING pc=0x000001ea1b21e24d sp=0x000000374cdfe680
Event: 9.242 Thread 0x000001ea33b212b0 DEOPT UNPACKING pc=0x000001ea21b26e43 sp=0x000000374cdfdc20 mode 0
Event: 9.248 Thread 0x000001ea33b212b0 DEOPT PACKING pc=0x000001ea1b21e24d sp=0x000000374cdfe680
Event: 9.248 Thread 0x000001ea33b212b0 DEOPT UNPACKING pc=0x000001ea21b26e43 sp=0x000000374cdfdc20 mode 0
Event: 9.258 Thread 0x000001ea33b212b0 DEOPT PACKING pc=0x000001ea1b21e24d sp=0x000000374cdfe680
Event: 9.258 Thread 0x000001ea33b212b0 DEOPT UNPACKING pc=0x000001ea21b26e43 sp=0x000000374cdfdc20 mode 0

Classes unloaded (7 events):
Event: 1.926 Thread 0x000001ea30b01fd0 Unloading class 0x0000000100250400 'java/lang/invoke/LambdaForm$MH+0x0000000100250400'
Event: 1.926 Thread 0x000001ea30b01fd0 Unloading class 0x0000000100250000 'java/lang/invoke/LambdaForm$MH+0x0000000100250000'
Event: 1.926 Thread 0x000001ea30b01fd0 Unloading class 0x000000010024fc00 'java/lang/invoke/LambdaForm$MH+0x000000010024fc00'
Event: 1.926 Thread 0x000001ea30b01fd0 Unloading class 0x000000010024f800 'java/lang/invoke/LambdaForm$MH+0x000000010024f800'
Event: 1.926 Thread 0x000001ea30b01fd0 Unloading class 0x000000010024f400 'java/lang/invoke/LambdaForm$BMH+0x000000010024f400'
Event: 1.926 Thread 0x000001ea30b01fd0 Unloading class 0x000000010024f000 'java/lang/invoke/LambdaForm$DMH+0x000000010024f000'
Event: 1.926 Thread 0x000001ea30b01fd0 Unloading class 0x000000010024c400 'java/lang/invoke/LambdaForm$DMH+0x000000010024c400'

Classes redefined (0 events):
No events

Internal exceptions (20 events):
Event: 5.862 Thread 0x000001ea32318de0 Exception <a 'java/lang/NoSuchMethodError'{0x00000000eac65558}: 'java.lang.Object java.lang.invoke.Invokers$Holder.invoke_MT(java.lang.Object, java.lang.Object, java.lang.Object)'> (0x00000000eac65558) 
thrown [s\src\hotspot\share\interpreter\linkResolver.cpp, line 759]
Event: 5.977 Thread 0x000001ea32318de0 Exception <a 'java/io/FileNotFoundException'{0x00000000eb0e9768}> (0x00000000eb0e9768) 
thrown [s\src\hotspot\share\prims\jni.cpp, line 516]
Event: 5.977 Thread 0x000001ea32318de0 Exception <a 'java/io/FileNotFoundException'{0x00000000eb0eaf58}> (0x00000000eb0eaf58) 
thrown [s\src\hotspot\share\prims\jni.cpp, line 516]
Event: 5.977 Thread 0x000001ea32318de0 Exception <a 'java/lang/NoSuchMethodError'{0x00000000eb0fa1d8}: 'java.lang.Object java.lang.invoke.DirectMethodHandle$Holder.newInvokeSpecial(java.lang.Object, java.lang.Object, java.lang.Object, int)'> (0x00000000eb0fa1d8) 
thrown [s\src\hotspot\share\interpreter\linkResolver.cpp, line 759]
Event: 5.978 Thread 0x000001ea32318de0 Exception <a 'java/lang/NoSuchMethodError'{0x00000000eb0fe830}: 'java.lang.Object java.lang.invoke.DirectMethodHandle$Holder.invokeSpecial(java.lang.Object, java.lang.Object, java.lang.Object, java.lang.Object, int)'> (0x00000000eb0fe830) 
thrown [s\src\hotspot\share\interpreter\linkResolver.cpp, line 759]
Event: 5.978 Thread 0x000001ea32318de0 Exception <a 'java/lang/NoSuchMethodError'{0x00000000eb102488}: 'java.lang.Object java.lang.invoke.Invokers$Holder.linkToTargetMethod(java.lang.Object, java.lang.Object, int, java.lang.Object)'> (0x00000000eb102488) 
thrown [s\src\hotspot\share\interpreter\linkResolver.cpp, line 759]
Event: 6.068 Thread 0x000001ea32318de0 Exception <a 'java/io/FileNotFoundException'{0x00000000eb323178}> (0x00000000eb323178) 
thrown [s\src\hotspot\share\prims\jni.cpp, line 516]
Event: 6.417 Thread 0x000001ea33b212b0 Implicit null exception at 0x000001ea223ff3ac to 0x000001ea223ff4ac
Event: 7.327 Thread 0x000001ea355e1d30 Exception <a 'java/io/FileNotFoundException'{0x00000000eb28b8c8}> (0x00000000eb28b8c8) 
thrown [s\src\hotspot\share\prims\jni.cpp, line 516]
Event: 7.417 Thread 0x000001ea355e1d30 Exception <a 'java/io/FileNotFoundException'{0x00000000eab19890}> (0x00000000eab19890) 
thrown [s\src\hotspot\share\prims\jni.cpp, line 516]
Event: 7.417 Thread 0x000001ea355e1d30 Exception <a 'java/io/FileNotFoundException'{0x00000000eab1a888}> (0x00000000eab1a888) 
thrown [s\src\hotspot\share\prims\jni.cpp, line 516]
Event: 7.417 Thread 0x000001ea355e1d30 Exception <a 'java/io/FileNotFoundException'{0x00000000eab1b5d8}> (0x00000000eab1b5d8) 
thrown [s\src\hotspot\share\prims\jni.cpp, line 516]
Event: 8.116 Thread 0x000001ea355e2750 Exception <a 'java/lang/NoSuchMethodError'{0x00000000eabb43c8}: static Lorg/gradle/tooling/internal/provider/serialization/ClassLoaderDetails;.<clinit>()V> (0x00000000eabb43c8) 
thrown [s\src\hotspot\share\prims\jni.cpp, line 1112]
Event: 8.118 Thread 0x000001ea355e2750 Exception <a 'java/lang/NoSuchMethodError'{0x00000000eac62b50}: static Lorg/gradle/tooling/internal/provider/serialization/WellKnownClassLoaderRegistry$KnownClassLoaderSpec;.<clinit>()V> (0x00000000eac62b50) 
thrown [s\src\hotspot\share\prims\jni.cpp, line 1112]
Event: 8.118 Thread 0x000001ea355e2750 Exception <a 'java/lang/NoSuchMethodError'{0x00000000eac64420}: static Lorg/gradle/internal/classloader/ClassLoaderSpec;.<clinit>()V> (0x00000000eac64420) 
thrown [s\src\hotspot\share\prims\jni.cpp, line 1112]
Event: 8.119 Thread 0x000001ea355e2750 Exception <a 'java/lang/NoSuchMethodError'{0x00000000eace71e8}: static Lorg/gradle/tooling/internal/provider/serialization/ClientOwnedClassLoaderSpec;.<clinit>()V> (0x00000000eace71e8) 
thrown [s\src\hotspot\share\prims\jni.cpp, line 1112]
Event: 9.429 Thread 0x000001ea355e2750 Exception <a 'java/lang/NoSuchMethodError'{0x00000000eab19e40}: static Lorg/gradle/internal/build/event/types/AbstractProgressEvent;.<clinit>()V> (0x00000000eab19e40) 
thrown [s\src\hotspot\share\prims\jni.cpp, line 1112]
Event: 9.431 Thread 0x000001ea355e2750 Exception <a 'java/lang/NoSuchMethodError'{0x00000000eab48130}: static Lorg/gradle/internal/build/event/types/DefaultOperationStartedProgressEvent;.<clinit>()V> (0x00000000eab48130) 
thrown [s\src\hotspot\share\prims\jni.cpp, line 1112]
Event: 9.432 Thread 0x000001ea355e2750 Exception <a 'java/lang/NoSuchMethodError'{0x00000000eab90a48}: static Lorg/gradle/internal/build/event/types/DefaultOperationDescriptor;.<clinit>()V> (0x00000000eab90a48) 
thrown [s\src\hotspot\share\prims\jni.cpp, line 1112]
Event: 9.433 Thread 0x000001ea355e2750 Exception <a 'java/lang/NoSuchMethodError'{0x00000000eabaf390}: static Lorg/gradle/internal/operations/OperationIdentifier;.<clinit>()V> (0x00000000eabaf390) 
thrown [s\src\hotspot\share\prims\jni.cpp, line 1112]

VM Operations (20 events):
Event: 9.584 Executing VM operation: ParallelGCFailedAllocation
Event: 9.586 Executing VM operation: ParallelGCFailedAllocation done
Event: 9.601 Executing VM operation: ParallelGCFailedAllocation
Event: 9.603 Executing VM operation: ParallelGCFailedAllocation done
Event: 9.617 Executing VM operation: ParallelGCFailedAllocation
Event: 9.618 Executing VM operation: ParallelGCFailedAllocation done
Event: 9.636 Executing VM operation: ParallelGCFailedAllocation
Event: 9.638 Executing VM operation: ParallelGCFailedAllocation done
Event: 9.651 Executing VM operation: ParallelGCFailedAllocation
Event: 9.652 Executing VM operation: ParallelGCFailedAllocation done
Event: 9.668 Executing VM operation: ParallelGCFailedAllocation
Event: 9.704 Executing VM operation: ParallelGCFailedAllocation done
Event: 9.728 Executing VM operation: ParallelGCFailedAllocation
Event: 9.732 Executing VM operation: ParallelGCFailedAllocation done
Event: 9.760 Executing VM operation: ParallelGCFailedAllocation
Event: 9.762 Executing VM operation: ParallelGCFailedAllocation done
Event: 9.777 Executing VM operation: ParallelGCFailedAllocation
Event: 9.779 Executing VM operation: ParallelGCFailedAllocation done
Event: 9.799 Executing VM operation: ParallelGCFailedAllocation
Event: 9.801 Executing VM operation: ParallelGCFailedAllocation done

Events (20 events):
Event: 8.484 Thread 0x000001ea30b62c60 flushing nmethod 0x000001ea1b29db10
Event: 8.484 Thread 0x000001ea30b62c60 flushing nmethod 0x000001ea1b29e290
Event: 8.484 Thread 0x000001ea30b62c60 flushing nmethod 0x000001ea1b29fb90
Event: 8.484 Thread 0x000001ea30b62c60 flushing nmethod 0x000001ea1b2a1510
Event: 8.484 Thread 0x000001ea30b62c60 flushing nmethod 0x000001ea1b2a1c90
Event: 8.484 Thread 0x000001ea30b62c60 flushing nmethod 0x000001ea1b2a2710
Event: 8.484 Thread 0x000001ea30b62c60 flushing nmethod 0x000001ea1b2a6b10
Event: 8.484 Thread 0x000001ea30b62c60 flushing nmethod 0x000001ea1b2aa310
Event: 8.484 Thread 0x000001ea30b62c60 flushing nmethod 0x000001ea1b2abd90
Event: 8.484 Thread 0x000001ea30b62c60 flushing nmethod 0x000001ea1b2ae810
Event: 8.484 Thread 0x000001ea30b62c60 flushing nmethod 0x000001ea1b2b0210
Event: 8.484 Thread 0x000001ea30b62c60 flushing nmethod 0x000001ea1b2b1510
Event: 8.484 Thread 0x000001ea30b62c60 flushing nmethod 0x000001ea1b2ba190
Event: 8.484 Thread 0x000001ea30b62c60 flushing nmethod 0x000001ea1b2d7290
Event: 8.484 Thread 0x000001ea30b62c60 flushing nmethod 0x000001ea1b2dc410
Event: 8.505 Thread 0x000001ea356531b0 Thread added: 0x000001ea356531b0
Event: 8.506 Thread 0x000001ea356531b0 Thread exited: 0x000001ea356531b0
Event: 8.506 Thread 0x000001ea35652790 Thread added: 0x000001ea35652790
Event: 9.421 loading class java/lang/UnsupportedClassVersionError
Event: 9.421 loading class java/lang/UnsupportedClassVersionError done


Dynamic libraries:
0x00007ff715bf0000 - 0x00007ff715bfe000 	c:\Users\Sravi\.vscode\extensions\redhat.java-1.31.0-win32-x64\jre\17.0.11-win32-x86_64\bin\java.exe
0x00007ffba7730000 - 0x00007ffba7947000 	C:\windows\SYSTEM32\ntdll.dll
0x00007ffba6b30000 - 0x00007ffba6bf4000 	C:\windows\System32\KERNEL32.DLL
0x00007ffba4c60000 - 0x00007ffba5007000 	C:\windows\System32\KERNELBASE.dll
0x00007ffba4a50000 - 0x00007ffba4b61000 	C:\windows\System32\ucrtbase.dll
0x00007ffb712d0000 - 0x00007ffb712e7000 	c:\Users\Sravi\.vscode\extensions\redhat.java-1.31.0-win32-x64\jre\17.0.11-win32-x86_64\bin\jli.dll
0x00007ffb70830000 - 0x00007ffb7084b000 	c:\Users\Sravi\.vscode\extensions\redhat.java-1.31.0-win32-x64\jre\17.0.11-win32-x86_64\bin\VCRUNTIME140.dll
0x00007ffba6960000 - 0x00007ffba6b0e000 	C:\windows\System32\USER32.dll
0x00007ffba5430000 - 0x00007ffba5456000 	C:\windows\System32\win32u.dll
0x00007ffb88d80000 - 0x00007ffb89013000 	C:\windows\WinSxS\amd64_microsoft.windows.common-controls_6595b64144ccf1df_6.0.22621.3527_none_270e469b73872a76\COMCTL32.dll
0x00007ffba6490000 - 0x00007ffba64b9000 	C:\windows\System32\GDI32.dll
0x00007ffba6d60000 - 0x00007ffba6e07000 	C:\windows\System32\msvcrt.dll
0x00007ffba5080000 - 0x00007ffba5199000 	C:\windows\System32\gdi32full.dll
0x00007ffba5390000 - 0x00007ffba542a000 	C:\windows\System32\msvcp_win.dll
0x00007ffba7450000 - 0x00007ffba7481000 	C:\windows\System32\IMM32.DLL
0x00007ffb98650000 - 0x00007ffb9865c000 	c:\Users\Sravi\.vscode\extensions\redhat.java-1.31.0-win32-x64\jre\17.0.11-win32-x86_64\bin\vcruntime140_1.dll
0x00007ffb61160000 - 0x00007ffb611ed000 	c:\Users\Sravi\.vscode\extensions\redhat.java-1.31.0-win32-x64\jre\17.0.11-win32-x86_64\bin\msvcp140.dll
0x00007ffae95a0000 - 0x00007ffaea202000 	c:\Users\Sravi\.vscode\extensions\redhat.java-1.31.0-win32-x64\jre\17.0.11-win32-x86_64\bin\server\jvm.dll
0x00007ffba7270000 - 0x00007ffba7322000 	C:\windows\System32\ADVAPI32.dll
0x00007ffba5520000 - 0x00007ffba55c8000 	C:\windows\System32\sechost.dll
0x00007ffba4b70000 - 0x00007ffba4b98000 	C:\windows\System32\bcrypt.dll
0x00007ffba6e70000 - 0x00007ffba6f85000 	C:\windows\System32\RPCRT4.dll
0x00007ffb89510000 - 0x00007ffb89519000 	C:\windows\SYSTEM32\WSOCK32.dll
0x00007ffba3890000 - 0x00007ffba38dd000 	C:\windows\SYSTEM32\POWRPROF.dll
0x00007ffb9c190000 - 0x00007ffb9c1c4000 	C:\windows\SYSTEM32\WINMM.dll
0x00007ffba6f90000 - 0x00007ffba7001000 	C:\windows\System32\WS2_32.dll
0x00007ffb9c0d0000 - 0x00007ffb9c0da000 	C:\windows\SYSTEM32\VERSION.dll
0x00007ffba3870000 - 0x00007ffba3883000 	C:\windows\SYSTEM32\UMPDC.dll
0x00007ffba3b20000 - 0x00007ffba3b38000 	C:\windows\SYSTEM32\kernel.appcore.dll
0x00007ffb89090000 - 0x00007ffb8909a000 	c:\Users\Sravi\.vscode\extensions\redhat.java-1.31.0-win32-x64\jre\17.0.11-win32-x86_64\bin\jimage.dll
0x00007ffb995e0000 - 0x00007ffb99812000 	C:\windows\SYSTEM32\DBGHELP.DLL
0x00007ffba64c0000 - 0x00007ffba6848000 	C:\windows\System32\combase.dll
0x00007ffba6c60000 - 0x00007ffba6d37000 	C:\windows\System32\OLEAUT32.dll
0x00007ffb992e0000 - 0x00007ffb99312000 	C:\windows\SYSTEM32\dbgcore.DLL
0x00007ffba5310000 - 0x00007ffba5389000 	C:\windows\System32\bcryptPrimitives.dll
0x00007ffb86cb0000 - 0x00007ffb86cbe000 	c:\Users\Sravi\.vscode\extensions\redhat.java-1.31.0-win32-x64\jre\17.0.11-win32-x86_64\bin\instrument.dll
0x00007ffb70520000 - 0x00007ffb70545000 	c:\Users\Sravi\.vscode\extensions\redhat.java-1.31.0-win32-x64\jre\17.0.11-win32-x86_64\bin\java.dll
0x00007ffb6f9e0000 - 0x00007ffb6f9f8000 	c:\Users\Sravi\.vscode\extensions\redhat.java-1.31.0-win32-x64\jre\17.0.11-win32-x86_64\bin\zip.dll
0x00007ffba55f0000 - 0x00007ffba5e4c000 	C:\windows\System32\SHELL32.dll
0x00007ffba2950000 - 0x00007ffba3246000 	C:\windows\SYSTEM32\windows.storage.dll
0x00007ffba2810000 - 0x00007ffba294e000 	C:\windows\SYSTEM32\wintypes.dll
0x00007ffba7350000 - 0x00007ffba7445000 	C:\windows\System32\SHCORE.dll
0x00007ffba6c00000 - 0x00007ffba6c5e000 	C:\windows\System32\shlwapi.dll
0x00007ffba4980000 - 0x00007ffba49a1000 	C:\windows\SYSTEM32\profapi.dll
0x00007ffb68010000 - 0x00007ffb68029000 	C:\Users\Sravi\.vscode\extensions\redhat.java-1.31.0-win32-x64\jre\17.0.11-win32-x86_64\bin\net.dll
0x00007ffb9e7d0000 - 0x00007ffb9e906000 	C:\windows\SYSTEM32\WINHTTP.dll
0x00007ffba3f90000 - 0x00007ffba3ff9000 	C:\windows\system32\mswsock.dll
0x00007ffb61a30000 - 0x00007ffb61a46000 	C:\Users\Sravi\.vscode\extensions\redhat.java-1.31.0-win32-x64\jre\17.0.11-win32-x86_64\bin\nio.dll
0x00007ffb81ba0000 - 0x00007ffb81bb0000 	c:\Users\Sravi\.vscode\extensions\redhat.java-1.31.0-win32-x64\jre\17.0.11-win32-x86_64\bin\verify.dll
0x00007ffb5fa10000 - 0x00007ffb5fa54000 	C:\Users\Sravi\AppData\Roaming\Code\User\globalStorage\redhat.java\1.31.0\config_win\org.eclipse.equinox.launcher\org.eclipse.equinox.launcher.win32.win32.x86_64_1.2.1000.v20240507-1834\eclipse_11902.dll
0x00007ffba7490000 - 0x00007ffba7635000 	C:\windows\System32\ole32.dll
0x00007ffba41d0000 - 0x00007ffba41eb000 	C:\windows\SYSTEM32\CRYPTSP.dll
0x00007ffba3a80000 - 0x00007ffba3ab5000 	C:\windows\system32\rsaenh.dll
0x00007ffba4050000 - 0x00007ffba4078000 	C:\windows\SYSTEM32\USERENV.dll
0x00007ffba41c0000 - 0x00007ffba41cc000 	C:\windows\SYSTEM32\CRYPTBASE.dll
0x00007ffba3520000 - 0x00007ffba354d000 	C:\windows\SYSTEM32\IPHLPAPI.DLL
0x00007ffba6b20000 - 0x00007ffba6b29000 	C:\windows\System32\NSI.dll
0x00007ffb9e660000 - 0x00007ffb9e679000 	C:\windows\SYSTEM32\dhcpcsvc6.DLL
0x00007ffb9e640000 - 0x00007ffb9e65f000 	C:\windows\SYSTEM32\dhcpcsvc.DLL
0x00007ffba3590000 - 0x00007ffba3688000 	C:\windows\SYSTEM32\DNSAPI.dll
0x00007ffb4ebb0000 - 0x00007ffb4ebf5000 	C:\Users\Sravi\AppData\Local\Temp\jna-80145397\jna3215453198230070126.dll
0x00007ffba6b10000 - 0x00007ffba6b18000 	C:\windows\System32\PSAPI.DLL
0x00007ffb60c40000 - 0x00007ffb60c67000 	C:\Users\Sravi\.gradle\native\c067742578af261105cb4f569cf0c3c89f3d7b1fecec35dd04571415982c5e48\windows-amd64\native-platform.dll
0x00007ffb81a20000 - 0x00007ffb81a29000 	C:\Users\Sravi\.vscode\extensions\redhat.java-1.31.0-win32-x64\jre\17.0.11-win32-x86_64\bin\management.dll
0x00007ffb7f1d0000 - 0x00007ffb7f1db000 	C:\Users\Sravi\.vscode\extensions\redhat.java-1.31.0-win32-x64\jre\17.0.11-win32-x86_64\bin\management_ext.dll
0x00007ffb7d670000 - 0x00007ffb7d679000 	C:\Users\Sravi\.vscode\extensions\redhat.java-1.31.0-win32-x64\jre\17.0.11-win32-x86_64\bin\extnet.dll
0x00007ffb7d190000 - 0x00007ffb7d19e000 	C:\Users\Sravi\.vscode\extensions\redhat.java-1.31.0-win32-x64\jre\17.0.11-win32-x86_64\bin\sunmscapi.dll
0x00007ffba51a0000 - 0x00007ffba5308000 	C:\windows\System32\CRYPT32.dll
0x00007ffba43f0000 - 0x00007ffba441e000 	C:\windows\SYSTEM32\ncrypt.dll
0x00007ffba43b0000 - 0x00007ffba43e7000 	C:\windows\SYSTEM32\NTASN1.dll
0x00007ffb42230000 - 0x00007ffb42238000 	C:\windows\system32\wshunix.dll

dbghelp: loaded successfully - version: 4.0.5 - missing functions: none
symbol engine: initialized successfully - sym options: 0x614 - pdb path: .;c:\Users\Sravi\.vscode\extensions\redhat.java-1.31.0-win32-x64\jre\17.0.11-win32-x86_64\bin;C:\windows\SYSTEM32;C:\windows\WinSxS\amd64_microsoft.windows.common-controls_6595b64144ccf1df_6.0.22621.3527_none_270e469b73872a76;c:\Users\Sravi\.vscode\extensions\redhat.java-1.31.0-win32-x64\jre\17.0.11-win32-x86_64\bin\server;C:\Users\Sravi\AppData\Roaming\Code\User\globalStorage\redhat.java\1.31.0\config_win\org.eclipse.equinox.launcher\org.eclipse.equinox.launcher.win32.win32.x86_64_1.2.1000.v20240507-1834;C:\Users\Sravi\AppData\Local\Temp\jna-80145397;C:\Users\Sravi\.gradle\native\c067742578af261105cb4f569cf0c3c89f3d7b1fecec35dd04571415982c5e48\windows-amd64

VM Arguments:
jvm_args: --add-modules=ALL-SYSTEM --add-opens=java.base/java.util=ALL-UNNAMED --add-opens=java.base/java.lang=ALL-UNNAMED --add-opens=java.base/sun.nio.fs=ALL-UNNAMED -Declipse.application=org.eclipse.jdt.ls.core.id1 -Dosgi.bundles.defaultStartLevel=4 -Declipse.product=org.eclipse.jdt.ls.core.product -Djava.import.generatesMetadataFilesAtProjectRoot=false -DDetectVMInstallationsJob.disabled=true -Dfile.encoding=utf8 -XX:+UseParallelGC -XX:GCTimeRatio=4 -XX:AdaptiveSizePolicyWeight=90 -Dsun.zip.disableMemoryMapping=true -Xmx1G -Xms100m -Xlog:disable -javaagent:c:\Users\Sravi\.vscode\extensions\redhat.java-1.31.0-win32-x64\lombok\lombok-1.18.32.jar -XX:+HeapDumpOnOutOfMemoryError -XX:HeapDumpPath=c:\Users\Sravi\AppData\Roaming\Code\User\workspaceStorage\b9614c74609065811dfd08b1a0ed215d\redhat.java -Daether.dependencyCollector.impl=bf 
java_command: c:\Users\Sravi\.vscode\extensions\redhat.java-1.31.0-win32-x64\server\plugins\org.eclipse.equinox.launcher_1.6.800.v20240513-1750.jar -configuration c:\Users\Sravi\AppData\Roaming\Code\User\globalStorage\redhat.java\1.31.0\config_win -data c:\Users\Sravi\AppData\Roaming\Code\User\workspaceStorage\b9614c74609065811dfd08b1a0ed215d\redhat.java\jdt_ws --pipe=\\.\pipe\lsp-3b59cf3326a71cdac3af9739a7443a66-sock
java_class_path (initial): c:\Users\Sravi\.vscode\extensions\redhat.java-1.31.0-win32-x64\server\plugins\org.eclipse.equinox.launcher_1.6.800.v20240513-1750.jar
Launcher Type: SUN_STANDARD

[Global flags]
    uintx AdaptiveSizePolicyWeight                 = 90                                        {product} {command line}
     intx CICompilerCount                          = 4                                         {product} {ergonomic}
    uintx GCTimeRatio                              = 4                                         {product} {command line}
     bool HeapDumpOnOutOfMemoryError               = true                                   {manageable} {command line}
    ccstr HeapDumpPath                             = c:\Users\Sravi\AppData\Roaming\Code\User\workspaceStorage\b9614c74609065811dfd08b1a0ed215d\redhat.java         {manageable} {command line}
   size_t InitialHeapSize                          = 104857600                                 {product} {command line}
   size_t MaxHeapSize                              = 1073741824                                {product} {command line}
   size_t MaxNewSize                               = 357564416                                 {product} {ergonomic}
   size_t MinHeapDeltaBytes                        = 524288                                    {product} {ergonomic}
   size_t MinHeapSize                              = 104857600                                 {product} {command line}
   size_t NewSize                                  = 34603008                                  {product} {ergonomic}
    uintx NonNMethodCodeHeapSize                   = 5839372                                {pd product} {ergonomic}
    uintx NonProfiledCodeHeapSize                  = 122909434                              {pd product} {ergonomic}
   size_t OldSize                                  = 70254592                                  {product} {ergonomic}
    uintx ProfiledCodeHeapSize                     = 122909434                              {pd product} {ergonomic}
    uintx ReservedCodeCacheSize                    = 251658240                              {pd product} {ergonomic}
     bool SegmentedCodeCache                       = true                                      {product} {ergonomic}
   size_t SoftMaxHeapSize                          = 1073741824                             {manageable} {ergonomic}
     bool UseCompressedClassPointers               = true                           {product lp64_product} {ergonomic}
     bool UseCompressedOops                        = true                           {product lp64_product} {ergonomic}
     bool UseLargePagesIndividualAllocation        = false                                  {pd product} {ergonomic}
     bool UseParallelGC                            = true                                      {product} {command line}

Logging:
Log output configuration:
 #0: stdout all=off uptime,level,tags
 #1: stderr all=off uptime,level,tags

Environment Variables:
JAVA_HOME=C:\Program Files\Microsoft\jdk-17.0.11.9-hotspot\
PATH=C:\Program Files\Microsoft\jdk-17.0.11.9-hotspot\bin;C:\Program Files\Common Files\Oracle\Java\javapath;C:\Program Files\Git\bin;C:\windows\system32;C:\windows;C:\windows\System32\Wbem;C:\windows\System32\WindowsPowerShell\v1.0\;C:\windows\System32\OpenSSH\;C:\Program Files (x86)\NVIDIA Corporation\PhysX\Common;C:\Program Files\NVIDIA Corporation\NVIDIA NvDLISR;C:\Program Files\MongoDB\Server\5.0\bin;C:\Program Files\MySQL\MySQL Server 8.0\bin;C:\Program Files\Java\bin;C:\Program Files\HP\HP One Agent;C:\Android;C:\Windows\System32;C:\ProgramData\chocolatey\bin;C:\Program Files\Microsoft\jdk-17.0.11.9-hotspot\\bin;D:\vikaas\aadhar\apache-maven-3.9.6\bin;C:\Program Files\nodejs\;C:\Users\Sravi\AppData\Local\Android\Sdk\platform-tools;C:\Program Files\Java\jdk-22\bin;C:\Users\dart-sdk\bin;C:\Users\Sravi\AppData\Local\Microsoft\WindowsApps;C:\Software\vs code\Microsoft VS Code\bin;C:\Users\Sravi\.fly\bin;C:\Program Files\nodejs\node_modules\npm\bin;C:\Users\Sravi\AppData\Local\Pub\Cache\bin;C:\Users\gradle-8.7\bin;C:\Users\flutter\bin;C:\Users\Sravi\AppData\Roaming\npm
USERNAME=Sravi
OS=Windows_NT
PROCESSOR_IDENTIFIER=AMD64 Family 25 Model 80 Stepping 0, AuthenticAMD
TMP=C:\Users\Sravi\AppData\Local\Temp
TEMP=C:\Users\Sravi\AppData\Local\Temp



Periodic native trim disabled


---------------  S Y S T E M  ---------------

OS:
 Windows 11 , 64 bit Build 22621 (10.0.22621.3527)
OS uptime: 0 days 5:09 hours
Hyper-V role detected

CPU: total 12 (initial active 12) (12 cores per cpu, 2 threads per core) family 25 model 80 stepping 0 microcode 0x0, cx8, cmov, fxsr, ht, mmx, 3dnowpref, sse, sse2, sse3, ssse3, sse4a, sse4.1, sse4.2, popcnt, lzcnt, tsc, tscinvbit, avx, avx2, aes, erms, clmul, bmi1, bmi2, adx, sha, fma, vzeroupper, clflush, clflushopt, hv
Processor Information for all 12 processors :
  Max Mhz: 3301, Current Mhz: 3301, Mhz Limit: 3301

Memory: 4k page, system-wide physical 7519M (50M free)
TotalPageFile size 14536M (AvailPageFile size 1M)
current process WorkingSet (physical memory assigned to process): 451M, peak: 451M
current process commit charge ("private bytes"): 462M, peak: 467M

vm_info: OpenJDK 64-Bit Server VM (17.0.11+9) for windows-amd64 JRE (17.0.11+9), built on Apr 17 2024 06:07:48 by "admin" with MS VC++ 16.10 / 16.11 (VS2019)

END.
