#
# There is insufficient memory for the Java Runtime Environment to continue.
# Native memory allocation (malloc) failed to allocate 1152288 bytes. Error detail: Chunk::new
# Possible reasons:
#   The system is out of physical RAM or swap space
#   This process is running with CompressedOops enabled, and the Java Heap may be blocking the growth of the native heap
# Possible solutions:
#   Reduce memory load on the system
#   Increase physical memory or swap space
#   Check if swap backing store is full
#   Decrease Java heap size (-Xmx/-Xms)
#   Decrease number of Java threads
#   Decrease Java thread stack sizes (-Xss)
#   Set larger code cache with -XX:ReservedCodeCacheSize=
#   JVM is running with Unscaled Compressed Oops mode in which the Java heap is
#     placed in the first 4GB address space. The Java Heap base address is the
#     maximum limit for the native heap growth. Please use -XX:HeapBaseMinAddress
#     to set the Java Heap base and to place the Java Heap above 4GB virtual address.
# This output file may be truncated or incomplete.
#
#  Out of Memory Error (arena.cpp:191), pid=13404, tid=9192
#
# JRE version: OpenJDK Runtime Environment Microsoft-9388408 (17.0.11+9) (build 17.0.11+9-LTS)
# Java VM: OpenJDK 64-Bit Server VM Microsoft-9388408 (17.0.11+9-LTS, mixed mode, sharing, tiered, compressed oops, compressed class ptrs, g1 gc, windows-amd64)
# No core dump will be written. Minidumps are not enabled by default on client versions of Windows
#

---------------  S U M M A R Y ------------

Command Line: -XX:MaxMetaspaceSize=512m --add-opens=java.base/java.util=ALL-UNNAMED --add-opens=java.base/java.lang=ALL-UNNAMED --add-opens=java.base/java.lang.invoke=ALL-UNNAMED --add-opens=java.prefs/java.util.prefs=ALL-UNNAMED --add-opens=java.base/java.nio.charset=ALL-UNNAMED --add-opens=java.base/java.net=ALL-UNNAMED --add-opens=java.base/java.util.concurrent.atomic=ALL-UNNAMED -Xmx2048m -Dfile.encoding=windows-1252 -Duser.country=IN -Duser.language=en -Duser.variant -javaagent:C:\Users\Sravi\.gradle\wrapper\dists\gradle-8.6-all\3mbtmo166bl6vumsh5k2lkq5h\gradle-8.6\lib\agents\gradle-instrumentation-agent-8.6.jar org.gradle.launcher.daemon.bootstrap.GradleDaemon 8.6

Host: AMD Ryzen 5 5600H with Radeon Graphics         , 12 cores, 7G,  Windows 11 , 64 bit Build 22621 (10.0.22621.3527)
Time: Thu May 30 17:38:30 2024 India Standard Time elapsed time: 18.250411 seconds (0d 0h 0m 18s)

---------------  T H R E A D  ---------------

Current thread (0x000001aba3565490):  JavaThread "C2 CompilerThread0" daemon [_thread_in_native, id=9192, stack(0x00000087c7800000,0x00000087c7900000)]


Current CompileTask:
C2:  18250 11913   !   4       org.gradle.internal.instantiation.generator.AsmBackedClassGenerator$InvokeConstructorStrategy::newInstance (66 bytes)

Stack: [0x00000087c7800000,0x00000087c7900000]
Native frames: (J=compiled Java code, j=interpreted, Vv=VM code, C=native code)
V  [jvm.dll+0x67f6d9]
V  [jvm.dll+0x83773a]
V  [jvm.dll+0x8391fe]
V  [jvm.dll+0x839863]
V  [jvm.dll+0x247fbf]
V  [jvm.dll+0xac544]
V  [jvm.dll+0xacb8c]
V  [jvm.dll+0x3688a7]
V  [jvm.dll+0x1bd3b2]
V  [jvm.dll+0x21a729]
V  [jvm.dll+0x219a11]
V  [jvm.dll+0x1a5396]
V  [jvm.dll+0x2297cd]
V  [jvm.dll+0x22799c]
V  [jvm.dll+0x7ec8b7]
V  [jvm.dll+0x7e6cba]
V  [jvm.dll+0x67e5c5]
C  [ucrtbase.dll+0x29333]
C  [KERNEL32.DLL+0x1257d]
C  [ntdll.dll+0x5aa48]


---------------  P R O C E S S  ---------------

Threads class SMR info:
_java_thread_list=0x000001abc8a29a00, length=124, elements={
0x000001ab850aea90, 0x000001aba3548e00, 0x000001aba354ac90, 0x000001aba355f880,
0x000001aba3561360, 0x000001aba3563d30, 0x000001aba35646f0, 0x000001aba3565490,
0x000001aba3569440, 0x000001aba3574260, 0x000001aba3536700, 0x000001aba3cce870,
0x000001abc40763c0, 0x000001abc4db0d80, 0x000001abc4c39500, 0x000001abc45db620,
0x000001abc4369ff0, 0x000001abc48309f0, 0x000001abc4342810, 0x000001abc4426cb0,
0x000001abc4424e50, 0x000001abc4425360, 0x000001abc4425870, 0x000001abc4425d80,
0x000001abc4423a10, 0x000001abc4426290, 0x000001abc44271c0, 0x000001abc4423f20,
0x000001abc44267a0, 0x000001abc4424940, 0x000001abc54587a0, 0x000001abc5455f20,
0x000001abc5457870, 0x000001abc5453bb0, 0x000001abc54596d0, 0x000001abc5454ff0,
0x000001abc545a0f0, 0x000001abc5456e50, 0x000001abc54545d0, 0x000001abc5453190,
0x000001abc5457360, 0x000001abc5458cb0, 0x000001abc54591c0, 0x000001abc5459be0,
0x000001abc545a600, 0x000001abc5454ae0, 0x000001abc54536a0, 0x000001abc5455500,
0x000001abc8810f70, 0x000001abc8815140, 0x000001abc8811480, 0x000001abc8810040,
0x000001abc8810a60, 0x000001abc8815650, 0x000001abc8811990, 0x000001abc8814210,
0x000001abc880fb30, 0x000001abc8816580, 0x000001abc8811ea0, 0x000001abc8814c30,
0x000001abc8810550, 0x000001abc8816a90, 0x000001abc88123b0, 0x000001abc880f620,
0x000001abc8815b60, 0x000001abc8816070, 0x000001abc88128c0, 0x000001abc8812dd0,
0x000001abc88132e0, 0x000001abc8814720, 0x000001abc8816fa0, 0x000001abc9569ae0,
0x000001abc9569ff0, 0x000001abc95649e0, 0x000001abc95644d0, 0x000001abc956af20,
0x000001abc9566d50, 0x000001abc956aa10, 0x000001abc9568bb0, 0x000001abc956a500,
0x000001abc9565400, 0x000001abc9566330, 0x000001abc9564ef0, 0x000001abc9566840,
0x000001abc9567770, 0x000001abc95690c0, 0x000001abc9567c80, 0x000001abc9563ab0,
0x000001abc9568190, 0x000001abc9565910, 0x000001abc9565e20, 0x000001abc9567260,
0x000001abc95686a0, 0x000001abc95695d0, 0x000001abc956b430, 0x000001abc9563fc0,
0x000001abc68d0600, 0x000001abc68ca5d0, 0x000001abc68caff0, 0x000001abc68cf6d0,
0x000001abc68cfbe0, 0x000001abc68c9190, 0x000001abc68cecb0, 0x000001abc68d00f0,
0x000001abc68caae0, 0x000001abc68d0b10, 0x000001abc68cf1c0, 0x000001abc68c96a0,
0x000001abc68c9bb0, 0x000001abc68cc940, 0x000001abc68cba10, 0x000001abc68cdd80,
0x000001abc68cb500, 0x000001abc68cbf20, 0x000001abc68cce50, 0x000001abc68cc430,
0x000001abc68cd360, 0x000001abc68cd870, 0x000001abc68ce290, 0x000001abc68ce7a0,
0x000001abc7c1f8f0, 0x000001abc7c20820, 0x000001abc7c21c60, 0x000001abc7c22170
}

Java Threads: ( => current thread )
  0x000001ab850aea90 JavaThread "main" [_thread_blocked, id=19448, stack(0x00000087c6b00000,0x00000087c6c00000)]
  0x000001aba3548e00 JavaThread "Reference Handler" daemon [_thread_blocked, id=11936, stack(0x00000087c7200000,0x00000087c7300000)]
  0x000001aba354ac90 JavaThread "Finalizer" daemon [_thread_blocked, id=1844, stack(0x00000087c7300000,0x00000087c7400000)]
  0x000001aba355f880 JavaThread "Signal Dispatcher" daemon [_thread_blocked, id=9856, stack(0x00000087c7400000,0x00000087c7500000)]
  0x000001aba3561360 JavaThread "Attach Listener" daemon [_thread_blocked, id=10008, stack(0x00000087c7500000,0x00000087c7600000)]
  0x000001aba3563d30 JavaThread "Service Thread" daemon [_thread_blocked, id=14064, stack(0x00000087c7600000,0x00000087c7700000)]
  0x000001aba35646f0 JavaThread "Monitor Deflation Thread" daemon [_thread_blocked, id=4976, stack(0x00000087c7700000,0x00000087c7800000)]
=>0x000001aba3565490 JavaThread "C2 CompilerThread0" daemon [_thread_in_native, id=9192, stack(0x00000087c7800000,0x00000087c7900000)]
  0x000001aba3569440 JavaThread "C1 CompilerThread0" daemon [_thread_blocked, id=3536, stack(0x00000087c7900000,0x00000087c7a00000)]
  0x000001aba3574260 JavaThread "Sweeper thread" daemon [_thread_blocked, id=15680, stack(0x00000087c7a00000,0x00000087c7b00000)]
  0x000001aba3536700 JavaThread "Common-Cleaner" daemon [_thread_blocked, id=6884, stack(0x00000087c7b00000,0x00000087c7c00000)]
  0x000001aba3cce870 JavaThread "Notification Thread" daemon [_thread_blocked, id=7608, stack(0x00000087c7c00000,0x00000087c7d00000)]
  0x000001abc40763c0 JavaThread "Daemon health stats" [_thread_blocked, id=18640, stack(0x00000087c8200000,0x00000087c8300000)]
  0x000001abc4db0d80 JavaThread "Incoming local TCP Connector on port 53036" [_thread_in_native, id=16112, stack(0x00000087c8300000,0x00000087c8400000)]
  0x000001abc4c39500 JavaThread "Daemon periodic checks" [_thread_blocked, id=17212, stack(0x00000087c8400000,0x00000087c8500000)]
  0x000001abc45db620 JavaThread "Daemon" [_thread_blocked, id=10860, stack(0x00000087c8500000,0x00000087c8600000)]
  0x000001abc4369ff0 JavaThread "Handler for socket connection from /127.0.0.1:53036 to /127.0.0.1:53037" [_thread_in_native, id=11556, stack(0x00000087c8600000,0x00000087c8700000)]
  0x000001abc48309f0 JavaThread "Cancel handler" [_thread_blocked, id=11784, stack(0x00000087c8700000,0x00000087c8800000)]
  0x000001abc4342810 JavaThread "Daemon worker" [_thread_in_Java, id=9968, stack(0x00000087c8800000,0x00000087c8900000)]
  0x000001abc4426cb0 JavaThread "Asynchronous log dispatcher for DefaultDaemonConnection: socket connection from /127.0.0.1:53036 to /127.0.0.1:53037" [_thread_blocked, id=6800, stack(0x00000087c8900000,0x00000087c8a00000)]
  0x000001abc4424e50 JavaThread "Stdin handler" [_thread_blocked, id=11024, stack(0x00000087c8a00000,0x00000087c8b00000)]
  0x000001abc4425360 JavaThread "Daemon client event forwarder" [_thread_blocked, id=3012, stack(0x00000087c8b00000,0x00000087c8c00000)]
  0x000001abc4425870 JavaThread "Cache worker for journal cache (C:\Users\Sravi\.gradle\caches\journal-1)" [_thread_blocked, id=20252, stack(0x00000087c8c00000,0x00000087c8d00000)]
  0x000001abc4425d80 JavaThread "File lock request listener" [_thread_in_native, id=3804, stack(0x00000087c8d00000,0x00000087c8e00000)]
  0x000001abc4423a10 JavaThread "Cache worker for file hash cache (C:\Users\Sravi\.gradle\caches\8.6\fileHashes)" [_thread_blocked, id=10704, stack(0x00000087c8e00000,0x00000087c8f00000)]
  0x000001abc4426290 JavaThread "File watcher server" daemon [_thread_in_native, id=18200, stack(0x00000087c9400000,0x00000087c9500000)]
  0x000001abc44271c0 JavaThread "File watcher consumer" daemon [_thread_blocked, id=9964, stack(0x00000087c9500000,0x00000087c9600000)]
  0x000001abc4423f20 JavaThread "Cache worker for checksums cache (D:\RaviFirstApp\orgional\Vikaas\android\.gradle\8.6\checksums)" [_thread_blocked, id=16640, stack(0x00000087c9600000,0x00000087c9700000)]
  0x000001abc44267a0 JavaThread "Cache worker for file hash cache (D:\RaviFirstApp\orgional\Vikaas\android\.gradle\8.6\fileHashes)" [_thread_blocked, id=20168, stack(0x00000087c9900000,0x00000087c9a00000)]
  0x000001abc4424940 JavaThread "Cache worker for cache directory md-supplier (C:\Users\Sravi\.gradle\caches\8.6\md-supplier)" [_thread_blocked, id=360, stack(0x00000087c9a00000,0x00000087c9b00000)]
  0x000001abc54587a0 JavaThread "Cache worker for cache directory md-rule (C:\Users\Sravi\.gradle\caches\8.6\md-rule)" [_thread_blocked, id=3656, stack(0x00000087c9b00000,0x00000087c9c00000)]
  0x000001abc5455f20 JavaThread "Cache worker for file content cache (C:\Users\Sravi\.gradle\caches\8.6\fileContent)" [_thread_blocked, id=11060, stack(0x00000087c9c00000,0x00000087c9d00000)]
  0x000001abc5457870 JavaThread "jar transforms" [_thread_blocked, id=9816, stack(0x00000087c9d00000,0x00000087c9e00000)]
  0x000001abc5453bb0 JavaThread "jar transforms Thread 2" [_thread_blocked, id=12980, stack(0x00000087c9e00000,0x00000087c9f00000)]
  0x000001abc54596d0 JavaThread "jar transforms Thread 3" [_thread_blocked, id=16612, stack(0x00000087c9f00000,0x00000087ca000000)]
  0x000001abc5454ff0 JavaThread "jar transforms Thread 4" [_thread_blocked, id=12108, stack(0x00000087ca000000,0x00000087ca100000)]
  0x000001abc545a0f0 JavaThread "Exec process" [_thread_blocked, id=8180, stack(0x00000087ca100000,0x00000087ca200000)]
  0x000001abc5456e50 JavaThread "Exec process Thread 2" [_thread_blocked, id=14968, stack(0x00000087ca200000,0x00000087ca300000)]
  0x000001abc54545d0 JavaThread "Exec process Thread 3" [_thread_blocked, id=18328, stack(0x00000087ca300000,0x00000087ca400000)]
  0x000001abc5453190 JavaThread "jar transforms Thread 5" [_thread_blocked, id=11768, stack(0x00000087ca400000,0x00000087ca500000)]
  0x000001abc5457360 JavaThread "jar transforms Thread 6" [_thread_blocked, id=2788, stack(0x00000087ca500000,0x00000087ca600000)]
  0x000001abc5458cb0 JavaThread "jar transforms Thread 7" [_thread_blocked, id=12168, stack(0x00000087ca600000,0x00000087ca700000)]
  0x000001abc54591c0 JavaThread "jar transforms Thread 8" [_thread_blocked, id=16164, stack(0x00000087ca700000,0x00000087ca800000)]
  0x000001abc5459be0 JavaThread "jar transforms Thread 9" [_thread_blocked, id=13096, stack(0x00000087ca900000,0x00000087caa00000)]
  0x000001abc545a600 JavaThread "jar transforms Thread 10" [_thread_blocked, id=9144, stack(0x00000087caa00000,0x00000087cab00000)]
  0x000001abc5454ae0 JavaThread "Unconstrained build operations" [_thread_blocked, id=4632, stack(0x00000087cab00000,0x00000087cac00000)]
  0x000001abc54536a0 JavaThread "Unconstrained build operations Thread 2" [_thread_blocked, id=14068, stack(0x00000087cac00000,0x00000087cad00000)]
  0x000001abc5455500 JavaThread "jar transforms Thread 11" [_thread_blocked, id=20264, stack(0x00000087cad00000,0x00000087cae00000)]
  0x000001abc8810f70 JavaThread "jar transforms Thread 12" [_thread_blocked, id=8308, stack(0x00000087cae00000,0x00000087caf00000)]
  0x000001abc8815140 JavaThread "Cache worker for Build Output Cleanup Cache (D:\RaviFirstApp\orgional\Vikaas\node_modules\@react-native\gradle-plugin\.gradle\buildOutputCleanup)" [_thread_blocked, id=19164, stack(0x00000087caf00000,0x00000087cb000000)]
  0x000001abc8811480 JavaThread "Unconstrained build operations Thread 3" [_thread_blocked, id=13008, stack(0x00000087cb000000,0x00000087cb100000)]
  0x000001abc8810040 JavaThread "Unconstrained build operations Thread 4" [_thread_blocked, id=2900, stack(0x00000087cb100000,0x00000087cb200000)]
  0x000001abc8810a60 JavaThread "Unconstrained build operations Thread 5" [_thread_blocked, id=9588, stack(0x00000087cb200000,0x00000087cb300000)]
  0x000001abc8815650 JavaThread "Unconstrained build operations Thread 6" [_thread_blocked, id=17932, stack(0x00000087cb300000,0x00000087cb400000)]
  0x000001abc8811990 JavaThread "Unconstrained build operations Thread 7" [_thread_blocked, id=6660, stack(0x00000087cb400000,0x00000087cb500000)]
  0x000001abc8814210 JavaThread "Unconstrained build operations Thread 8" [_thread_blocked, id=3692, stack(0x00000087cb500000,0x00000087cb600000)]
  0x000001abc880fb30 JavaThread "Unconstrained build operations Thread 9" [_thread_blocked, id=18312, stack(0x00000087cb600000,0x00000087cb700000)]
  0x000001abc8816580 JavaThread "Unconstrained build operations Thread 10" [_thread_blocked, id=7756, stack(0x00000087cb700000,0x00000087cb800000)]
  0x000001abc8811ea0 JavaThread "Unconstrained build operations Thread 11" [_thread_blocked, id=19824, stack(0x00000087cb800000,0x00000087cb900000)]
  0x000001abc8814c30 JavaThread "Unconstrained build operations Thread 12" [_thread_blocked, id=3120, stack(0x00000087cb900000,0x00000087cba00000)]
  0x000001abc8810550 JavaThread "Unconstrained build operations Thread 13" [_thread_blocked, id=3468, stack(0x00000087cba00000,0x00000087cbb00000)]
  0x000001abc8816a90 JavaThread "build event listener" [_thread_blocked, id=10756, stack(0x00000087cbb00000,0x00000087cbc00000)]
  0x000001abc88123b0 JavaThread "Memory manager" [_thread_blocked, id=13308, stack(0x00000087cbc00000,0x00000087cbd00000)]
  0x000001abc880f620 JavaThread "Cache worker for Build Output Cleanup Cache (D:\RaviFirstApp\orgional\Vikaas\android\.gradle\buildOutputCleanup)" [_thread_blocked, id=18584, stack(0x00000087cbd00000,0x00000087cbe00000)]
  0x000001abc8815b60 JavaThread "ForkJoinPool.commonPool-worker-1" daemon [_thread_blocked, id=19240, stack(0x00000087cbe00000,0x00000087cbf00000)]
  0x000001abc8816070 JavaThread "ForkJoinPool.commonPool-worker-2" daemon [_thread_blocked, id=11728, stack(0x00000087cbf00000,0x00000087cc000000)]
  0x000001abc88128c0 JavaThread "ForkJoinPool.commonPool-worker-3" daemon [_thread_blocked, id=19580, stack(0x00000087cc000000,0x00000087cc100000)]
  0x000001abc8812dd0 JavaThread "ForkJoinPool.commonPool-worker-4" daemon [_thread_blocked, id=15628, stack(0x00000087cc100000,0x00000087cc200000)]
  0x000001abc88132e0 JavaThread "ForkJoinPool.commonPool-worker-5" daemon [_thread_blocked, id=19308, stack(0x00000087cc200000,0x00000087cc300000)]
  0x000001abc8814720 JavaThread "ForkJoinPool.commonPool-worker-6" daemon [_thread_blocked, id=8032, stack(0x00000087cc300000,0x00000087cc400000)]
  0x000001abc8816fa0 JavaThread "ForkJoinPool.commonPool-worker-7" daemon [_thread_blocked, id=4840, stack(0x00000087cc400000,0x00000087cc500000)]
  0x000001abc9569ae0 JavaThread "ForkJoinPool.commonPool-worker-8" daemon [_thread_blocked, id=9072, stack(0x00000087cc500000,0x00000087cc600000)]
  0x000001abc9569ff0 JavaThread "ForkJoinPool.commonPool-worker-9" daemon [_thread_blocked, id=13180, stack(0x00000087cc600000,0x00000087cc700000)]
  0x000001abc95649e0 JavaThread "ForkJoinPool.commonPool-worker-10" daemon [_thread_blocked, id=348, stack(0x00000087cc700000,0x00000087cc800000)]
  0x000001abc95644d0 JavaThread "ForkJoinPool.commonPool-worker-11" daemon [_thread_blocked, id=8876, stack(0x00000087cc800000,0x00000087cc900000)]
  0x000001abc956af20 JavaThread "included builds" [_thread_blocked, id=19496, stack(0x00000087cc900000,0x00000087cca00000)]
  0x000001abc9566d50 JavaThread "Execution worker" [_thread_blocked, id=11596, stack(0x00000087cca00000,0x00000087ccb00000)]
  0x000001abc956aa10 JavaThread "Execution worker Thread 2" [_thread_blocked, id=20260, stack(0x00000087ccb00000,0x00000087ccc00000)]
  0x000001abc9568bb0 JavaThread "Execution worker Thread 3" [_thread_blocked, id=9388, stack(0x00000087ccc00000,0x00000087ccd00000)]
  0x000001abc956a500 JavaThread "Execution worker Thread 4" [_thread_blocked, id=18076, stack(0x00000087ccd00000,0x00000087cce00000)]
  0x000001abc9565400 JavaThread "Execution worker Thread 5" [_thread_blocked, id=6368, stack(0x00000087cce00000,0x00000087ccf00000)]
  0x000001abc9566330 JavaThread "Execution worker Thread 6" [_thread_blocked, id=2784, stack(0x00000087ccf00000,0x00000087cd000000)]
  0x000001abc9564ef0 JavaThread "Execution worker Thread 7" [_thread_blocked, id=11668, stack(0x00000087cd000000,0x00000087cd100000)]
  0x000001abc9566840 JavaThread "Execution worker Thread 8" [_thread_blocked, id=18236, stack(0x00000087cd100000,0x00000087cd200000)]
  0x000001abc9567770 JavaThread "Execution worker Thread 9" [_thread_blocked, id=14276, stack(0x00000087cd200000,0x00000087cd300000)]
  0x000001abc95690c0 JavaThread "Execution worker Thread 10" [_thread_blocked, id=19956, stack(0x00000087cd300000,0x00000087cd400000)]
  0x000001abc9567c80 JavaThread "Execution worker Thread 11" [_thread_blocked, id=8040, stack(0x00000087cd400000,0x00000087cd500000)]
  0x000001abc9563ab0 JavaThread "Cache worker for execution history cache (D:\RaviFirstApp\orgional\Vikaas\node_modules\@react-native\gradle-plugin\.gradle\8.6\executionHistory)" [_thread_blocked, id=13688, stack(0x00000087cd500000,0x00000087cd600000)]
  0x000001abc9568190 JavaThread "Unconstrained build operations Thread 14" [_thread_blocked, id=12992, stack(0x00000087cd600000,0x00000087cd700000)]
  0x000001abc9565910 JavaThread "Unconstrained build operations Thread 15" [_thread_blocked, id=18452, stack(0x00000087cd700000,0x00000087cd800000)]
  0x000001abc9565e20 JavaThread "Unconstrained build operations Thread 16" [_thread_blocked, id=11040, stack(0x00000087cd800000,0x00000087cd900000)]
  0x000001abc9567260 JavaThread "Unconstrained build operations Thread 17" [_thread_blocked, id=20088, stack(0x00000087cd900000,0x00000087cda00000)]
  0x000001abc95686a0 JavaThread "Unconstrained build operations Thread 18" [_thread_blocked, id=4980, stack(0x00000087cda00000,0x00000087cdb00000)]
  0x000001abc95695d0 JavaThread "Unconstrained build operations Thread 19" [_thread_blocked, id=16140, stack(0x00000087cdb00000,0x00000087cdc00000)]
  0x000001abc956b430 JavaThread "Unconstrained build operations Thread 20" [_thread_blocked, id=11452, stack(0x00000087cdc00000,0x00000087cdd00000)]
  0x000001abc9563fc0 JavaThread "Unconstrained build operations Thread 21" [_thread_blocked, id=9980, stack(0x00000087cdd00000,0x00000087cde00000)]
  0x000001abc68d0600 JavaThread "Unconstrained build operations Thread 22" [_thread_blocked, id=19044, stack(0x00000087cde00000,0x00000087cdf00000)]
  0x000001abc68ca5d0 JavaThread "Unconstrained build operations Thread 23" [_thread_blocked, id=7100, stack(0x00000087cdf00000,0x00000087ce000000)]
  0x000001abc68caff0 JavaThread "Unconstrained build operations Thread 24" [_thread_blocked, id=20312, stack(0x00000087ce000000,0x00000087ce100000)]
  0x000001abc68cf6d0 JavaThread "Unconstrained build operations Thread 25" [_thread_blocked, id=7356, stack(0x00000087ce100000,0x00000087ce200000)]
  0x000001abc68cfbe0 JavaThread "Unconstrained build operations Thread 26" [_thread_blocked, id=12248, stack(0x00000087ce200000,0x00000087ce300000)]
  0x000001abc68c9190 JavaThread "Unconstrained build operations Thread 27" [_thread_blocked, id=9316, stack(0x00000087ce300000,0x00000087ce400000)]
  0x000001abc68cecb0 JavaThread "Unconstrained build operations Thread 28" [_thread_blocked, id=1996, stack(0x00000087ce400000,0x00000087ce500000)]
  0x000001abc68d00f0 JavaThread "Unconstrained build operations Thread 29" [_thread_blocked, id=17376, stack(0x00000087ce500000,0x00000087ce600000)]
  0x000001abc68caae0 JavaThread "Unconstrained build operations Thread 30" [_thread_blocked, id=12196, stack(0x00000087ce600000,0x00000087ce700000)]
  0x000001abc68d0b10 JavaThread "Unconstrained build operations Thread 31" [_thread_blocked, id=6488, stack(0x00000087ce700000,0x00000087ce800000)]
  0x000001abc68cf1c0 JavaThread "Unconstrained build operations Thread 32" [_thread_blocked, id=11464, stack(0x00000087ce800000,0x00000087ce900000)]
  0x000001abc68c96a0 JavaThread "Unconstrained build operations Thread 33" [_thread_blocked, id=10688, stack(0x00000087ce900000,0x00000087cea00000)]
  0x000001abc68c9bb0 JavaThread "Unconstrained build operations Thread 34" [_thread_blocked, id=18524, stack(0x00000087cea00000,0x00000087ceb00000)]
  0x000001abc68cc940 JavaThread "Unconstrained build operations Thread 35" [_thread_blocked, id=16828, stack(0x00000087ceb00000,0x00000087cec00000)]
  0x000001abc68cba10 JavaThread "Unconstrained build operations Thread 36" [_thread_blocked, id=19320, stack(0x00000087cec00000,0x00000087ced00000)]
  0x000001abc68cdd80 JavaThread "Unconstrained build operations Thread 37" [_thread_blocked, id=13444, stack(0x00000087ced00000,0x00000087cee00000)]
  0x000001abc68cb500 JavaThread "Unconstrained build operations Thread 38" [_thread_blocked, id=12064, stack(0x00000087cee00000,0x00000087cef00000)]
  0x000001abc68cbf20 JavaThread "Unconstrained build operations Thread 39" [_thread_blocked, id=19628, stack(0x00000087cef00000,0x00000087cf000000)]
  0x000001abc68cce50 JavaThread "Unconstrained build operations Thread 40" [_thread_blocked, id=15572, stack(0x00000087cf000000,0x00000087cf100000)]
  0x000001abc68cc430 JavaThread "Unconstrained build operations Thread 41" [_thread_blocked, id=14328, stack(0x00000087cf100000,0x00000087cf200000)]
  0x000001abc68cd360 JavaThread "Unconstrained build operations Thread 42" [_thread_blocked, id=15180, stack(0x00000087cf200000,0x00000087cf300000)]
  0x000001abc68cd870 JavaThread "Unconstrained build operations Thread 43" [_thread_blocked, id=7212, stack(0x00000087cf300000,0x00000087cf400000)]
  0x000001abc68ce290 JavaThread "Unconstrained build operations Thread 44" [_thread_blocked, id=13584, stack(0x00000087cf400000,0x00000087cf500000)]
  0x000001abc68ce7a0 JavaThread "Unconstrained build operations Thread 45" [_thread_blocked, id=16528, stack(0x00000087cf500000,0x00000087cf600000)]
  0x000001abc7c1f8f0 JavaThread "Unconstrained build operations Thread 46" [_thread_blocked, id=15216, stack(0x00000087cf600000,0x00000087cf700000)]
  0x000001abc7c20820 JavaThread "Unconstrained build operations Thread 47" [_thread_blocked, id=9196, stack(0x00000087cf700000,0x00000087cf800000)]
  0x000001abc7c21c60 JavaThread "Unconstrained build operations Thread 48" [_thread_blocked, id=5316, stack(0x00000087cf800000,0x00000087cf900000)]
  0x000001abc7c22170 JavaThread "build event listener" [_thread_blocked, id=15084, stack(0x00000087cf900000,0x00000087cfa00000)]

Other Threads:
  0x000001aba3544200 VMThread "VM Thread" [stack: 0x00000087c7100000,0x00000087c7200000] [id=6236]
  0x000001aba3cced50 WatcherThread [stack: 0x00000087c7d00000,0x00000087c7e00000] [id=6240]
  0x000001ab8510bf70 GCTaskThread "GC Thread#0" [stack: 0x00000087c6c00000,0x00000087c6d00000] [id=9564]
  0x000001abc3a35d10 GCTaskThread "GC Thread#1" [stack: 0x00000087c7e00000,0x00000087c7f00000] [id=12544]
  0x000001abc3a994e0 GCTaskThread "GC Thread#2" [stack: 0x00000087c7f00000,0x00000087c8000000] [id=8932]
  0x000001abc3a8c800 GCTaskThread "GC Thread#3" [stack: 0x00000087c8000000,0x00000087c8100000] [id=13864]
  0x000001abc3723cb0 GCTaskThread "GC Thread#4" [stack: 0x00000087c8100000,0x00000087c8200000] [id=12068]
  0x000001abc5338c40 GCTaskThread "GC Thread#5" [stack: 0x00000087c8f00000,0x00000087c9000000] [id=4664]
  0x000001abc4941910 GCTaskThread "GC Thread#6" [stack: 0x00000087c9000000,0x00000087c9100000] [id=2408]
  0x000001abc50f69b0 GCTaskThread "GC Thread#7" [stack: 0x00000087c9100000,0x00000087c9200000] [id=5816]
  0x000001abc5190c70 GCTaskThread "GC Thread#8" [stack: 0x00000087c9200000,0x00000087c9300000] [id=14048]
  0x000001abc5190f30 GCTaskThread "GC Thread#9" [stack: 0x00000087c9300000,0x00000087c9400000] [id=9932]
  0x000001ab8511ded0 ConcurrentGCThread "G1 Main Marker" [stack: 0x00000087c6d00000,0x00000087c6e00000] [id=10772]
  0x000001ab8511f090 ConcurrentGCThread "G1 Conc#0" [stack: 0x00000087c6e00000,0x00000087c6f00000] [id=5932]
  0x000001abc5652290 ConcurrentGCThread "G1 Conc#1" [stack: 0x00000087c9700000,0x00000087c9800000] [id=6472]
  0x000001abc5652ad0 ConcurrentGCThread "G1 Conc#2" [stack: 0x00000087c9800000,0x00000087c9900000] [id=7432]
  0x000001aba3406340 ConcurrentGCThread "G1 Refine#0" [stack: 0x00000087c6f00000,0x00000087c7000000] [id=18968]
  0x000001ab851596f0 ConcurrentGCThread "G1 Service" [stack: 0x00000087c7000000,0x00000087c7100000] [id=19512]

Threads with active compile tasks:
C2 CompilerThread0    18274 11913   !   4       org.gradle.internal.instantiation.generator.AsmBackedClassGenerator$InvokeConstructorStrategy::newInstance (66 bytes)

VM state: not at safepoint (normal execution)

VM Mutex/Monitor currently owned by a thread: None

Heap address: 0x0000000080000000, size: 2048 MB, Compressed Oops mode: 32-bit

CDS archive(s) mapped at: [0x000001aba4000000-0x000001aba4bb0000-0x000001aba4bb0000), size 12255232, SharedBaseAddress: 0x000001aba4000000, ArchiveRelocationMode: 1.
Compressed class space mapped at: 0x000001aba5000000-0x000001abbf000000, reserved size: 436207616
Narrow klass base: 0x000001aba4000000, Narrow klass shift: 0, Narrow klass range: 0x100000000

GC Precious Log:
 CPUs: 12 total, 12 available
 Memory: 7519M
 Large Page Support: Disabled
 NUMA Support: Disabled
 Compressed Oops: Enabled (32-bit)
 Heap Region Size: 1M
 Heap Min Capacity: 8M
 Heap Initial Capacity: 118M
 Heap Max Capacity: 2G
 Pre-touch: Disabled
 Parallel Workers: 10
 Concurrent Workers: 3
 Concurrent Refinement Workers: 10
 Periodic GC: Disabled

Heap:
 garbage-first heap   total 234496K, used 167891K [0x0000000080000000, 0x0000000100000000)
  region size 1024K, 69 young (70656K), 6 survivors (6144K)
 Metaspace       used 96548K, committed 97600K, reserved 557056K
  class space    used 13747K, committed 14272K, reserved 425984K

Heap Regions: E=young(eden), S=young(survivor), O=old, HS=humongous(starts), HC=humongous(continues), CS=collection set, F=free, OA=open archive, CA=closed archive, TAMS=top-at-mark-start (previous, next)
|   0|0x0000000080000000, 0x0000000080100000, 0x0000000080100000|100%|HS|  |TAMS 0x0000000080100000, 0x0000000080000000| Complete 
|   1|0x0000000080100000, 0x0000000080200000, 0x0000000080200000|100%|HC|  |TAMS 0x0000000080200000, 0x0000000080100000| Complete 
|   2|0x0000000080200000, 0x0000000080300000, 0x0000000080300000|100%|HC|  |TAMS 0x0000000080300000, 0x0000000080200000| Complete 
|   3|0x0000000080300000, 0x0000000080400000, 0x0000000080400000|100%|HC|  |TAMS 0x0000000080400000, 0x0000000080300000| Complete 
|   4|0x0000000080400000, 0x0000000080500000, 0x0000000080500000|100%| O|  |TAMS 0x0000000080500000, 0x0000000080400000| Untracked 
|   5|0x0000000080500000, 0x0000000080600000, 0x0000000080600000|100%| O|  |TAMS 0x0000000080600000, 0x0000000080500000| Untracked 
|   6|0x0000000080600000, 0x0000000080700000, 0x0000000080700000|100%| O|  |TAMS 0x0000000080700000, 0x0000000080600000| Untracked 
|   7|0x0000000080700000, 0x0000000080800000, 0x0000000080800000|100%| O|  |TAMS 0x0000000080800000, 0x0000000080700000| Untracked 
|   8|0x0000000080800000, 0x0000000080900000, 0x0000000080900000|100%| O|  |TAMS 0x0000000080900000, 0x0000000080800000| Untracked 
|   9|0x0000000080900000, 0x0000000080a00000, 0x0000000080a00000|100%| O|  |TAMS 0x0000000080a00000, 0x0000000080900000| Untracked 
|  10|0x0000000080a00000, 0x0000000080b00000, 0x0000000080b00000|100%| O|  |TAMS 0x0000000080b00000, 0x0000000080a00000| Untracked 
|  11|0x0000000080b00000, 0x0000000080c00000, 0x0000000080c00000|100%| O|  |TAMS 0x0000000080c00000, 0x0000000080b00000| Untracked 
|  12|0x0000000080c00000, 0x0000000080d00000, 0x0000000080d00000|100%| O|  |TAMS 0x0000000080d00000, 0x0000000080c00000| Untracked 
|  13|0x0000000080d00000, 0x0000000080e00000, 0x0000000080e00000|100%| O|  |TAMS 0x0000000080e00000, 0x0000000080d00000| Untracked 
|  14|0x0000000080e00000, 0x0000000080f00000, 0x0000000080f00000|100%| O|  |TAMS 0x0000000080f00000, 0x0000000080e00000| Untracked 
|  15|0x0000000080f00000, 0x0000000081000000, 0x0000000081000000|100%| O|  |TAMS 0x0000000081000000, 0x0000000080f00000| Untracked 
|  16|0x0000000081000000, 0x0000000081100000, 0x0000000081100000|100%| O|  |TAMS 0x0000000081100000, 0x0000000081000000| Untracked 
|  17|0x0000000081100000, 0x0000000081200000, 0x0000000081200000|100%| O|  |TAMS 0x0000000081200000, 0x0000000081100000| Untracked 
|  18|0x0000000081200000, 0x0000000081300000, 0x0000000081300000|100%| O|  |TAMS 0x0000000081300000, 0x0000000081200000| Untracked 
|  19|0x0000000081300000, 0x0000000081400000, 0x0000000081400000|100%| O|  |TAMS 0x0000000081400000, 0x0000000081300000| Untracked 
|  20|0x0000000081400000, 0x0000000081500000, 0x0000000081500000|100%| O|  |TAMS 0x0000000081500000, 0x0000000081400000| Untracked 
|  21|0x0000000081500000, 0x0000000081600000, 0x0000000081600000|100%| O|  |TAMS 0x0000000081600000, 0x0000000081500000| Untracked 
|  22|0x0000000081600000, 0x0000000081700000, 0x0000000081700000|100%| O|  |TAMS 0x0000000081700000, 0x0000000081600000| Untracked 
|  23|0x0000000081700000, 0x0000000081800000, 0x0000000081800000|100%| O|  |TAMS 0x0000000081800000, 0x0000000081700000| Untracked 
|  24|0x0000000081800000, 0x0000000081900000, 0x0000000081900000|100%| O|  |TAMS 0x0000000081900000, 0x0000000081800000| Untracked 
|  25|0x0000000081900000, 0x0000000081a00000, 0x0000000081a00000|100%| O|  |TAMS 0x0000000081a00000, 0x0000000081900000| Untracked 
|  26|0x0000000081a00000, 0x0000000081b00000, 0x0000000081b00000|100%| O|  |TAMS 0x0000000081b00000, 0x0000000081a00000| Untracked 
|  27|0x0000000081b00000, 0x0000000081c00000, 0x0000000081c00000|100%| O|  |TAMS 0x0000000081c00000, 0x0000000081b00000| Untracked 
|  28|0x0000000081c00000, 0x0000000081d00000, 0x0000000081d00000|100%| O|  |TAMS 0x0000000081d00000, 0x0000000081c00000| Untracked 
|  29|0x0000000081d00000, 0x0000000081e00000, 0x0000000081e00000|100%| O|  |TAMS 0x0000000081e00000, 0x0000000081d00000| Untracked 
|  30|0x0000000081e00000, 0x0000000081f00000, 0x0000000081f00000|100%| O|  |TAMS 0x0000000081f00000, 0x0000000081e00000| Untracked 
|  31|0x0000000081f00000, 0x0000000082000000, 0x0000000082000000|100%| O|  |TAMS 0x0000000082000000, 0x0000000081f00000| Untracked 
|  32|0x0000000082000000, 0x0000000082100000, 0x0000000082100000|100%| O|  |TAMS 0x0000000082100000, 0x0000000082000000| Untracked 
|  33|0x0000000082100000, 0x0000000082200000, 0x0000000082200000|100%| O|  |TAMS 0x0000000082200000, 0x0000000082100000| Untracked 
|  34|0x0000000082200000, 0x0000000082300000, 0x0000000082300000|100%| O|  |TAMS 0x0000000082300000, 0x0000000082200000| Untracked 
|  35|0x0000000082300000, 0x0000000082400000, 0x0000000082400000|100%|HS|  |TAMS 0x0000000082400000, 0x0000000082300000| Complete 
|  36|0x0000000082400000, 0x0000000082500000, 0x0000000082500000|100%|HC|  |TAMS 0x0000000082500000, 0x0000000082400000| Complete 
|  37|0x0000000082500000, 0x0000000082600000, 0x0000000082600000|100%|HS|  |TAMS 0x0000000082600000, 0x0000000082500000| Complete 
|  38|0x0000000082600000, 0x0000000082700000, 0x0000000082700000|100%|HC|  |TAMS 0x0000000082700000, 0x0000000082600000| Complete 
|  39|0x0000000082700000, 0x0000000082800000, 0x0000000082800000|100%|HS|  |TAMS 0x0000000082800000, 0x0000000082700000| Complete 
|  40|0x0000000082800000, 0x0000000082900000, 0x0000000082900000|100%|HC|  |TAMS 0x0000000082900000, 0x0000000082800000| Complete 
|  41|0x0000000082900000, 0x0000000082a00000, 0x0000000082a00000|100%|HC|  |TAMS 0x0000000082a00000, 0x0000000082900000| Complete 
|  42|0x0000000082a00000, 0x0000000082b00000, 0x0000000082b00000|100%|HC|  |TAMS 0x0000000082b00000, 0x0000000082a00000| Complete 
|  43|0x0000000082b00000, 0x0000000082c00000, 0x0000000082c00000|100%|HS|  |TAMS 0x0000000082c00000, 0x0000000082b00000| Complete 
|  44|0x0000000082c00000, 0x0000000082d00000, 0x0000000082d00000|100%|HC|  |TAMS 0x0000000082d00000, 0x0000000082c00000| Complete 
|  45|0x0000000082d00000, 0x0000000082e00000, 0x0000000082e00000|100%|HC|  |TAMS 0x0000000082e00000, 0x0000000082d00000| Complete 
|  46|0x0000000082e00000, 0x0000000082f00000, 0x0000000082f00000|100%|HC|  |TAMS 0x0000000082f00000, 0x0000000082e00000| Complete 
|  47|0x0000000082f00000, 0x0000000083000000, 0x0000000083000000|100%| O|  |TAMS 0x0000000083000000, 0x0000000082f00000| Untracked 
|  48|0x0000000083000000, 0x0000000083100000, 0x0000000083100000|100%| O|  |TAMS 0x0000000083100000, 0x0000000083000000| Untracked 
|  49|0x0000000083100000, 0x0000000083200000, 0x0000000083200000|100%| O|  |TAMS 0x0000000083200000, 0x0000000083100000| Untracked 
|  50|0x0000000083200000, 0x0000000083300000, 0x0000000083300000|100%| O|  |TAMS 0x0000000083300000, 0x0000000083200000| Untracked 
|  51|0x0000000083300000, 0x0000000083400000, 0x0000000083400000|100%| O|  |TAMS 0x0000000083400000, 0x0000000083300000| Untracked 
|  52|0x0000000083400000, 0x0000000083500000, 0x0000000083500000|100%| O|  |TAMS 0x0000000083500000, 0x0000000083400000| Untracked 
|  53|0x0000000083500000, 0x0000000083600000, 0x0000000083600000|100%| O|  |TAMS 0x0000000083600000, 0x0000000083500000| Untracked 
|  54|0x0000000083600000, 0x0000000083700000, 0x0000000083700000|100%| O|  |TAMS 0x0000000083700000, 0x0000000083600000| Untracked 
|  55|0x0000000083700000, 0x0000000083800000, 0x0000000083800000|100%| O|  |TAMS 0x0000000083800000, 0x0000000083700000| Untracked 
|  56|0x0000000083800000, 0x0000000083900000, 0x0000000083900000|100%| O|  |TAMS 0x0000000083900000, 0x0000000083800000| Untracked 
|  57|0x0000000083900000, 0x0000000083a00000, 0x0000000083a00000|100%| O|  |TAMS 0x0000000083a00000, 0x0000000083900000| Untracked 
|  58|0x0000000083a00000, 0x0000000083b00000, 0x0000000083b00000|100%|HS|  |TAMS 0x0000000083b00000, 0x0000000083a00000| Complete 
|  59|0x0000000083b00000, 0x0000000083c00000, 0x0000000083c00000|100%|HS|  |TAMS 0x0000000083c00000, 0x0000000083b00000| Complete 
|  60|0x0000000083c00000, 0x0000000083d00000, 0x0000000083d00000|100%| O|  |TAMS 0x0000000083d00000, 0x0000000083c00000| Untracked 
|  61|0x0000000083d00000, 0x0000000083e00000, 0x0000000083e00000|100%| O|  |TAMS 0x0000000083e00000, 0x0000000083d00000| Untracked 
|  62|0x0000000083e00000, 0x0000000083f00000, 0x0000000083f00000|100%| O|  |TAMS 0x0000000083f00000, 0x0000000083e00000| Untracked 
|  63|0x0000000083f00000, 0x0000000084000000, 0x0000000084000000|100%| O|  |TAMS 0x0000000084000000, 0x0000000083f00000| Untracked 
|  64|0x0000000084000000, 0x0000000084100000, 0x0000000084100000|100%|HS|  |TAMS 0x0000000084100000, 0x0000000084000000| Complete 
|  65|0x0000000084100000, 0x0000000084200000, 0x0000000084200000|100%| O|  |TAMS 0x0000000084200000, 0x0000000084100000| Untracked 
|  66|0x0000000084200000, 0x0000000084300000, 0x0000000084300000|100%|HS|  |TAMS 0x0000000084300000, 0x0000000084200000| Complete 
|  67|0x0000000084300000, 0x0000000084400000, 0x0000000084400000|100%| O|  |TAMS 0x0000000084400000, 0x0000000084300000| Untracked 
|  68|0x0000000084400000, 0x0000000084500000, 0x0000000084500000|100%| O|  |TAMS 0x0000000084500000, 0x0000000084400000| Untracked 
|  69|0x0000000084500000, 0x0000000084600000, 0x0000000084600000|100%| O|  |TAMS 0x0000000084600000, 0x0000000084500000| Untracked 
|  70|0x0000000084600000, 0x0000000084700000, 0x0000000084700000|100%| O|  |TAMS 0x0000000084700000, 0x0000000084600000| Untracked 
|  71|0x0000000084700000, 0x0000000084800000, 0x0000000084800000|100%| O|  |TAMS 0x0000000084800000, 0x0000000084700000| Untracked 
|  72|0x0000000084800000, 0x0000000084900000, 0x0000000084900000|100%| O|  |TAMS 0x0000000084900000, 0x0000000084800000| Untracked 
|  73|0x0000000084900000, 0x0000000084900000, 0x0000000084a00000|  0%| F|  |TAMS 0x0000000084900000, 0x0000000084900000| Untracked 
|  74|0x0000000084a00000, 0x0000000084b00000, 0x0000000084b00000|100%| O|  |TAMS 0x0000000084b00000, 0x0000000084a00000| Untracked 
|  75|0x0000000084b00000, 0x0000000084c00000, 0x0000000084c00000|100%| O|  |TAMS 0x0000000084c00000, 0x0000000084b00000| Untracked 
|  76|0x0000000084c00000, 0x0000000084d00000, 0x0000000084d00000|100%| O|  |TAMS 0x0000000084d00000, 0x0000000084c00000| Untracked 
|  77|0x0000000084d00000, 0x0000000084e00000, 0x0000000084e00000|100%| O|  |TAMS 0x0000000084e00000, 0x0000000084d00000| Untracked 
|  78|0x0000000084e00000, 0x0000000084f00000, 0x0000000084f00000|100%| O|  |TAMS 0x0000000084f00000, 0x0000000084e00000| Untracked 
|  79|0x0000000084f00000, 0x0000000085000000, 0x0000000085000000|100%| O|  |TAMS 0x0000000085000000, 0x0000000084f00000| Untracked 
|  80|0x0000000085000000, 0x0000000085100000, 0x0000000085100000|100%|HS|  |TAMS 0x0000000085100000, 0x0000000085000000| Complete 
|  81|0x0000000085100000, 0x0000000085200000, 0x0000000085200000|100%| O|  |TAMS 0x0000000085200000, 0x0000000085100000| Untracked 
|  82|0x0000000085200000, 0x0000000085300000, 0x0000000085300000|100%| O|  |TAMS 0x0000000085300000, 0x0000000085200000| Untracked 
|  83|0x0000000085300000, 0x0000000085400000, 0x0000000085400000|100%| O|  |TAMS 0x0000000085400000, 0x0000000085300000| Untracked 
|  84|0x0000000085400000, 0x0000000085500000, 0x0000000085500000|100%| O|  |TAMS 0x0000000085500000, 0x0000000085400000| Untracked 
|  85|0x0000000085500000, 0x0000000085600000, 0x0000000085600000|100%| O|  |TAMS 0x0000000085600000, 0x0000000085500000| Untracked 
|  86|0x0000000085600000, 0x0000000085700000, 0x0000000085700000|100%| O|  |TAMS 0x0000000085700000, 0x0000000085600000| Untracked 
|  87|0x0000000085700000, 0x0000000085800000, 0x0000000085800000|100%| O|  |TAMS 0x0000000085800000, 0x0000000085700000| Untracked 
|  88|0x0000000085800000, 0x0000000085900000, 0x0000000085900000|100%| O|  |TAMS 0x0000000085900000, 0x0000000085800000| Untracked 
|  89|0x0000000085900000, 0x0000000085a00000, 0x0000000085a00000|100%| O|  |TAMS 0x0000000085a00000, 0x0000000085900000| Untracked 
|  90|0x0000000085a00000, 0x0000000085b00000, 0x0000000085b00000|100%| O|  |TAMS 0x0000000085b00000, 0x0000000085a00000| Untracked 
|  91|0x0000000085b00000, 0x0000000085c00000, 0x0000000085c00000|100%| O|  |TAMS 0x0000000085c00000, 0x0000000085b00000| Untracked 
|  92|0x0000000085c00000, 0x0000000085d00000, 0x0000000085d00000|100%| O|  |TAMS 0x0000000085d00000, 0x0000000085c00000| Untracked 
|  93|0x0000000085d00000, 0x0000000085e00000, 0x0000000085e00000|100%| O|  |TAMS 0x0000000085e00000, 0x0000000085d00000| Untracked 
|  94|0x0000000085e00000, 0x0000000085f00000, 0x0000000085f00000|100%| O|  |TAMS 0x0000000085f00000, 0x0000000085e00000| Untracked 
|  95|0x0000000085f00000, 0x0000000086000000, 0x0000000086000000|100%| O|  |TAMS 0x0000000086000000, 0x0000000085f00000| Untracked 
|  96|0x0000000086000000, 0x0000000086100000, 0x0000000086100000|100%| O|  |TAMS 0x0000000086100000, 0x0000000086000000| Untracked 
|  97|0x0000000086100000, 0x00000000861b8a00, 0x0000000086200000| 72%| O|  |TAMS 0x00000000861b8a00, 0x0000000086100000| Untracked 
|  98|0x0000000086200000, 0x0000000086200000, 0x0000000086300000|  0%| F|  |TAMS 0x0000000086200000, 0x0000000086200000| Untracked 
|  99|0x0000000086300000, 0x0000000086300000, 0x0000000086400000|  0%| F|  |TAMS 0x0000000086300000, 0x0000000086300000| Untracked 
| 100|0x0000000086400000, 0x0000000086400000, 0x0000000086500000|  0%| F|  |TAMS 0x0000000086400000, 0x0000000086400000| Untracked 
| 101|0x0000000086500000, 0x0000000086500000, 0x0000000086600000|  0%| F|  |TAMS 0x0000000086500000, 0x0000000086500000| Untracked 
| 102|0x0000000086600000, 0x0000000086600000, 0x0000000086700000|  0%| F|  |TAMS 0x0000000086600000, 0x0000000086600000| Untracked 
| 103|0x0000000086700000, 0x0000000086700000, 0x0000000086800000|  0%| F|  |TAMS 0x0000000086700000, 0x0000000086700000| Untracked 
| 104|0x0000000086800000, 0x0000000086800000, 0x0000000086900000|  0%| F|  |TAMS 0x0000000086800000, 0x0000000086800000| Untracked 
| 105|0x0000000086900000, 0x0000000086900000, 0x0000000086a00000|  0%| F|  |TAMS 0x0000000086900000, 0x0000000086900000| Untracked 
| 106|0x0000000086a00000, 0x0000000086a00000, 0x0000000086b00000|  0%| F|  |TAMS 0x0000000086a00000, 0x0000000086a00000| Untracked 
| 107|0x0000000086b00000, 0x0000000086b00000, 0x0000000086c00000|  0%| F|  |TAMS 0x0000000086b00000, 0x0000000086b00000| Untracked 
| 108|0x0000000086c00000, 0x0000000086c00000, 0x0000000086d00000|  0%| F|  |TAMS 0x0000000086c00000, 0x0000000086c00000| Untracked 
| 109|0x0000000086d00000, 0x0000000086d00000, 0x0000000086e00000|  0%| F|  |TAMS 0x0000000086d00000, 0x0000000086d00000| Untracked 
| 110|0x0000000086e00000, 0x0000000086e00000, 0x0000000086f00000|  0%| F|  |TAMS 0x0000000086e00000, 0x0000000086e00000| Untracked 
| 111|0x0000000086f00000, 0x0000000086f00000, 0x0000000087000000|  0%| F|  |TAMS 0x0000000086f00000, 0x0000000086f00000| Untracked 
| 112|0x0000000087000000, 0x0000000087000000, 0x0000000087100000|  0%| F|  |TAMS 0x0000000087000000, 0x0000000087000000| Untracked 
| 113|0x0000000087100000, 0x0000000087100000, 0x0000000087200000|  0%| F|  |TAMS 0x0000000087100000, 0x0000000087100000| Untracked 
| 114|0x0000000087200000, 0x0000000087200000, 0x0000000087300000|  0%| F|  |TAMS 0x0000000087200000, 0x0000000087200000| Untracked 
| 115|0x0000000087300000, 0x0000000087300000, 0x0000000087400000|  0%| F|  |TAMS 0x0000000087300000, 0x0000000087300000| Untracked 
| 116|0x0000000087400000, 0x0000000087400000, 0x0000000087500000|  0%| F|  |TAMS 0x0000000087400000, 0x0000000087400000| Untracked 
| 117|0x0000000087500000, 0x0000000087500000, 0x0000000087600000|  0%| F|  |TAMS 0x0000000087500000, 0x0000000087500000| Untracked 
| 118|0x0000000087600000, 0x0000000087600000, 0x0000000087700000|  0%| F|  |TAMS 0x0000000087600000, 0x0000000087600000| Untracked 
| 119|0x0000000087700000, 0x0000000087700000, 0x0000000087800000|  0%| F|  |TAMS 0x0000000087700000, 0x0000000087700000| Untracked 
| 120|0x0000000087800000, 0x0000000087800000, 0x0000000087900000|  0%| F|  |TAMS 0x0000000087800000, 0x0000000087800000| Untracked 
| 121|0x0000000087900000, 0x0000000087900000, 0x0000000087a00000|  0%| F|  |TAMS 0x0000000087900000, 0x0000000087900000| Untracked 
| 122|0x0000000087a00000, 0x0000000087a00000, 0x0000000087b00000|  0%| F|  |TAMS 0x0000000087a00000, 0x0000000087a00000| Untracked 
| 123|0x0000000087b00000, 0x0000000087b00000, 0x0000000087c00000|  0%| F|  |TAMS 0x0000000087b00000, 0x0000000087b00000| Untracked 
| 124|0x0000000087c00000, 0x0000000087c00000, 0x0000000087d00000|  0%| F|  |TAMS 0x0000000087c00000, 0x0000000087c00000| Untracked 
| 125|0x0000000087d00000, 0x0000000087d00000, 0x0000000087e00000|  0%| F|  |TAMS 0x0000000087d00000, 0x0000000087d00000| Untracked 
| 126|0x0000000087e00000, 0x0000000087e00000, 0x0000000087f00000|  0%| F|  |TAMS 0x0000000087e00000, 0x0000000087e00000| Untracked 
| 127|0x0000000087f00000, 0x0000000087f00000, 0x0000000088000000|  0%| F|  |TAMS 0x0000000087f00000, 0x0000000087f00000| Untracked 
| 128|0x0000000088000000, 0x0000000088000000, 0x0000000088100000|  0%| F|  |TAMS 0x0000000088000000, 0x0000000088000000| Untracked 
| 129|0x0000000088100000, 0x0000000088100000, 0x0000000088200000|  0%| F|  |TAMS 0x0000000088100000, 0x0000000088100000| Untracked 
| 130|0x0000000088200000, 0x0000000088200000, 0x0000000088300000|  0%| F|  |TAMS 0x0000000088200000, 0x0000000088200000| Untracked 
| 131|0x0000000088300000, 0x0000000088300000, 0x0000000088400000|  0%| F|  |TAMS 0x0000000088300000, 0x0000000088300000| Untracked 
| 132|0x0000000088400000, 0x0000000088400000, 0x0000000088500000|  0%| F|  |TAMS 0x0000000088400000, 0x0000000088400000| Untracked 
| 133|0x0000000088500000, 0x0000000088500000, 0x0000000088600000|  0%| F|  |TAMS 0x0000000088500000, 0x0000000088500000| Untracked 
| 134|0x0000000088600000, 0x0000000088600000, 0x0000000088700000|  0%| F|  |TAMS 0x0000000088600000, 0x0000000088600000| Untracked 
| 135|0x0000000088700000, 0x0000000088700000, 0x0000000088800000|  0%| F|  |TAMS 0x0000000088700000, 0x0000000088700000| Untracked 
| 136|0x0000000088800000, 0x0000000088800000, 0x0000000088900000|  0%| F|  |TAMS 0x0000000088800000, 0x0000000088800000| Untracked 
| 137|0x0000000088900000, 0x0000000088900000, 0x0000000088a00000|  0%| F|  |TAMS 0x0000000088900000, 0x0000000088900000| Untracked 
| 138|0x0000000088a00000, 0x0000000088a00000, 0x0000000088b00000|  0%| F|  |TAMS 0x0000000088a00000, 0x0000000088a00000| Untracked 
| 139|0x0000000088b00000, 0x0000000088b00000, 0x0000000088c00000|  0%| F|  |TAMS 0x0000000088b00000, 0x0000000088b00000| Untracked 
| 140|0x0000000088c00000, 0x0000000088c3c410, 0x0000000088d00000| 23%| S|CS|TAMS 0x0000000088c00000, 0x0000000088c00000| Complete 
| 141|0x0000000088d00000, 0x0000000088e00000, 0x0000000088e00000|100%| S|CS|TAMS 0x0000000088d00000, 0x0000000088d00000| Complete 
| 142|0x0000000088e00000, 0x0000000088f00000, 0x0000000088f00000|100%| S|CS|TAMS 0x0000000088e00000, 0x0000000088e00000| Complete 
| 143|0x0000000088f00000, 0x0000000089000000, 0x0000000089000000|100%| S|CS|TAMS 0x0000000088f00000, 0x0000000088f00000| Complete 
| 144|0x0000000089000000, 0x0000000089100000, 0x0000000089100000|100%| S|CS|TAMS 0x0000000089000000, 0x0000000089000000| Complete 
| 145|0x0000000089100000, 0x0000000089200000, 0x0000000089200000|100%| S|CS|TAMS 0x0000000089100000, 0x0000000089100000| Complete 
| 146|0x0000000089200000, 0x0000000089200000, 0x0000000089300000|  0%| F|  |TAMS 0x0000000089200000, 0x0000000089200000| Untracked 
| 147|0x0000000089300000, 0x0000000089300000, 0x0000000089400000|  0%| F|  |TAMS 0x0000000089300000, 0x0000000089300000| Untracked 
| 148|0x0000000089400000, 0x0000000089400000, 0x0000000089500000|  0%| F|  |TAMS 0x0000000089400000, 0x0000000089400000| Untracked 
| 149|0x0000000089500000, 0x0000000089500000, 0x0000000089600000|  0%| F|  |TAMS 0x0000000089500000, 0x0000000089500000| Untracked 
| 150|0x0000000089600000, 0x0000000089600000, 0x0000000089700000|  0%| F|  |TAMS 0x0000000089600000, 0x0000000089600000| Untracked 
| 151|0x0000000089700000, 0x0000000089700000, 0x0000000089800000|  0%| F|  |TAMS 0x0000000089700000, 0x0000000089700000| Untracked 
| 152|0x0000000089800000, 0x0000000089800000, 0x0000000089900000|  0%| F|  |TAMS 0x0000000089800000, 0x0000000089800000| Untracked 
| 153|0x0000000089900000, 0x0000000089900000, 0x0000000089a00000|  0%| F|  |TAMS 0x0000000089900000, 0x0000000089900000| Untracked 
| 154|0x0000000089a00000, 0x0000000089a00000, 0x0000000089b00000|  0%| F|  |TAMS 0x0000000089a00000, 0x0000000089a00000| Untracked 
| 155|0x0000000089b00000, 0x0000000089b00000, 0x0000000089c00000|  0%| F|  |TAMS 0x0000000089b00000, 0x0000000089b00000| Untracked 
| 156|0x0000000089c00000, 0x0000000089c00000, 0x0000000089d00000|  0%| F|  |TAMS 0x0000000089c00000, 0x0000000089c00000| Untracked 
| 157|0x0000000089d00000, 0x0000000089d00000, 0x0000000089e00000|  0%| F|  |TAMS 0x0000000089d00000, 0x0000000089d00000| Untracked 
| 158|0x0000000089e00000, 0x0000000089e00000, 0x0000000089f00000|  0%| F|  |TAMS 0x0000000089e00000, 0x0000000089e00000| Untracked 
| 159|0x0000000089f00000, 0x0000000089f00000, 0x000000008a000000|  0%| F|  |TAMS 0x0000000089f00000, 0x0000000089f00000| Untracked 
| 160|0x000000008a000000, 0x000000008a000000, 0x000000008a100000|  0%| F|  |TAMS 0x000000008a000000, 0x000000008a000000| Untracked 
| 161|0x000000008a100000, 0x000000008a100000, 0x000000008a200000|  0%| F|  |TAMS 0x000000008a100000, 0x000000008a100000| Untracked 
| 162|0x000000008a200000, 0x000000008a200000, 0x000000008a300000|  0%| F|  |TAMS 0x000000008a200000, 0x000000008a200000| Untracked 
| 163|0x000000008a300000, 0x000000008a300000, 0x000000008a400000|  0%| F|  |TAMS 0x000000008a300000, 0x000000008a300000| Untracked 
| 164|0x000000008a400000, 0x000000008a400000, 0x000000008a500000|  0%| F|  |TAMS 0x000000008a400000, 0x000000008a400000| Untracked 
| 165|0x000000008a500000, 0x000000008a580800, 0x000000008a600000| 50%| E|  |TAMS 0x000000008a500000, 0x000000008a500000| Complete 
| 166|0x000000008a600000, 0x000000008a700000, 0x000000008a700000|100%| E|CS|TAMS 0x000000008a600000, 0x000000008a600000| Complete 
| 167|0x000000008a700000, 0x000000008a800000, 0x000000008a800000|100%| E|CS|TAMS 0x000000008a700000, 0x000000008a700000| Complete 
| 168|0x000000008a800000, 0x000000008a900000, 0x000000008a900000|100%| E|CS|TAMS 0x000000008a800000, 0x000000008a800000| Complete 
| 169|0x000000008a900000, 0x000000008aa00000, 0x000000008aa00000|100%| E|CS|TAMS 0x000000008a900000, 0x000000008a900000| Complete 
| 170|0x000000008aa00000, 0x000000008ab00000, 0x000000008ab00000|100%| E|CS|TAMS 0x000000008aa00000, 0x000000008aa00000| Complete 
| 171|0x000000008ab00000, 0x000000008ac00000, 0x000000008ac00000|100%| E|CS|TAMS 0x000000008ab00000, 0x000000008ab00000| Complete 
| 172|0x000000008ac00000, 0x000000008ad00000, 0x000000008ad00000|100%| E|CS|TAMS 0x000000008ac00000, 0x000000008ac00000| Complete 
| 173|0x000000008ad00000, 0x000000008ae00000, 0x000000008ae00000|100%| E|CS|TAMS 0x000000008ad00000, 0x000000008ad00000| Complete 
| 174|0x000000008ae00000, 0x000000008af00000, 0x000000008af00000|100%| E|CS|TAMS 0x000000008ae00000, 0x000000008ae00000| Complete 
| 175|0x000000008af00000, 0x000000008b000000, 0x000000008b000000|100%| E|CS|TAMS 0x000000008af00000, 0x000000008af00000| Complete 
| 176|0x000000008b000000, 0x000000008b100000, 0x000000008b100000|100%| E|CS|TAMS 0x000000008b000000, 0x000000008b000000| Complete 
| 177|0x000000008b100000, 0x000000008b200000, 0x000000008b200000|100%| E|CS|TAMS 0x000000008b100000, 0x000000008b100000| Complete 
| 178|0x000000008b200000, 0x000000008b300000, 0x000000008b300000|100%| E|CS|TAMS 0x000000008b200000, 0x000000008b200000| Complete 
| 179|0x000000008b300000, 0x000000008b400000, 0x000000008b400000|100%| E|CS|TAMS 0x000000008b300000, 0x000000008b300000| Complete 
| 180|0x000000008b400000, 0x000000008b500000, 0x000000008b500000|100%| E|CS|TAMS 0x000000008b400000, 0x000000008b400000| Complete 
| 181|0x000000008b500000, 0x000000008b600000, 0x000000008b600000|100%| E|CS|TAMS 0x000000008b500000, 0x000000008b500000| Complete 
| 182|0x000000008b600000, 0x000000008b700000, 0x000000008b700000|100%| E|CS|TAMS 0x000000008b600000, 0x000000008b600000| Complete 
| 183|0x000000008b700000, 0x000000008b800000, 0x000000008b800000|100%| E|CS|TAMS 0x000000008b700000, 0x000000008b700000| Complete 
| 184|0x000000008b800000, 0x000000008b900000, 0x000000008b900000|100%| E|CS|TAMS 0x000000008b800000, 0x000000008b800000| Complete 
| 185|0x000000008b900000, 0x000000008ba00000, 0x000000008ba00000|100%| E|CS|TAMS 0x000000008b900000, 0x000000008b900000| Complete 
| 186|0x000000008ba00000, 0x000000008bb00000, 0x000000008bb00000|100%| E|CS|TAMS 0x000000008ba00000, 0x000000008ba00000| Complete 
| 187|0x000000008bb00000, 0x000000008bc00000, 0x000000008bc00000|100%| E|CS|TAMS 0x000000008bb00000, 0x000000008bb00000| Complete 
| 188|0x000000008bc00000, 0x000000008bd00000, 0x000000008bd00000|100%| E|CS|TAMS 0x000000008bc00000, 0x000000008bc00000| Complete 
| 189|0x000000008bd00000, 0x000000008be00000, 0x000000008be00000|100%| E|CS|TAMS 0x000000008bd00000, 0x000000008bd00000| Complete 
| 190|0x000000008be00000, 0x000000008bf00000, 0x000000008bf00000|100%| E|CS|TAMS 0x000000008be00000, 0x000000008be00000| Complete 
| 191|0x000000008bf00000, 0x000000008c000000, 0x000000008c000000|100%| E|CS|TAMS 0x000000008bf00000, 0x000000008bf00000| Complete 
| 192|0x000000008c000000, 0x000000008c100000, 0x000000008c100000|100%| E|CS|TAMS 0x000000008c000000, 0x000000008c000000| Complete 
| 193|0x000000008c100000, 0x000000008c200000, 0x000000008c200000|100%| E|CS|TAMS 0x000000008c100000, 0x000000008c100000| Complete 
| 194|0x000000008c200000, 0x000000008c300000, 0x000000008c300000|100%| E|CS|TAMS 0x000000008c200000, 0x000000008c200000| Complete 
| 195|0x000000008c300000, 0x000000008c400000, 0x000000008c400000|100%| E|CS|TAMS 0x000000008c300000, 0x000000008c300000| Complete 
| 196|0x000000008c400000, 0x000000008c500000, 0x000000008c500000|100%| E|CS|TAMS 0x000000008c400000, 0x000000008c400000| Complete 
| 197|0x000000008c500000, 0x000000008c600000, 0x000000008c600000|100%| E|CS|TAMS 0x000000008c500000, 0x000000008c500000| Complete 
| 198|0x000000008c600000, 0x000000008c700000, 0x000000008c700000|100%| E|CS|TAMS 0x000000008c600000, 0x000000008c600000| Complete 
| 199|0x000000008c700000, 0x000000008c800000, 0x000000008c800000|100%| E|CS|TAMS 0x000000008c700000, 0x000000008c700000| Complete 
| 200|0x000000008c800000, 0x000000008c900000, 0x000000008c900000|100%| E|CS|TAMS 0x000000008c800000, 0x000000008c800000| Complete 
| 201|0x000000008c900000, 0x000000008ca00000, 0x000000008ca00000|100%| E|CS|TAMS 0x000000008c900000, 0x000000008c900000| Complete 
| 202|0x000000008ca00000, 0x000000008cb00000, 0x000000008cb00000|100%| E|CS|TAMS 0x000000008ca00000, 0x000000008ca00000| Complete 
| 203|0x000000008cb00000, 0x000000008cc00000, 0x000000008cc00000|100%| E|CS|TAMS 0x000000008cb00000, 0x000000008cb00000| Complete 
| 204|0x000000008cc00000, 0x000000008cd00000, 0x000000008cd00000|100%| E|CS|TAMS 0x000000008cc00000, 0x000000008cc00000| Complete 
| 205|0x000000008cd00000, 0x000000008ce00000, 0x000000008ce00000|100%| E|CS|TAMS 0x000000008cd00000, 0x000000008cd00000| Complete 
| 206|0x000000008ce00000, 0x000000008cf00000, 0x000000008cf00000|100%| E|CS|TAMS 0x000000008ce00000, 0x000000008ce00000| Complete 
| 207|0x000000008cf00000, 0x000000008d000000, 0x000000008d000000|100%| E|CS|TAMS 0x000000008cf00000, 0x000000008cf00000| Complete 
| 208|0x000000008d000000, 0x000000008d100000, 0x000000008d100000|100%| E|CS|TAMS 0x000000008d000000, 0x000000008d000000| Complete 
| 209|0x000000008d100000, 0x000000008d200000, 0x000000008d200000|100%| E|CS|TAMS 0x000000008d100000, 0x000000008d100000| Complete 
| 210|0x000000008d200000, 0x000000008d300000, 0x000000008d300000|100%| E|CS|TAMS 0x000000008d200000, 0x000000008d200000| Complete 
| 211|0x000000008d300000, 0x000000008d400000, 0x000000008d400000|100%| E|CS|TAMS 0x000000008d300000, 0x000000008d300000| Complete 
| 212|0x000000008d400000, 0x000000008d500000, 0x000000008d500000|100%| E|CS|TAMS 0x000000008d400000, 0x000000008d400000| Complete 
| 213|0x000000008d500000, 0x000000008d600000, 0x000000008d600000|100%| E|CS|TAMS 0x000000008d500000, 0x000000008d500000| Complete 
| 214|0x000000008d600000, 0x000000008d700000, 0x000000008d700000|100%| E|CS|TAMS 0x000000008d600000, 0x000000008d600000| Complete 
| 215|0x000000008d700000, 0x000000008d800000, 0x000000008d800000|100%| E|CS|TAMS 0x000000008d700000, 0x000000008d700000| Complete 
| 216|0x000000008d800000, 0x000000008d900000, 0x000000008d900000|100%| E|CS|TAMS 0x000000008d800000, 0x000000008d800000| Complete 
| 217|0x000000008d900000, 0x000000008da00000, 0x000000008da00000|100%| E|CS|TAMS 0x000000008d900000, 0x000000008d900000| Complete 
| 218|0x000000008da00000, 0x000000008db00000, 0x000000008db00000|100%| E|CS|TAMS 0x000000008da00000, 0x000000008da00000| Complete 
| 219|0x000000008db00000, 0x000000008dc00000, 0x000000008dc00000|100%| E|CS|TAMS 0x000000008db00000, 0x000000008db00000| Complete 
| 220|0x000000008dc00000, 0x000000008dd00000, 0x000000008dd00000|100%| E|CS|TAMS 0x000000008dc00000, 0x000000008dc00000| Complete 
| 221|0x000000008dd00000, 0x000000008de00000, 0x000000008de00000|100%| E|CS|TAMS 0x000000008dd00000, 0x000000008dd00000| Complete 
| 222|0x000000008de00000, 0x000000008df00000, 0x000000008df00000|100%| E|CS|TAMS 0x000000008de00000, 0x000000008de00000| Complete 
| 223|0x000000008df00000, 0x000000008e000000, 0x000000008e000000|100%| E|CS|TAMS 0x000000008df00000, 0x000000008df00000| Complete 
| 224|0x000000008e000000, 0x000000008e100000, 0x000000008e100000|100%| E|CS|TAMS 0x000000008e000000, 0x000000008e000000| Complete 
| 225|0x000000008e100000, 0x000000008e200000, 0x000000008e200000|100%| E|CS|TAMS 0x000000008e100000, 0x000000008e100000| Complete 
| 226|0x000000008e200000, 0x000000008e300000, 0x000000008e300000|100%| E|CS|TAMS 0x000000008e200000, 0x000000008e200000| Complete 
| 227|0x000000008e300000, 0x000000008e400000, 0x000000008e400000|100%| E|CS|TAMS 0x000000008e300000, 0x000000008e300000| Complete 
| 228|0x000000008e400000, 0x000000008e500000, 0x000000008e500000|100%| E|CS|TAMS 0x000000008e400000, 0x000000008e400000| Complete 

Card table byte_map: [0x000001ab9c520000,0x000001ab9c920000] _byte_map_base: 0x000001ab9c120000

Marking Bits (Prev, Next): (CMBitMap*) 0x000001ab8510d5e0, (CMBitMap*) 0x000001ab8510d5a0
 Prev Bits: [0x000001ab9ed20000, 0x000001aba0d20000)
 Next Bits: [0x000001ab9cd20000, 0x000001ab9ed20000)

Polling page: 0x000001ab83060000

Metaspace:

Usage:
  Non-class:     80.87 MB used.
      Class:     13.43 MB used.
       Both:     94.29 MB used.

Virtual space:
  Non-class space:      128.00 MB reserved,      81.44 MB ( 64%) committed,  2 nodes.
      Class space:      416.00 MB reserved,      13.94 MB (  3%) committed,  1 nodes.
             Both:      544.00 MB reserved,      95.38 MB ( 18%) committed. 

Chunk freelists:
   Non-Class:  14.36 MB
       Class:  1.98 MB
        Both:  16.34 MB

MaxMetaspaceSize: 512.00 MB
CompressedClassSpaceSize: 416.00 MB
Initial GC threshold: 21.00 MB
Current GC threshold: 147.19 MB
CDS: on
MetaspaceReclaimPolicy: balanced
 - commit_granule_bytes: 65536.
 - commit_granule_words: 8192.
 - virtual_space_node_default_size: 8388608.
 - enlarge_chunks_in_place: 1.
 - new_chunks_are_fully_committed: 0.
 - uncommit_free_chunks: 1.
 - use_allocation_guard: 0.
 - handle_deallocations: 1.


Internal statistics:

num_allocs_failed_limit: 9.
num_arena_births: 1174.
num_arena_deaths: 0.
num_vsnodes_births: 3.
num_vsnodes_deaths: 0.
num_space_committed: 1526.
num_space_uncommitted: 0.
num_chunks_returned_to_freelist: 9.
num_chunks_taken_from_freelist: 5439.
num_chunk_merges: 9.
num_chunk_splits: 3527.
num_chunks_enlarged: 2275.
num_inconsistent_stats: 0.

CodeHeap 'non-profiled nmethods': size=120000Kb used=5898Kb max_used=5898Kb free=114101Kb
 bounds [0x000001ab946a0000, 0x000001ab94c70000, 0x000001ab9bbd0000]
CodeHeap 'profiled nmethods': size=120000Kb used=19608Kb max_used=19608Kb free=100391Kb
 bounds [0x000001ab8cbd0000, 0x000001ab8df00000, 0x000001ab94100000]
CodeHeap 'non-nmethods': size=5760Kb used=2406Kb max_used=2452Kb free=3353Kb
 bounds [0x000001ab94100000, 0x000001ab94370000, 0x000001ab946a0000]
 total_blobs=11030 nmethods=10095 adapters=844
 compilation: enabled
              stopped_count=0, restarted_count=0
 full_count=0

Compilation events (20 events):
Event: 18.186 Thread 0x000001aba3569440 11957       3       org.gradle.api.internal.artifacts.configurations.DefaultConfiguration$DefaultResolutionHost::<init> (6 bytes)
Event: 18.186 Thread 0x000001aba3569440 nmethod 11957 0x000001ab8dee4e90 code [0x000001ab8dee5040, 0x000001ab8dee5258]
Event: 18.186 Thread 0x000001aba3569440 11958       3       org.gradle.api.internal.artifacts.configurations.DefaultConfiguration$DefaultResolutionHost::<init> (10 bytes)
Event: 18.186 Thread 0x000001aba3569440 nmethod 11958 0x000001ab8dee5390 code [0x000001ab8dee5520, 0x000001ab8dee56f8]
Event: 18.186 Thread 0x000001aba3569440 11959       3       org.gradle.api.internal.artifacts.configurations.ResolutionBackedFileCollection::<init> (22 bytes)
Event: 18.186 Thread 0x000001aba3569440 nmethod 11959 0x000001ab8dee5810 code [0x000001ab8dee59e0, 0x000001ab8dee5df8]
Event: 18.186 Thread 0x000001aba3569440 11956       3       com.android.build.api.component.impl.ComponentImpl::getComponentType (10 bytes)
Event: 18.186 Thread 0x000001aba3569440 nmethod 11956 0x000001ab8dee5f90 code [0x000001ab8dee6120, 0x000001ab8dee6318]
Event: 18.186 Thread 0x000001aba3569440 11960       3       org.gradle.internal.extensibility.DefaultConvention::findByName (9 bytes)
Event: 18.186 Thread 0x000001aba3569440 nmethod 11960 0x000001ab8dee6410 code [0x000001ab8dee65e0, 0x000001ab8dee69c8]
Event: 18.196 Thread 0x000001aba3569440 11961   !   3       org.codehaus.groovy.runtime.metaclass.ClosureMetaClass::invokeOnDelegationObjects (158 bytes)
Event: 18.197 Thread 0x000001aba3569440 nmethod 11961 0x000001ab8dee6b10 code [0x000001ab8dee6d60, 0x000001ab8dee7c28]
Event: 18.198 Thread 0x000001aba3569440 11962       3       org.codehaus.groovy.reflection.CachedClass$2$$Lambda$440/0x000001aba5441ef0::test (8 bytes)
Event: 18.198 Thread 0x000001aba3569440 nmethod 11962 0x000001ab8dee7f90 code [0x000001ab8dee8160, 0x000001ab8dee85b8]
Event: 18.198 Thread 0x000001aba3569440 11963       3       org.codehaus.groovy.reflection.CachedClass$2::lambda$initValue$0 (13 bytes)
Event: 18.198 Thread 0x000001aba3569440 nmethod 11963 0x000001ab8dee8710 code [0x000001ab8dee88c0, 0x000001ab8dee8b98]
Event: 18.198 Thread 0x000001aba3569440 11964       3       groovy.lang.MetaMethod::equal (44 bytes)
Event: 18.198 Thread 0x000001aba3569440 nmethod 11964 0x000001ab8dee8c90 code [0x000001ab8dee8e60, 0x000001ab8dee9278]
Event: 18.246 Thread 0x000001aba3569440 11965       3       java.lang.invoke.AbstractValidatingLambdaMetafactory::checkDescriptor (133 bytes)
Event: 18.247 Thread 0x000001aba3569440 nmethod 11965 0x000001ab8dee9410 code [0x000001ab8dee9840, 0x000001ab8deebc98]

GC Heap History (20 events):
Event: 11.454 GC heap before
{Heap before GC invocations=24 (full 0):
 garbage-first heap   total 152576K, used 112777K [0x0000000080000000, 0x0000000100000000)
  region size 1024K, 31 young (31744K), 2 survivors (2048K)
 Metaspace       used 76329K, committed 77120K, reserved 557056K
  class space    used 10724K, committed 11072K, reserved 425984K
}
Event: 11.457 GC heap after
{Heap after GC invocations=25 (full 0):
 garbage-first heap   total 152576K, used 86255K [0x0000000080000000, 0x0000000100000000)
  region size 1024K, 4 young (4096K), 4 survivors (4096K)
 Metaspace       used 76329K, committed 77120K, reserved 557056K
  class space    used 10724K, committed 11072K, reserved 425984K
}
Event: 11.726 GC heap before
{Heap before GC invocations=26 (full 0):
 garbage-first heap   total 168960K, used 132335K [0x0000000080000000, 0x0000000100000000)
  region size 1024K, 43 young (44032K), 4 survivors (4096K)
 Metaspace       used 77987K, committed 78720K, reserved 557056K
  class space    used 10957K, committed 11328K, reserved 425984K
}
Event: 11.730 GC heap after
{Heap after GC invocations=27 (full 0):
 garbage-first heap   total 168960K, used 89914K [0x0000000080000000, 0x0000000100000000)
  region size 1024K, 6 young (6144K), 6 survivors (6144K)
 Metaspace       used 77987K, committed 78720K, reserved 557056K
  class space    used 10957K, committed 11328K, reserved 425984K
}
Event: 12.030 GC heap before
{Heap before GC invocations=27 (full 0):
 garbage-first heap   total 168960K, used 133946K [0x0000000080000000, 0x0000000100000000)
  region size 1024K, 49 young (50176K), 6 survivors (6144K)
 Metaspace       used 80797K, committed 81600K, reserved 557056K
  class space    used 11343K, committed 11712K, reserved 425984K
}
Event: 12.033 GC heap after
{Heap after GC invocations=28 (full 0):
 garbage-first heap   total 168960K, used 92125K [0x0000000080000000, 0x0000000100000000)
  region size 1024K, 3 young (3072K), 3 survivors (3072K)
 Metaspace       used 80797K, committed 81600K, reserved 557056K
  class space    used 11343K, committed 11712K, reserved 425984K
}
Event: 12.330 GC heap before
{Heap before GC invocations=29 (full 0):
 garbage-first heap   total 168960K, used 136157K [0x0000000080000000, 0x0000000100000000)
  region size 1024K, 46 young (47104K), 3 survivors (3072K)
 Metaspace       used 83602K, committed 84352K, reserved 557056K
  class space    used 11718K, committed 12096K, reserved 425984K
}
Event: 12.332 GC heap after
{Heap after GC invocations=30 (full 0):
 garbage-first heap   total 168960K, used 92977K [0x0000000080000000, 0x0000000100000000)
  region size 1024K, 3 young (3072K), 3 survivors (3072K)
 Metaspace       used 83602K, committed 84352K, reserved 557056K
  class space    used 11718K, committed 12096K, reserved 425984K
}
Event: 12.378 GC heap before
{Heap before GC invocations=30 (full 0):
 garbage-first heap   total 168960K, used 97073K [0x0000000080000000, 0x0000000100000000)
  region size 1024K, 8 young (8192K), 3 survivors (3072K)
 Metaspace       used 84109K, committed 84928K, reserved 557056K
  class space    used 11777K, committed 12160K, reserved 425984K
}
Event: 12.380 GC heap after
{Heap after GC invocations=31 (full 0):
 garbage-first heap   total 168960K, used 93550K [0x0000000080000000, 0x0000000100000000)
  region size 1024K, 1 young (1024K), 1 survivors (1024K)
 Metaspace       used 84109K, committed 84928K, reserved 557056K
  class space    used 11777K, committed 12160K, reserved 425984K
}
Event: 12.872 GC heap before
{Heap before GC invocations=31 (full 0):
 garbage-first heap   total 168960K, used 139630K [0x0000000080000000, 0x0000000100000000)
  region size 1024K, 46 young (47104K), 1 survivors (1024K)
 Metaspace       used 84760K, committed 85568K, reserved 557056K
  class space    used 11881K, committed 12224K, reserved 425984K
}
Event: 12.875 GC heap after
{Heap after GC invocations=32 (full 0):
 garbage-first heap   total 168960K, used 96316K [0x0000000080000000, 0x0000000100000000)
  region size 1024K, 4 young (4096K), 4 survivors (4096K)
 Metaspace       used 84760K, committed 85568K, reserved 557056K
  class space    used 11881K, committed 12224K, reserved 425984K
}
Event: 14.991 GC heap before
{Heap before GC invocations=33 (full 0):
 garbage-first heap   total 171008K, used 140348K [0x0000000080000000, 0x0000000100000000)
  region size 1024K, 47 young (48128K), 4 survivors (4096K)
 Metaspace       used 86625K, committed 87488K, reserved 557056K
  class space    used 12146K, committed 12544K, reserved 425984K
}
Event: 14.997 GC heap after
{Heap after GC invocations=34 (full 0):
 garbage-first heap   total 171008K, used 99757K [0x0000000080000000, 0x0000000100000000)
  region size 1024K, 4 young (4096K), 4 survivors (4096K)
 Metaspace       used 86625K, committed 87488K, reserved 557056K
  class space    used 12146K, committed 12544K, reserved 425984K
}
Event: 15.028 GC heap before
{Heap before GC invocations=34 (full 0):
 garbage-first heap   total 171008K, used 103853K [0x0000000080000000, 0x0000000100000000)
  region size 1024K, 8 young (8192K), 4 survivors (4096K)
 Metaspace       used 86840K, committed 87744K, reserved 557056K
  class space    used 12182K, committed 12608K, reserved 425984K
}
Event: 15.031 GC heap after
{Heap after GC invocations=35 (full 0):
 garbage-first heap   total 171008K, used 99467K [0x0000000080000000, 0x0000000100000000)
  region size 1024K, 1 young (1024K), 1 survivors (1024K)
 Metaspace       used 86840K, committed 87744K, reserved 557056K
  class space    used 12182K, committed 12608K, reserved 425984K
}
Event: 15.342 GC heap before
{Heap before GC invocations=35 (full 0):
 garbage-first heap   total 171008K, used 142475K [0x0000000080000000, 0x0000000100000000)
  region size 1024K, 43 young (44032K), 1 survivors (1024K)
 Metaspace       used 89398K, committed 90304K, reserved 557056K
  class space    used 12590K, committed 13056K, reserved 425984K
}
Event: 15.345 GC heap after
{Heap after GC invocations=36 (full 0):
 garbage-first heap   total 234496K, used 100176K [0x0000000080000000, 0x0000000100000000)
  region size 1024K, 2 young (2048K), 2 survivors (2048K)
 Metaspace       used 89398K, committed 90304K, reserved 557056K
  class space    used 12590K, committed 13056K, reserved 425984K
}
Event: 17.581 GC heap before
{Heap before GC invocations=37 (full 0):
 garbage-first heap   total 234496K, used 185168K [0x0000000080000000, 0x0000000100000000)
  region size 1024K, 85 young (87040K), 2 survivors (2048K)
 Metaspace       used 94140K, committed 95104K, reserved 557056K
  class space    used 13352K, committed 13824K, reserved 425984K
}
Event: 17.584 GC heap after
{Heap after GC invocations=38 (full 0):
 garbage-first heap   total 234496K, used 104403K [0x0000000080000000, 0x0000000100000000)
  region size 1024K, 6 young (6144K), 6 survivors (6144K)
 Metaspace       used 94140K, committed 95104K, reserved 557056K
  class space    used 13352K, committed 13824K, reserved 425984K
}

Dll operation events (15 events):
Event: 0.005 Loaded shared library C:\Program Files\Microsoft\jdk-17.0.11.9-hotspot\bin\java.dll
Event: 0.035 Loaded shared library C:\Program Files\Microsoft\jdk-17.0.11.9-hotspot\bin\jsvml.dll
Event: 0.066 Loaded shared library C:\Program Files\Microsoft\jdk-17.0.11.9-hotspot\bin\zip.dll
Event: 0.068 Loaded shared library C:\Program Files\Microsoft\jdk-17.0.11.9-hotspot\bin\instrument.dll
Event: 0.071 Loaded shared library C:\Program Files\Microsoft\jdk-17.0.11.9-hotspot\bin\net.dll
Event: 0.072 Loaded shared library C:\Program Files\Microsoft\jdk-17.0.11.9-hotspot\bin\nio.dll
Event: 0.074 Loaded shared library C:\Program Files\Microsoft\jdk-17.0.11.9-hotspot\bin\zip.dll
Event: 0.188 Loaded shared library C:\Program Files\Microsoft\jdk-17.0.11.9-hotspot\bin\jimage.dll
Event: 0.229 Loaded shared library C:\Program Files\Microsoft\jdk-17.0.11.9-hotspot\bin\verify.dll
Event: 0.323 Loaded shared library C:\Users\Sravi\.gradle\native\c067742578af261105cb4f569cf0c3c89f3d7b1fecec35dd04571415982c5e48\windows-amd64\native-platform.dll
Event: 0.326 Loaded shared library C:\Users\Sravi\.gradle\native\38dada09dfb8b06ba9b0570ebf7e218e3eb74d4ef43ca46872605cf95ebc2f47\windows-amd64\native-platform-file-events.dll
Event: 0.961 Loaded shared library C:\Program Files\Microsoft\jdk-17.0.11.9-hotspot\bin\management.dll
Event: 0.963 Loaded shared library C:\Program Files\Microsoft\jdk-17.0.11.9-hotspot\bin\management_ext.dll
Event: 1.123 Loaded shared library C:\Program Files\Microsoft\jdk-17.0.11.9-hotspot\bin\extnet.dll
Event: 1.334 Loaded shared library C:\Program Files\Microsoft\jdk-17.0.11.9-hotspot\bin\sunmscapi.dll

Deoptimization events (20 events):
Event: 17.837 Thread 0x000001abc4342810 DEOPT PACKING pc=0x000001ab8dd2fbc4 sp=0x00000087c88f51c0
Event: 17.837 Thread 0x000001abc4342810 DEOPT UNPACKING pc=0x000001ab94157143 sp=0x00000087c88f46f0 mode 0
Event: 17.872 Thread 0x000001abc4342810 DEOPT PACKING pc=0x000001ab8d1032b1 sp=0x00000087c88f7cc0
Event: 17.872 Thread 0x000001abc4342810 DEOPT UNPACKING pc=0x000001ab94157143 sp=0x00000087c88f71b0 mode 0
Event: 17.939 Thread 0x000001abc4342810 DEOPT PACKING pc=0x000001ab8dd2fbc4 sp=0x00000087c88f3990
Event: 17.939 Thread 0x000001abc4342810 DEOPT UNPACKING pc=0x000001ab94157143 sp=0x00000087c88f2eb0 mode 0
Event: 17.954 Thread 0x000001abc4342810 DEOPT PACKING pc=0x000001ab8dd2fbc4 sp=0x00000087c88f1ac0
Event: 17.954 Thread 0x000001abc4342810 DEOPT UNPACKING pc=0x000001ab94157143 sp=0x00000087c88f0fe0 mode 0
Event: 17.960 Thread 0x000001abc4342810 DEOPT PACKING pc=0x000001ab8dd2fbc4 sp=0x00000087c88f1ac0
Event: 17.960 Thread 0x000001abc4342810 DEOPT UNPACKING pc=0x000001ab94157143 sp=0x00000087c88f0fe0 mode 0
Event: 18.012 Thread 0x000001abc4342810 DEOPT PACKING pc=0x000001ab8dd2fbc4 sp=0x00000087c88f5590
Event: 18.012 Thread 0x000001abc4342810 DEOPT UNPACKING pc=0x000001ab94157143 sp=0x00000087c88f4ab0 mode 0
Event: 18.131 Thread 0x000001abc4342810 Uncommon trap: trap_request=0xffffff6e fr.pc=0x000001ab948e4950 relative=0x00000000000005f0
Event: 18.131 Thread 0x000001abc4342810 Uncommon trap: reason=loop_limit_check action=maybe_recompile pc=0x000001ab948e4950 method=java.util.regex.Pattern$Start.match(Ljava/util/regex/Matcher;ILjava/lang/CharSequence;)Z @ 34 c2
Event: 18.131 Thread 0x000001abc4342810 DEOPT PACKING pc=0x000001ab948e4950 sp=0x00000087c88f4ce0
Event: 18.131 Thread 0x000001abc4342810 DEOPT UNPACKING pc=0x000001ab941569a3 sp=0x00000087c88f4c60 mode 2
Event: 18.243 Thread 0x000001abc4342810 Uncommon trap: trap_request=0xffffff45 fr.pc=0x000001ab94c0cd1c relative=0x00000000000001fc
Event: 18.243 Thread 0x000001abc4342810 Uncommon trap: reason=unstable_if action=reinterpret pc=0x000001ab94c0cd1c method=org.gradle.internal.instantiation.generator.AbstractClassGenerator.isNameProperty(Lorg/gradle/internal/instantiation/generator/AbstractClassGenerator$PropertyMetadata;)Z @ 2
Event: 18.243 Thread 0x000001abc4342810 DEOPT PACKING pc=0x000001ab94c0cd1c sp=0x00000087c88eeb00
Event: 18.243 Thread 0x000001abc4342810 DEOPT UNPACKING pc=0x000001ab941569a3 sp=0x00000087c88eea90 mode 2

Classes unloaded (0 events):
No events

Classes redefined (0 events):
No events

Internal exceptions (20 events):
Event: 17.925 Thread 0x000001abc4342810 Exception <a 'java/lang/ClassNotFoundException'{0x000000008cfc3758}: build_5rkpaenrlhyjqotu00e9kc4g8BeanInfo> (0x000000008cfc3758) 
thrown [s\src\hotspot\share\classfile\systemDictionary.cpp, line 256]
Event: 17.925 Thread 0x000001abc4342810 Exception <a 'java/lang/ClassNotFoundException'{0x000000008cfcfc90}: build_5rkpaenrlhyjqotu00e9kc4g8Customizer> (0x000000008cfcfc90) 
thrown [s\src\hotspot\share\classfile\systemDictionary.cpp, line 256]
Event: 18.139 Thread 0x000001abc4342810 Exception <a 'java/lang/ClassNotFoundException'{0x000000008bc9ab90}: com/android/build/gradle/internal/api/LibraryVariantOutputImpl_DecoratedBeanInfo> (0x000000008bc9ab90) 
thrown [s\src\hotspot\share\classfile\systemDictionary.cpp, line 256]
Event: 18.139 Thread 0x000001abc4342810 Exception <a 'java/lang/ClassNotFoundException'{0x000000008bcad0b0}: com/android/build/gradle/internal/api/LibraryVariantOutputImplBeanInfo> (0x000000008bcad0b0) 
thrown [s\src\hotspot\share\classfile\systemDictionary.cpp, line 256]
Event: 18.140 Thread 0x000001abc4342810 Exception <a 'java/lang/ClassNotFoundException'{0x000000008bcbf638}: com/android/build/gradle/internal/api/LibraryVariantOutputImplCustomizer> (0x000000008bcbf638) 
thrown [s\src\hotspot\share\classfile\systemDictionary.cpp, line 256]
Event: 18.140 Thread 0x000001abc4342810 Exception <a 'java/lang/ClassNotFoundException'{0x000000008bcdac50}: com/android/build/gradle/internal/api/LibraryVariantOutputImpl_DecoratedCustomizer> (0x000000008bcdac50) 
thrown [s\src\hotspot\share\classfile\systemDictionary.cpp, line 256]
Event: 18.192 Thread 0x000001abc4342810 Exception <a 'java/lang/ClassNotFoundException'{0x000000008b7965e0}: org/gradle/api/publish/internal/DefaultPublishingExtension_DecoratedBeanInfo> (0x000000008b7965e0) 
thrown [s\src\hotspot\share\classfile\systemDictionary.cpp, line 256]
Event: 18.192 Thread 0x000001abc4342810 Exception <a 'java/lang/ClassNotFoundException'{0x000000008b7b8688}: org/gradle/api/publish/internal/DefaultPublishingExtensionBeanInfo> (0x000000008b7b8688) 
thrown [s\src\hotspot\share\classfile\systemDictionary.cpp, line 256]
Event: 18.193 Thread 0x000001abc4342810 Exception <a 'java/lang/ClassNotFoundException'{0x000000008b7da9e8}: org/gradle/api/publish/internal/DefaultPublishingExtensionCustomizer> (0x000000008b7da9e8) 
thrown [s\src\hotspot\share\classfile\systemDictionary.cpp, line 256]
Event: 18.194 Thread 0x000001abc4342810 Exception <a 'java/lang/ClassNotFoundException'{0x000000008b603398}: org/gradle/api/publish/internal/DefaultPublishingExtension_DecoratedCustomizer> (0x000000008b603398) 
thrown [s\src\hotspot\share\classfile\systemDictionary.cpp, line 256]
Event: 18.195 Thread 0x000001abc4342810 Exception <a 'java/lang/ClassNotFoundException'{0x000000008b64ae08}: org/gradle/api/internal/PolymorphicDomainObjectContainerConfigureDelegateBeanInfo> (0x000000008b64ae08) 
thrown [s\src\hotspot\share\classfile\systemDictionary.cpp, line 256]
Event: 18.195 Thread 0x000001abc4342810 Exception <a 'java/lang/ClassNotFoundException'{0x000000008b66a0f0}: org/gradle/api/internal/PolymorphicDomainObjectContainerConfigureDelegateCustomizer> (0x000000008b66a0f0) 
thrown [s\src\hotspot\share\classfile\systemDictionary.cpp, line 256]
Event: 18.200 Thread 0x000001abc4342810 Exception <a 'java/lang/ClassNotFoundException'{0x000000008b37f598}: org/gradle/api/publish/internal/DefaultPublicationContainer_DecoratedBeanInfo> (0x000000008b37f598) 
thrown [s\src\hotspot\share\classfile\systemDictionary.cpp, line 256]
Event: 18.201 Thread 0x000001abc4342810 Exception <a 'java/lang/ClassNotFoundException'{0x000000008b3a40b0}: org/gradle/api/publish/internal/DefaultPublicationContainerBeanInfo> (0x000000008b3a40b0) 
thrown [s\src\hotspot\share\classfile\systemDictionary.cpp, line 256]
Event: 18.202 Thread 0x000001abc4342810 Exception <a 'java/lang/ClassNotFoundException'{0x000000008b3c5370}: org/gradle/api/internal/DefaultPolymorphicDomainObjectContainerBeanInfo> (0x000000008b3c5370) 
thrown [s\src\hotspot\share\classfile\systemDictionary.cpp, line 256]
Event: 18.202 Thread 0x000001abc4342810 Exception <a 'java/lang/ClassNotFoundException'{0x000000008b3e6638}: org/gradle/api/internal/AbstractPolymorphicDomainObjectContainerBeanInfo> (0x000000008b3e6638) 
thrown [s\src\hotspot\share\classfile\systemDictionary.cpp, line 256]
Event: 18.203 Thread 0x000001abc4342810 Exception <a 'java/lang/ClassNotFoundException'{0x000000008b207e58}: org/gradle/api/internal/AbstractPolymorphicDomainObjectContainerCustomizer> (0x000000008b207e58) 
thrown [s\src\hotspot\share\classfile\systemDictionary.cpp, line 256]
Event: 18.204 Thread 0x000001abc4342810 Exception <a 'java/lang/ClassNotFoundException'{0x000000008b23cef8}: org/gradle/api/internal/DefaultPolymorphicDomainObjectContainerCustomizer> (0x000000008b23cef8) 
thrown [s\src\hotspot\share\classfile\systemDictionary.cpp, line 256]
Event: 18.205 Thread 0x000001abc4342810 Exception <a 'java/lang/ClassNotFoundException'{0x000000008b275b18}: org/gradle/api/publish/internal/DefaultPublicationContainerCustomizer> (0x000000008b275b18) 
thrown [s\src\hotspot\share\classfile\systemDictionary.cpp, line 256]
Event: 18.205 Thread 0x000001abc4342810 Exception <a 'java/lang/ClassNotFoundException'{0x000000008b2a7058}: org/gradle/api/publish/internal/DefaultPublicationContainer_DecoratedCustomizer> (0x000000008b2a7058) 
thrown [s\src\hotspot\share\classfile\systemDictionary.cpp, line 256]

VM Operations (20 events):
Event: 14.938 Executing VM operation: Cleanup
Event: 14.938 Executing VM operation: Cleanup done
Event: 14.991 Executing VM operation: G1CollectForAllocation
Event: 14.997 Executing VM operation: G1CollectForAllocation done
Event: 15.028 Executing VM operation: G1CollectForAllocation
Event: 15.031 Executing VM operation: G1CollectForAllocation done
Event: 15.342 Executing VM operation: G1CollectForAllocation
Event: 15.345 Executing VM operation: G1CollectForAllocation done
Event: 15.390 Executing VM operation: G1PauseRemark
Event: 15.396 Executing VM operation: G1PauseRemark done
Event: 15.416 Executing VM operation: G1PauseCleanup
Event: 15.416 Executing VM operation: G1PauseCleanup done
Event: 16.046 Executing VM operation: ICBufferFull
Event: 16.046 Executing VM operation: ICBufferFull done
Event: 17.580 Executing VM operation: G1CollectForAllocation
Event: 17.584 Executing VM operation: G1CollectForAllocation done
Event: 17.883 Executing VM operation: HandshakeAllThreads
Event: 17.883 Executing VM operation: HandshakeAllThreads done
Event: 18.152 Executing VM operation: ICBufferFull
Event: 18.152 Executing VM operation: ICBufferFull done

Events (20 events):
Event: 14.708 Thread 0x000001abc52c1530 Thread added: 0x000001abc52c1530
Event: 14.717 loading class java/util/regex/MatcherBeanInfo
Event: 14.717 loading class java/util/regex/MatcherBeanInfo done
Event: 14.717 loading class java/util/regex/MatcherBeanInfo
Event: 14.717 loading class java/util/regex/MatcherBeanInfo done
Event: 14.717 loading class java/util/regex/MatcherCustomizer
Event: 14.717 loading class java/util/regex/MatcherCustomizer done
Event: 14.717 loading class java/util/regex/MatcherCustomizer
Event: 14.717 loading class java/util/regex/MatcherCustomizer done
Event: 14.748 loading class java/util/AbstractList$RandomAccessSubList
Event: 14.748 loading class java/util/AbstractList$SubList
Event: 14.749 loading class java/util/AbstractList$SubList done
Event: 14.749 loading class java/util/AbstractList$RandomAccessSubList done
Event: 14.749 loading class java/util/AbstractList$SubList$1
Event: 14.749 loading class java/util/AbstractList$SubList$1 done
Event: 15.161 loading class sun/reflect/generics/repository/FieldRepository
Event: 15.161 loading class sun/reflect/generics/repository/FieldRepository done
Event: 15.201 loading class java/util/regex/Pattern$Caret
Event: 15.201 loading class java/util/regex/Pattern$Caret done
Event: 16.219 Thread 0x000001abc52c1530 Thread exited: 0x000001abc52c1530


Dynamic libraries:
0x00007ff78fe70000 - 0x00007ff78fe7e000 	C:\Program Files\Microsoft\jdk-17.0.11.9-hotspot\bin\java.exe
0x00007ff833870000 - 0x00007ff833a87000 	C:\windows\SYSTEM32\ntdll.dll
0x00007ff831e30000 - 0x00007ff831ef4000 	C:\windows\System32\KERNEL32.DLL
0x00007ff8310d0000 - 0x00007ff831477000 	C:\windows\System32\KERNELBASE.dll
0x00007ff830fb0000 - 0x00007ff8310c1000 	C:\windows\System32\ucrtbase.dll
0x00007fffe87f0000 - 0x00007fffe880b000 	C:\Program Files\Microsoft\jdk-17.0.11.9-hotspot\bin\VCRUNTIME140.dll
0x00007fffe1d90000 - 0x00007fffe1da7000 	C:\Program Files\Microsoft\jdk-17.0.11.9-hotspot\bin\jli.dll
0x00007ff832f50000 - 0x00007ff8330fe000 	C:\windows\System32\USER32.dll
0x00007ff830ce0000 - 0x00007ff830d06000 	C:\windows\System32\win32u.dll
0x00007ff816620000 - 0x00007ff8168b3000 	C:\windows\WinSxS\amd64_microsoft.windows.common-controls_6595b64144ccf1df_6.0.22621.3527_none_270e469b73872a76\COMCTL32.dll
0x00007ff831e00000 - 0x00007ff831e29000 	C:\windows\System32\GDI32.dll
0x00007ff832c90000 - 0x00007ff832d37000 	C:\windows\System32\msvcrt.dll
0x00007ff831480000 - 0x00007ff831599000 	C:\windows\System32\gdi32full.dll
0x00007ff830b90000 - 0x00007ff830c2a000 	C:\windows\System32\msvcp_win.dll
0x00007ff833760000 - 0x00007ff833791000 	C:\windows\System32\IMM32.DLL
0x00007fffe87e0000 - 0x00007fffe87ec000 	C:\Program Files\Microsoft\jdk-17.0.11.9-hotspot\bin\vcruntime140_1.dll
0x00007fffe1270000 - 0x00007fffe12fd000 	C:\Program Files\Microsoft\jdk-17.0.11.9-hotspot\bin\msvcp140.dll
0x00007fffa92f0000 - 0x00007fffa9f56000 	C:\Program Files\Microsoft\jdk-17.0.11.9-hotspot\bin\server\jvm.dll
0x00007ff8334f0000 - 0x00007ff8335a2000 	C:\windows\System32\ADVAPI32.dll
0x00007ff832450000 - 0x00007ff8324f8000 	C:\windows\System32\sechost.dll
0x00007ff830c30000 - 0x00007ff830c58000 	C:\windows\System32\bcrypt.dll
0x00007ff833100000 - 0x00007ff833215000 	C:\windows\System32\RPCRT4.dll
0x00007ffffbfc0000 - 0x00007ffffbfc9000 	C:\windows\SYSTEM32\WSOCK32.dll
0x00007ff82f9d0000 - 0x00007ff82fa1d000 	C:\windows\SYSTEM32\POWRPROF.dll
0x00007ff828580000 - 0x00007ff8285b4000 	C:\windows\SYSTEM32\WINMM.dll
0x00007ff832500000 - 0x00007ff832571000 	C:\windows\System32\WS2_32.dll
0x00007ff826e00000 - 0x00007ff826e0a000 	C:\windows\SYSTEM32\VERSION.dll
0x00007ff82f9b0000 - 0x00007ff82f9c3000 	C:\windows\SYSTEM32\UMPDC.dll
0x00007ff82fc60000 - 0x00007ff82fc78000 	C:\windows\SYSTEM32\kernel.appcore.dll
0x00007fffe8700000 - 0x00007fffe870a000 	C:\Program Files\Microsoft\jdk-17.0.11.9-hotspot\bin\jimage.dll
0x00007ff825de0000 - 0x00007ff826012000 	C:\windows\SYSTEM32\DBGHELP.DLL
0x00007ff8328e0000 - 0x00007ff832c68000 	C:\windows\System32\combase.dll
0x00007ff832670000 - 0x00007ff832747000 	C:\windows\System32\OLEAUT32.dll
0x00007ff826110000 - 0x00007ff826142000 	C:\windows\SYSTEM32\dbgcore.DLL
0x00007ff830c60000 - 0x00007ff830cd9000 	C:\windows\System32\bcryptPrimitives.dll
0x00007fffe19a0000 - 0x00007fffe19ae000 	C:\Program Files\Microsoft\jdk-17.0.11.9-hotspot\bin\instrument.dll
0x00007fffe1240000 - 0x00007fffe1265000 	C:\Program Files\Microsoft\jdk-17.0.11.9-hotspot\bin\java.dll
0x00007fffe1160000 - 0x00007fffe1237000 	C:\Program Files\Microsoft\jdk-17.0.11.9-hotspot\bin\jsvml.dll
0x00007ff8315a0000 - 0x00007ff831dfc000 	C:\windows\System32\SHELL32.dll
0x00007ff82ea90000 - 0x00007ff82f386000 	C:\windows\SYSTEM32\windows.storage.dll
0x00007ff82e950000 - 0x00007ff82ea8e000 	C:\windows\SYSTEM32\wintypes.dll
0x00007ff8327e0000 - 0x00007ff8328d5000 	C:\windows\System32\SHCORE.dll
0x00007ff832600000 - 0x00007ff83265e000 	C:\windows\System32\shlwapi.dll
0x00007ff830ac0000 - 0x00007ff830ae1000 	C:\windows\SYSTEM32\profapi.dll
0x00007fffe1980000 - 0x00007fffe1998000 	C:\Program Files\Microsoft\jdk-17.0.11.9-hotspot\bin\zip.dll
0x00007fffe1140000 - 0x00007fffe1159000 	C:\Program Files\Microsoft\jdk-17.0.11.9-hotspot\bin\net.dll
0x00007ff82a190000 - 0x00007ff82a2c6000 	C:\windows\SYSTEM32\WINHTTP.dll
0x00007ff8300d0000 - 0x00007ff830139000 	C:\windows\system32\mswsock.dll
0x00007fffe1120000 - 0x00007fffe1136000 	C:\Program Files\Microsoft\jdk-17.0.11.9-hotspot\bin\nio.dll
0x00007fffe1110000 - 0x00007fffe1120000 	C:\Program Files\Microsoft\jdk-17.0.11.9-hotspot\bin\verify.dll
0x00007fffe8810000 - 0x00007fffe8837000 	C:\Users\Sravi\.gradle\native\c067742578af261105cb4f569cf0c3c89f3d7b1fecec35dd04571415982c5e48\windows-amd64\native-platform.dll
0x00007fffda100000 - 0x00007fffda244000 	C:\Users\Sravi\.gradle\native\38dada09dfb8b06ba9b0570ebf7e218e3eb74d4ef43ca46872605cf95ebc2f47\windows-amd64\native-platform-file-events.dll
0x00007fffe1100000 - 0x00007fffe1109000 	C:\Program Files\Microsoft\jdk-17.0.11.9-hotspot\bin\management.dll
0x00007fffe10f0000 - 0x00007fffe10fb000 	C:\Program Files\Microsoft\jdk-17.0.11.9-hotspot\bin\management_ext.dll
0x00007ff833220000 - 0x00007ff833228000 	C:\windows\System32\PSAPI.DLL
0x00007ff8302f0000 - 0x00007ff83030b000 	C:\windows\SYSTEM32\CRYPTSP.dll
0x00007ff82fbc0000 - 0x00007ff82fbf5000 	C:\windows\system32\rsaenh.dll
0x00007ff830190000 - 0x00007ff8301b8000 	C:\windows\SYSTEM32\USERENV.dll
0x00007ff830310000 - 0x00007ff83031c000 	C:\windows\SYSTEM32\CRYPTBASE.dll
0x00007ff82f660000 - 0x00007ff82f68d000 	C:\windows\SYSTEM32\IPHLPAPI.DLL
0x00007ff832750000 - 0x00007ff832759000 	C:\windows\System32\NSI.dll
0x00007ff82aac0000 - 0x00007ff82aad9000 	C:\windows\SYSTEM32\dhcpcsvc6.DLL
0x00007ff8294f0000 - 0x00007ff82950f000 	C:\windows\SYSTEM32\dhcpcsvc.DLL
0x00007ff82f690000 - 0x00007ff82f788000 	C:\windows\SYSTEM32\DNSAPI.dll
0x00007fffe10e0000 - 0x00007fffe10e9000 	C:\Program Files\Microsoft\jdk-17.0.11.9-hotspot\bin\extnet.dll
0x00007fffe10d0000 - 0x00007fffe10de000 	C:\Program Files\Microsoft\jdk-17.0.11.9-hotspot\bin\sunmscapi.dll
0x00007ff830e40000 - 0x00007ff830fa8000 	C:\windows\System32\CRYPT32.dll
0x00007ff830530000 - 0x00007ff83055e000 	C:\windows\SYSTEM32\ncrypt.dll
0x00007ff8304f0000 - 0x00007ff830527000 	C:\windows\SYSTEM32\NTASN1.dll
0x00007fffc0350000 - 0x00007fffc0358000 	C:\windows\system32\wshunix.dll
0x00007fffcf940000 - 0x00007fffcf957000 	C:\windows\system32\napinsp.dll
0x00007fffcd6b0000 - 0x00007fffcd6cb000 	C:\windows\system32\pnrpnsp.dll
0x00007fffca820000 - 0x00007fffca831000 	C:\windows\System32\winrnr.dll
0x00007ff826fd0000 - 0x00007ff826fe5000 	C:\windows\system32\wshbth.dll
0x00007fffca7f0000 - 0x00007fffca817000 	C:\windows\system32\nlansp_c.dll
0x00007ff829510000 - 0x00007ff82951a000 	C:\Windows\System32\rasadhlp.dll
0x00007ff827690000 - 0x00007ff827713000 	C:\windows\System32\fwpuclnt.dll

dbghelp: loaded successfully - version: 4.0.5 - missing functions: none
symbol engine: initialized successfully - sym options: 0x614 - pdb path: .;C:\Program Files\Microsoft\jdk-17.0.11.9-hotspot\bin;C:\windows\SYSTEM32;C:\windows\WinSxS\amd64_microsoft.windows.common-controls_6595b64144ccf1df_6.0.22621.3527_none_270e469b73872a76;C:\Program Files\Microsoft\jdk-17.0.11.9-hotspot\bin\server;C:\Users\Sravi\.gradle\native\c067742578af261105cb4f569cf0c3c89f3d7b1fecec35dd04571415982c5e48\windows-amd64;C:\Users\Sravi\.gradle\native\38dada09dfb8b06ba9b0570ebf7e218e3eb74d4ef43ca46872605cf95ebc2f47\windows-amd64

VM Arguments:
jvm_args: -XX:MaxMetaspaceSize=512m --add-opens=java.base/java.util=ALL-UNNAMED --add-opens=java.base/java.lang=ALL-UNNAMED --add-opens=java.base/java.lang.invoke=ALL-UNNAMED --add-opens=java.prefs/java.util.prefs=ALL-UNNAMED --add-opens=java.base/java.nio.charset=ALL-UNNAMED --add-opens=java.base/java.net=ALL-UNNAMED --add-opens=java.base/java.util.concurrent.atomic=ALL-UNNAMED -Xmx2048m -Dfile.encoding=windows-1252 -Duser.country=IN -Duser.language=en -Duser.variant -javaagent:C:\Users\Sravi\.gradle\wrapper\dists\gradle-8.6-all\3mbtmo166bl6vumsh5k2lkq5h\gradle-8.6\lib\agents\gradle-instrumentation-agent-8.6.jar 
java_command: org.gradle.launcher.daemon.bootstrap.GradleDaemon 8.6
java_class_path (initial): C:\Users\Sravi\.gradle\wrapper\dists\gradle-8.6-all\3mbtmo166bl6vumsh5k2lkq5h\gradle-8.6\lib\gradle-launcher-8.6.jar
Launcher Type: SUN_STANDARD

[Global flags]
     intx CICompilerCount                          = 4                                         {product} {ergonomic}
   size_t CompressedClassSpaceSize                 = 436207616                                 {product} {ergonomic}
     uint ConcGCThreads                            = 3                                         {product} {ergonomic}
     uint G1ConcRefinementThreads                  = 10                                        {product} {ergonomic}
   size_t G1HeapRegionSize                         = 1048576                                   {product} {ergonomic}
    uintx GCDrainStackTargetSize                   = 64                                        {product} {ergonomic}
   size_t InitialHeapSize                          = 123731968                                 {product} {ergonomic}
   size_t MarkStackSize                            = 4194304                                   {product} {ergonomic}
   size_t MaxHeapSize                              = 2147483648                                {product} {command line}
   size_t MaxMetaspaceSize                         = 536870912                                 {product} {command line}
   size_t MaxNewSize                               = 1287651328                                {product} {ergonomic}
   size_t MinHeapDeltaBytes                        = 1048576                                   {product} {ergonomic}
   size_t MinHeapSize                              = 8388608                                   {product} {ergonomic}
    uintx NonNMethodCodeHeapSize                   = 5839372                                {pd product} {ergonomic}
    uintx NonProfiledCodeHeapSize                  = 122909434                              {pd product} {ergonomic}
    uintx ProfiledCodeHeapSize                     = 122909434                              {pd product} {ergonomic}
    uintx ReservedCodeCacheSize                    = 251658240                              {pd product} {ergonomic}
     bool SegmentedCodeCache                       = true                                      {product} {ergonomic}
   size_t SoftMaxHeapSize                          = 2147483648                             {manageable} {ergonomic}
     bool UseCompressedClassPointers               = true                           {product lp64_product} {ergonomic}
     bool UseCompressedOops                        = true                           {product lp64_product} {ergonomic}
     bool UseG1GC                                  = true                                      {product} {ergonomic}
     bool UseLargePagesIndividualAllocation        = false                                  {pd product} {ergonomic}

Logging:
Log output configuration:
 #0: stdout all=warning uptime,level,tags
 #1: stderr all=off uptime,level,tags

Environment Variables:
JAVA_HOME=C:\Program Files\Microsoft\jdk-17.0.11.9-hotspot\
CLASSPATH=D:\RaviFirstApp\orgional\Vikaas\android\\gradle\wrapper\gradle-wrapper.jar
PATH=C:\Program Files\Microsoft\jdk-17.0.11.9-hotspot\bin;C:\Program Files\Common Files\Oracle\Java\javapath;C:\Program Files\Git\bin;C:\Program Files (x86)\VMware\VMware Player\bin\;C:\windows\system32;C:\windows;C:\windows\System32\Wbem;C:\windows\System32\WindowsPowerShell\v1.0\;C:\windows\System32\OpenSSH\;C:\Program Files (x86)\NVIDIA Corporation\PhysX\Common;C:\Program Files\NVIDIA Corporation\NVIDIA NvDLISR;C:\Program Files\MongoDB\Server\5.0\bin;C:\Program Files\MySQL\MySQL Server 8.0\bin;C:\Program Files\Java\bin;C:\Program Files\HP\HP One Agent;C:\Android;C:\Windows\System32;C:\ProgramData\chocolatey\bin;C:\Program Files\Microsoft\jdk-17.0.11.9-hotspot\\bin;D:\vikaas\aadhar\apache-maven-3.9.6\bin;C:\Program Files\nodejs\;C:\Users\Sravi\AppData\Local\Android\Sdk\platform-tools;C:\Program Files\Java\jdk-22\bin;C:\Users\dart-sdk\bin;C:\Users\Sravi\AppData\Local\Microsoft\WindowsApps;C:\Software\vs code\Microsoft VS Code\bin;C:\Users\Sravi\.fly\bin;C:\Program Files\nodejs\node_modules\npm\bin;C:\Users\Sravi\AppData\Local\Pub\Cache\bin;C:\Users\gradle-8.7\bin;C:\Users\flutter\bin;C:\Users\Sravi\AppData\Roaming\npm
USERNAME=Sravi
LANG=en_US.UTF-8
OS=Windows_NT
PROCESSOR_IDENTIFIER=AMD64 Family 25 Model 80 Stepping 0, AuthenticAMD
TMP=C:\Users\Sravi\AppData\Local\Temp
TEMP=C:\Users\Sravi\AppData\Local\Temp



Periodic native trim disabled


---------------  S Y S T E M  ---------------

OS:
 Windows 11 , 64 bit Build 22621 (10.0.22621.3527)
OS uptime: 0 days 1:43 hours
Hyper-V role detected

CPU: total 12 (initial active 12) (12 cores per cpu, 2 threads per core) family 25 model 80 stepping 0 microcode 0x0, cx8, cmov, fxsr, ht, mmx, 3dnowpref, sse, sse2, sse3, ssse3, sse4a, sse4.1, sse4.2, popcnt, lzcnt, tsc, tscinvbit, avx, avx2, aes, erms, clmul, bmi1, bmi2, adx, sha, fma, vzeroupper, clflush, clflushopt, hv
Processor Information for processor 0
  Max Mhz: 3301, Current Mhz: 3301, Mhz Limit: 3301
Processor Information for processor 1
  Max Mhz: 3301, Current Mhz: 3301, Mhz Limit: 3301
Processor Information for processor 2
  Max Mhz: 3301, Current Mhz: 3301, Mhz Limit: 3301
Processor Information for processor 3
  Max Mhz: 3301, Current Mhz: 3301, Mhz Limit: 3301
Processor Information for processor 4
  Max Mhz: 3301, Current Mhz: 3301, Mhz Limit: 3301
Processor Information for processor 5
  Max Mhz: 3301, Current Mhz: 3301, Mhz Limit: 3301
Processor Information for processor 6
  Max Mhz: 3301, Current Mhz: 2011, Mhz Limit: 3301
Processor Information for processor 7
  Max Mhz: 3301, Current Mhz: 3301, Mhz Limit: 3301
Processor Information for processor 8
  Max Mhz: 3301, Current Mhz: 2011, Mhz Limit: 3301
Processor Information for processor 9
  Max Mhz: 3301, Current Mhz: 2011, Mhz Limit: 3301
Processor Information for processor 10
  Max Mhz: 3301, Current Mhz: 2011, Mhz Limit: 3301
Processor Information for processor 11
  Max Mhz: 3301, Current Mhz: 2011, Mhz Limit: 3301

Memory: 4k page, system-wide physical 7519M (280M free)
TotalPageFile size 12947M (AvailPageFile size 5M)
current process WorkingSet (physical memory assigned to process): 489M, peak: 490M
current process commit charge ("private bytes"): 538M, peak: 539M

vm_info: OpenJDK 64-Bit Server VM (17.0.11+9-LTS) for windows-amd64 JRE (17.0.11+9-LTS), built on Apr  9 2024 22:05:54 by "MicrosoftCorporation" with MS VC++ 16.10 / 16.11 (VS2019)

END.
